
 *------------------------------------------------------------------------------------* 
 |                                                                                    | 
 |  *------------------------------------------------------------------------------*  | 
 |  |                                                                              |  | 
 |  |                                                                              |  | 
 |  |   PPP   Y   Y  TTTTT  H   H  III    A      Welcome to the Lund Monte Carlo!  |  | 
 |  |   P  P   Y Y     T    H   H   I    A A     This is PYTHIA version 8.243      |  | 
 |  |   PPP     Y      T    HHHHH   I   AAAAA    Last date of change:  4 Jul 2019  |  | 
 |  |   P       Y      T    H   H   I   A   A                                      |  | 
 |  |   P       Y      T    H   H  III  A   A    Now is 14 Nov 2019 at 15:58:55    |  | 
 |  |                                                                              |  | 
 |  |   Christian Bierlich;  Department of Astronomy and Theoretical Physics,      |  | 
 |  |      Lund University, Solvegatan 14A, SE-223 62 Lund, Sweden;                |  | 
 |  |      e-mail: christian.bierlich@thep.lu.se                                   |  | 
 |  |   Nishita Desai;  Department of Theoretical Physics, Tata Institute,         |  | 
 |  |      Homi Bhabha Road, Mumbai 400005, India;                                 |  | 
 |  |      e-mail: desai@theory.tifr.res.in                                        |  | 
 |  |   Ilkka Helenius;  Department of Physics, University of Jyvaskyla,           |  | 
 |  |      P.O. Box 35, FI-40014 University of Jyvaskyla, Finland;                 |  | 
 |  |      e-mail: ilkka.m.helenius@jyu.fi                                         |  | 
 |  |   Philip Ilten;  School of Physics and Astronomy,                            |  | 
 |  |      University of Birmingham, Birmingham, B152 2TT, UK;                     |  | 
 |  |      e-mail: philten@cern.ch                                                 |  | 
 |  |   Leif Lonnblad;  Department of Astronomy and Theoretical Physics,           |  | 
 |  |      Lund University, Solvegatan 14A, SE-223 62 Lund, Sweden;                |  | 
 |  |      e-mail: leif.lonnblad@thep.lu.se                                        |  | 
 |  |   Stephen Mrenna;  Computing Division, Simulations Group,                    |  | 
 |  |      Fermi National Accelerator Laboratory, MS 234, Batavia, IL 60510, USA;  |  | 
 |  |      e-mail: mrenna@fnal.gov                                                 |  | 
 |  |   Stefan Prestel;  Department of Astronomy and Theoretical Physics,          |  | 
 |  |      Lund University, Solvegatan 14A, SE-223 62 Lund, Sweden;                |  | 
 |  |      e-mail: stefan.prestel@thep.lu.se                                       |  | 
 |  |   Christine O. Rasmussen;  Department of Astronomy and Theoretical Physics,  |  | 
 |  |      Lund University, Solvegatan 14A, SE-223 62 Lund, Sweden;                |  | 
 |  |      e-mail: christine.rasmussen@thep.lu.se                                  |  | 
 |  |   Torbjorn Sjostrand;  Department of Astronomy and Theoretical Physics,      |  | 
 |  |      Lund University, Solvegatan 14A, SE-223 62 Lund, Sweden;                |  | 
 |  |      e-mail: torbjorn@thep.lu.se                                             |  | 
 |  |   Peter Skands;  School of Physics,                                          |  | 
 |  |      Monash University, PO Box 27, 3800 Melbourne, Australia;                |  | 
 |  |      e-mail: peter.skands@monash.edu                                         |  | 
 |  |                                                                              |  | 
 |  |   The main program reference is 'An Introduction to PYTHIA 8.2',             |  | 
 |  |   T. Sjostrand et al, Comput. Phys. Commun. 191 (2015) 159                   |  | 
 |  |   [arXiv:1410.3012 [hep-ph]]                                                 |  | 
 |  |                                                                              |  | 
 |  |   The main physics reference is the 'PYTHIA 6.4 Physics and Manual',         |  | 
 |  |   T. Sjostrand, S. Mrenna and P. Skands, JHEP05 (2006) 026 [hep-ph/0603175]  |  | 
 |  |                                                                              |  | 
 |  |   An archive of program versions and documentation is found on the web:      |  | 
 |  |   http://www.thep.lu.se/Pythia                                               |  | 
 |  |                                                                              |  | 
 |  |   This program is released under the GNU General Public Licence version 2.   |  | 
 |  |   Please respect the MCnet Guidelines for Event Generator Authors and Users. |  | 
 |  |                                                                              |  | 
 |  |   Disclaimer: this program comes without any guarantees.                     |  | 
 |  |   Beware of errors and use common sense when interpreting results.           |  | 
 |  |                                                                              |  | 
 |  |   Copyright (C) 2019 Torbjorn Sjostrand                                      |  | 
 |  |                                                                              |  | 
 |  |                                                                              |  | 
 |  *------------------------------------------------------------------------------*  | 
 |                                                                                    | 
 *------------------------------------------------------------------------------------* 


 *-------  PYTHIA Process Initialization  --------------------------*
 |                                                                  |
 | We collide p+ with p+ at a CM energy of 1.400e+04 GeV            |
 |                                                                  |
 |------------------------------------------------------------------|
 |                                                    |             |
 | Subprocess                                    Code |   Estimated |
 |                                                    |    max (mb) |
 |                                                    |             |
 |------------------------------------------------------------------|
 |                                                    |             |
 | non-diffractive                                101 |   5.717e+01 |
 |                                                                  |
 *-------  End PYTHIA Process Initialization -----------------------*

 *-------  PYTHIA Multiparton Interactions Initialization  ---------* 
 |                                                                  | 
 |                   sigmaNonDiffractive =    57.17 mb              | 
 |                                                                  | 
 |    pT0 =  2.65 gives sigmaInteraction =   329.44 mb: accepted    | 
 |                                                                  | 
 *-------  End PYTHIA Multiparton Interactions Initialization  -----* 

 *-------  PYTHIA Flag + Mode + Parm + Word + FVec + MVec + PVec + WVec Settings (changes only)  ------------------* 
 |                                                                                                                 | 
 | Name                                          |                      Now |      Default         Min         Max | 
 |                                               |                          |                                      | 
 | ParticleDecays:limitTau0                      |                       on |          off                         | 
 | Random:seed                                   |                        0 |           -1               900000000 | 
 | Random:setSeed                                |                       on |          off                         | 
 | SoftQCD:nonDiffractive                        |                       on |          off                         | 
 |                                                                                                                 | 
 *-------  End PYTHIA Flag + Mode + Parm + Word + FVec + MVec + PVec + WVec Settings  -----------------------------* 

 --------  PYTHIA Particle Data Table (changed only)  ------------------------------------------------------------------------------
 
      id   name            antiName         spn chg col      m0        mWidth      mMin       mMax       tau0    res dec ext vis wid
             no onMode   bRatio   meMode     products 

     333  phi                                 3   0   0    1.01946    0.00426    0.99000    1.09000  0.00000e+00   0   1   0   1   0
              0     1   0.4893042    2      321     -321 
              1     1   0.3422127    2      130      310 
              2     1   0.0420984    0     -213      211 
              3     1   0.0420984    0      113      111 
              4     1   0.0420984    0      213     -211 
              5     1   0.0270000    1      211     -211      111 
              6     1   0.0130981    0      221       22 
              7     1   0.0012708    0      111       22 
              8     1   0.0002956    0       11      -11 
              9     1   0.0002872    0       13      -13 
             10     1   0.0001151   11      221       11      -11 
             11     1   0.0000740    2      211     -211 
             12     1   0.0000470    0      223      111 

 --------  End PYTHIA Particle Data Table  -----------------------------------------------------------------------------------------


 --------  PYTHIA Info Listing  ---------------------------------------- 
 
 Beam A: id =   2212, pz =  7.000e+03, e =  7.000e+03, m =  9.383e-01.
 Beam B: id =   2212, pz = -7.000e+03, e =  7.000e+03, m =  9.383e-01.

 In 1: id =   21, x =  2.241e-05, pdf =  4.396e+01 at Q2 =  1.259e+01.
 In 2: id =   21, x =  4.071e-02, pdf =  2.444e+00 at same Q2.

 Process non-diffractive with code 101 is 2 -> 2.
 Subprocess g g -> g g with code 111 is 2 -> 2.
 It has sHat =  1.788e+02,    tHat = -1.652e+02,    uHat = -1.363e+01,
       pTHat =  3.548e+00,   m3Hat =  0.000e+00,   m4Hat =  0.000e+00,
    thetaHat =  2.582e+00,  phiHat =  4.719e-01.
     alphaEM =  7.560e-03,  alphaS =  2.505e-01    at Q2 =  1.959e+01.

 Impact parameter b =  1.126e+00 gives enhancement factor =  3.807e-01.
 Max pT scale for MPI =  3.548e+00, ISR =  3.548e+00, FSR =  3.548e+00.
 Number of MPI =     2, ISR =     6, FSRproc =    19, FSRreson =     0.

 --------  End PYTHIA Info Listing  ------------------------------------

 --------  PYTHIA Event Listing  (hard process)  -----------------------------------------------------------------------------------
 
    no         id  name            status     mothers   daughters     colours      p_x        p_y        p_z         e          m 
     0         90  (system)           -11     0     0     0     0     0     0      0.000      0.000      0.000  14000.000  14000.000
     1       2212  (p+)               -12     0     0     3     0     0     0      0.000      0.000   7000.000   7000.000      0.938
     2       2212  (p+)               -12     0     0     4     0     0     0      0.000      0.000  -7000.000   7000.000      0.938
     3         21  (g)                -21     1     0     5     6   102   101      0.000      0.000      0.157      0.157      0.000
     4         21  (g)                -21     2     0     5     6   104   103      0.000      0.000   -284.976    284.976      0.000
     5         21  g                   23     3     4     0     0   104   101      1.613      3.160   -263.245    263.269      0.000
     6         21  g                   23     3     4     0     0   102   103     -1.613     -3.160    -21.575     21.864      0.000
                                   Charge sum:  0.000           Momentum sum:      0.000      0.000   -284.819    285.133     13.373

 --------  End PYTHIA Event Listing  -----------------------------------------------------------------------------------------------

 --------  PYTHIA Event Listing  (complete event)  ---------------------------------------------------------------------------------
 
    no         id  name            status     mothers   daughters     colours      p_x        p_y        p_z         e          m 
     0         90  (system)           -11     0     0     0     0     0     0      0.000      0.000      0.000  14000.000  14000.000
     1       2212  (p+)               -12     0     0   113     0     0     0      0.000      0.000   7000.000   7000.000      0.938
     2       2212  (p+)               -12     0     0   114     0     0     0      0.000      0.000  -7000.000   7000.000      0.938
     3         21  (g)                -21    22    22     5     6   102   101      0.000      0.000      0.157      0.157      0.000
     4         21  (g)                -21    23     0     5     6   104   103      0.000      0.000   -284.976    284.976      0.000
     5         21  (g)                -23     3     4    24    24   104   101      1.613      3.160   -263.245    263.269      0.000
     6         21  (g)                -23     3     4    25    25   102   103     -1.613     -3.160    -21.575     21.864      0.000
     7         21  (g)                -31    11     0     9    10   105   106      0.000      0.000     31.511     31.511      0.000
     8         21  (g)                -31    12    12     9    10   106   107      0.000      0.000    -47.858     47.858      0.000
     9         21  (g)                -33     7     8    13    13   105   108      1.773      2.887     31.360     31.542      0.000
    10         21  (g)                -33     7     8    14    14   108   107     -1.773     -2.887    -47.706     47.827      0.000
    11          2  (u)                -41    16    16    15     7   105     0      0.000      0.000    998.314    998.314      0.000
    12         21  (g)                -42    17     0     8     8   106   107     -0.000     -0.000    -47.858     47.858      0.000
    13         21  (g)                -44     9     9    18    18   105   108      2.577      5.986     31.169     31.843      0.000
    14         21  (g)                -44    10    10    19    19   108   107     -1.772     -2.881    -47.458     47.578      0.000
    15          2  (u)                -43    11     0    20    20   106     0     -0.806     -3.105    966.744    966.750      0.330
    16          2  (u)                -42    76    76    11    11   105     0      0.000      0.000    998.314    998.314      0.000
    17         21  (g)                -41    94    94    21    12   106   109     -0.000     -0.000    -54.602     54.602      0.000
    18         21  (g)                -44    13    13    74    75   105   108      2.589      6.002     31.343     32.017      0.000
    19         21  (g)                -44    14    14    41    41   108   107     -0.104     -0.681    -47.531     47.536      0.000
    20          2  (u)                -44    15    15   138   138   106     0     -0.805     -3.105    966.341    966.347      0.330
    21         21  (g)                -43    17     0    39    40   107   109     -1.680     -2.216     -6.441      7.015      0.000
    22         21  (g)                -42    27     0     3     3   102   101     -0.000      0.000      0.157      0.157      0.000
    23         21  (g)                -41    28    28    26     4   110   103      0.000     -0.000  -2284.796   2284.796      0.000
    24         21  (g)                -44     5     5    29    29   104   101      3.960      2.569   -274.854    274.895      0.000
    25         21  (g)                -44     6     6    30    30   102   103     -1.419     -3.209    -22.542     22.814      0.000
    26         21  (g)                -43    23     0    31    31   110   104     -2.540      0.641  -1987.243   1987.244      0.000
    27         21  (g)                -41    38    38    32    22   111   101      0.000      0.000      0.534      0.534      0.000
    28         21  (g)                -42    44    44    23    23   110   103      0.000      0.000  -2284.796   2284.796      0.000
    29         21  (g)                -44    24    24    35    35   104   101      4.274      2.459   -298.022    298.063      0.000
    30         21  (g)                -44    25    25    51    51   102   103      0.686     -3.943    -29.166     29.439      0.000
    31         21  (g)                -44    26    26    33    34   110   104     -2.527      0.636  -1953.041   1953.043      0.000
    32         21  (g)                -43    27     0    53    53   111   102     -2.433      0.848     -4.033      4.785      0.000
    33         21  (g)                -51    31     0    42    43   110   112     -2.792     -0.174   -647.038    647.044      0.000
    34         21  (g)                -51    31     0    54    54   112   104      0.789      1.111  -1342.540   1342.541      0.000
    35         21  (g)                -52    29    29    36    37   104   101      3.750      2.158   -261.485    261.521      0.000
    36         21  (g)                -51    35     0    45    46   104   113      0.977      2.243   -175.259    175.276      0.000
    37         21  (g)                -51    35     0    47    47   113   101      2.773     -0.086    -86.213     86.258      0.000
    38         21  (g)                -53    48     0    27    27   111   101      0.000     -0.000      0.547      0.547      0.000
    39         21  (g)                -51    21     0    92    93   114   109     -2.193     -2.575     -9.912     10.473      0.000
    40         21  (g)                -51    21     0   110   111   107   114      0.486      0.177     -9.268      9.282      0.000
    41         21  (g)                -52    19    19    86    87   108   107     -0.076     -0.499    -34.792     34.796      0.000
    42         21  (g)                -51    33     0    52    52   115   112     -0.321      0.987   -748.530    748.531      0.000
    43         21  (g)                -51    33     0    56    56   110   115     -2.472     -1.161   -699.742    699.748      0.000
    44         21  (g)                -53    49    49    28    28   110   103      0.000      0.000  -3086.030   3086.030      0.000
    45         21  (g)                -51    36     0    50    50   104   116      0.058      1.167    -33.442     33.462      0.000
    46         21  (g)                -51    36     0    57    57   116   113      2.059      1.041   -177.246    177.261      0.000
    47         21  (g)                -52    37    37    55    55   113   101      1.633     -0.050    -50.785     50.811      0.000
    48         21  (g)                -41    59     0    58    38   117   101      0.000      0.000      4.518      4.518      0.000
    49         21  (g)                -42    60    60    44    44   110   103     -0.000      0.000  -3086.030   3086.030      0.000
    50         21  (g)                -44    45    45    61    61   104   116      0.077      1.159    -33.055     33.075      0.000
    51         21  (g)                -44    30    30    62    62   102   103      0.940     -4.047    -31.439     31.713      0.000
    52         21  (g)                -44    42    42    63    63   115   112     -0.320      0.987   -747.703    747.704      0.000
    53         21  (g)                -44    32    32    64    64   111   102     -1.732      0.561     -1.825      2.578      0.000
    54         21  (g)                -44    34    34    65    65   112   104      0.790      1.111  -1342.577   1342.578      0.000
    55         21  (g)                -44    47    47    66    66   113   101      1.658     -0.060    -52.327     52.354      0.000
    56         21  (g)                -44    43    43    67    67   110   115     -2.467     -1.163   -697.744    697.749      0.000
    57         21  (g)                -44    46    46    68    68   116   113      2.073      1.035   -178.736    178.751      0.000
    58         21  (g)                -43    48     0    69    69   117   111     -1.019      0.417      3.894      4.047      0.000
    59         21  (g)                -41   113   113    70    48   117   118      0.000     -0.000     58.455     58.455      0.000
    60         21  (g)                -42   114   114    49    49   110   103      0.000     -0.000  -3086.030   3086.030      0.000
    61         21  (g)                -44    50    50    71    72   104   116      0.075      1.159    -33.061     33.081      0.000
    62         21  (g)                -44    51    51   104   105   102   103      0.908     -4.043    -31.277     31.550      0.000
    63         21  (g)                -44    52    52    82    82   115   112     -0.320      0.987   -747.737    747.738      0.000
    64         21  (g)                -44    53    53    83    84   111   102     -1.820      0.571     -2.040      2.792      0.000
    65         21  (g)                -44    54    54    73    73   112   104      0.790      1.111  -1342.471   1342.471      0.000
    66         21  (g)                -44    55    55    77    78   113   101      1.655     -0.060    -52.132     52.159      0.000
    67         21  (g)                -44    56    56    80    81   110   115     -2.467     -1.163   -698.001    698.006      0.000
    68         21  (g)                -44    57    57   122   122   116   113      2.071      1.036   -178.505    178.520      0.000
    69         21  (g)                -44    58    58    85    85   117   111     -1.945      0.524      3.715      4.226      0.000
    70         21  (g)                -43    59     0    79    79   101   118      1.053     -0.121     53.932     53.942      0.000
    71         21  (g)                -51    61     0   115   115   119   116      0.812      1.491   -108.343    108.357      0.000
    72         21  (g)                -51    61     0   107   108   104   119     -0.672     -0.240    -35.576     35.583      0.000
    73         21  (g)                -52    65    65   109   109   112   104      0.724      1.019  -1231.612   1231.613      0.000
    74         21  (g)                -51    18     0    88    88   120   108      2.536      4.869     31.543     32.017      0.000
    75         21  (g)                -51    18     0   141   141   105   120      0.053      1.133      3.112      3.312      0.000
    76          2  (u)                -53   134   134    16    16   105     0      0.000      0.000   1001.626   1001.626      0.000
    77         21  (g)                -51    66     0   120   120   113   121      1.297     -0.953    -50.109     50.134      0.000
    78         21  (g)                -51    66     0    91    91   121   101      0.360      0.893     -1.909      2.138      0.000
    79         21  (g)                -52    70    70    89    90   101   118      1.051     -0.121     53.817     53.828      0.000
    80         21  (g)                -51    67     0   121   121   110   122     -2.383     -0.516   -830.550    830.554      0.000
    81         21  (g)                -51    67     0   127   127   122   115     -0.163     -0.407    -49.756     49.758      0.000
    82         21  (g)                -52    63    63   117   117   115   112     -0.242      0.746   -565.432    565.432      0.000
    83         21  (g)                -51    64     0   106   106   123   102     -0.578      0.791     -0.134      0.989      0.000
    84         21  (g)                -51    64     0    97    97   111   123     -1.396     -0.179     -1.611      2.139      0.000
    85         21  (g)                -52    69    69    95    96   117   111     -1.790      0.482      3.420      3.891      0.000
    86         21  (g)                -51    41     0   137   137   124   107     -0.518     -0.863    -32.084     32.099      0.000
    87         21  (g)                -51    41     0   103   103   108   124      0.444      0.370     -2.672      2.733      0.000
    88         21  (g)                -52    74    74   101   102   120   108      2.533      4.864     31.507     31.980      0.000
    89         21  (g)                -51    79     0   100   100   125   118      0.903      0.012     53.666     53.673      0.000
    90         21  (g)                -51    79     0    98    99   101   125      0.158     -0.108      0.098      0.215      0.000
    91         21  (g)                -52    78    78   126   126   121   101      0.350      0.868     -1.855      2.078      0.000
    92         21  (g)                -51    39     0   112   112   114   126     -2.136     -2.617     -9.897     10.457      0.000
    93         21  (g)                -51    39     0   143   143   126   109     -0.057      0.042     -4.355      4.356      0.000
    94         21  (g)                -53   135   135    17    17   106   109     -0.000     -0.000    -58.941     58.941      0.000
    95         21  (g)                -51    85     0   123   123   117   127     -1.358      0.844      2.893      3.305      0.000
    96         21  (g)                -51    85     0   130   130   127   111     -0.556     -0.378      0.386      0.775      0.000
    97         21  (g)                -52    84    84   128   128   111   123     -1.273     -0.163     -1.468      1.950      0.000
    98          2  (u)                -51    90     0   129   129   101     0     -0.297     -0.088      1.337      1.412      0.330
    99         -2  (ubar)             -51    90     0   131   131     0   125      0.557     -0.018      4.803      4.846      0.330
   100         21  (g)                -52    89    89   124   124   125   118      0.802      0.011     47.624     47.631      0.000
   101         21  (g)                -51    88     0   136   136   120   128      2.500      4.518     31.195     31.619      0.000
   102         21  (g)                -51    88     0   144   144   128   108      0.045      0.355      0.242      0.432      0.000
   103         21  (g)                -52    87    87   142   142   108   124      0.433      0.361     -2.602      2.662      0.000
   104         21  (g)                -51    62     0   116   116   129   103      0.996     -4.180    -29.893     30.200      0.000
   105         21  (g)                -51    62     0   132   132   102   129     -0.123      0.184     -1.392      1.410      0.000
   106         21  (g)                -52    83    83   118   118   123   102     -0.543      0.744     -0.126      0.929      0.000
   107         -3  (sbar)             -51    72     0   125   125     0   119     -0.284     -0.215   -111.581    111.583      0.500
   108          3  (s)                -51    72     0   133   133   104     0     -0.324      0.064    -32.490     32.495      0.500
   109         21  (g)                -52    73    73   119   119   112   104      0.661      0.929  -1123.118   1123.118      0.000
   110         21  (g)                -51    40     0   140   140   107   131     -0.323     -0.376     -5.060      5.084      0.000
   111         21  (g)                -51    40     0   145   145   131   114      0.604      0.302     -5.158      5.202      0.000
   112         21  (g)                -52    92    92   139   139   114   126     -1.931     -2.366     -8.947      9.454      0.000
   113         21  (g)                -61     1     0    59    59   117   105     -2.052      1.441     58.428     58.482      0.000
   114         21  (g)                -61     2     0    60    60   110   103      0.994     -1.232  -3086.006   3086.006      0.000
   115         21  (g)                -62    71    71   169   169   119   116      0.847      1.448   -108.347    108.360      0.000
   116         21  (g)                -62   104   104   217   217   129   103      1.000     -4.188    -29.822     30.132      0.000
   117         21  (g)                -62    82    82   152   152   115   112     -0.060      0.521   -565.441    565.441      0.000
   118         21  (g)                -62   106   106   219   219   123   102     -0.557      0.753     -0.145      0.948      0.000
   119         21  (g)                -62   109   109   151   151   112   104      1.022      0.481  -1123.109   1123.109      0.000
   120         21  (g)                -62    77    77   167   167   113   121      1.313     -0.973    -50.073     50.100      0.000
   121         21  (g)                -62    80    80   154   154   110   122     -2.115     -0.847   -830.579    830.582      0.000
   122         21  (g)                -62    68    68   168   168   116   113      2.128      0.965   -178.480    178.495      0.000
   123         21  (g)                -62    95    95   222   222   117   127     -1.466      0.920      2.856      3.340      0.000
   124         21  (g)                -62   100   100   193   193   125   105     -0.870      1.185     47.616     47.639      0.000
   125         -3  (sbar)             -62   107   107   170   170     0   119     -0.248     -0.259   -111.582    111.584      0.500
   126         21  (g)                -62    91    91   166   166   121   101      0.346      0.870     -1.860      2.082      0.000
   127         21  (g)                -62    81    81   153   153   122   115     -0.147     -0.426    -49.753     49.755      0.000
   128         21  (g)                -62    97    97   220   220   111   123     -1.281     -0.158     -1.489      1.970      0.000
   129          2  (u)                -62    98    98   165   165   101     0     -0.345     -0.055      1.332      1.416      0.330
   130         21  (g)                -62    96    96   221   221   127   111     -0.576     -0.363      0.380      0.780      0.000
   131         -2  (ubar)             -62    99    99   194   194     0   125      0.387      0.101      4.811      4.838      0.330
   132         21  (g)                -62   105   105   218   218   102   129     -0.123      0.184     -1.397      1.414      0.000
   133          3  (s)                -62   108   108   150   150   104     0     -0.314      0.051    -32.496     32.501      0.500
   134          2  (u)                -61     1     0    76    76   105     0      0.604     -0.645   1001.624   1001.625      0.000
   135         21  (g)                -61     2     0    94    94   103   109     -0.623      0.167    -58.940     58.943      0.000
   136         21  (g)                -62   101   101   191   191   120   128      2.516      4.499     31.189     31.612      0.000
   137         21  (g)                -62    86    86   188   188   124   107     -0.857     -0.772    -32.081     32.102      0.000
   138          2  (u)                -62    20    20   216   216   103     0     -0.223     -3.728    966.339    966.346      0.330
   139         21  (g)                -62   112   112   185   185   114   126     -2.028     -2.340     -8.940      9.462      0.000
   140         21  (g)                -62   110   110   187   187   107   131     -0.377     -0.361     -5.058      5.085      0.000
   141         21  (g)                -62    75    75   192   192   105   120      0.054      1.131      3.113      3.313      0.000
   142         21  (g)                -62   103   103   189   189   108   124      0.405      0.368     -2.604      2.661      0.000
   143         21  (g)                -62    93    93   149     0   126   109     -0.103      0.054     -4.355      4.356      0.000
   144         21  (g)                -62   102   102   190   190   128   108      0.044      0.355      0.243      0.432      0.000
   145         21  (g)                -62   111   111   186   186   131   114      0.549      0.317     -5.160      5.199      0.000
   146       2101  (ud_0)             -63     1     0   223   223     0   117      1.448     -0.796   5939.916   5939.916      0.579
   147          2  (u)                -63     2     0   149     0   109     0     -0.394      0.631    -54.861     54.867      0.330
   148       2103  (ud_1)             -63     2     0   155   155     0   110      0.024      0.433  -3800.162   3800.162      0.771
   149          2  (u)                -73   147   143   184   184   126     0     -0.497      0.686    -59.216     59.223      0.427
   150          3  (s)                -71   133   133   156   164   104     0     -0.314      0.051    -32.496     32.501      0.500
   151         21  (g)                -71   119   119   156   164   112   104      1.022      0.481  -1123.109   1123.109      0.000
   152         21  (g)                -71   117   117   156   164   115   112     -0.060      0.521   -565.441    565.441      0.000
   153         21  (g)                -71   127   127   156   164   122   115     -0.147     -0.426    -49.753     49.755      0.000
   154         21  (g)                -71   121   121   156   164   110   122     -2.115     -0.847   -830.579    830.582      0.000
   155       2103  (ud_1)             -71   148   148   156   164     0   110      0.024      0.433  -3800.162   3800.162      0.771
   156       -313  (K*bar0)           -83   150   155   263   264     0     0     -0.082      0.085   -190.644    190.646      0.928
   157        221  (eta)              -83   150   155   312   313     0     0     -0.298     -0.234   -147.668    147.669      0.548
   158       -213  (rho-)             -83   150   155   265   266     0     0      0.824      0.713   -489.858    489.860      0.756
   159        211  pi+                 83   150   155     0     0     0     0      0.575      0.427   -451.890    451.890      0.140
   160        221  (eta)              -84   150   155   314   316     0     0     -1.564     -0.771   -627.138    627.141      0.548
   161       -213  (rho-)             -84   150   155   267   268     0     0     -0.148      0.026   -434.424    434.425      1.114
   162        331  (eta')             -84   150   155   317   318     0     0     -0.585     -0.419  -1805.139   1805.140      0.958
   163       2224  (Delta++)          -84   150   155   269   270     0     0     -0.689      0.203  -1510.172   1510.172      1.209
   164       -211  pi-                 84   150   155     0     0     0     0      0.378      0.182   -744.607    744.607      0.140
   165          2  (u)                -71   129   129   171   183   101     0     -0.345     -0.055      1.332      1.416      0.330
   166         21  (g)                -71   126   126   171   183   121   101      0.346      0.870     -1.860      2.082      0.000
   167         21  (g)                -71   120   120   171   183   113   121      1.313     -0.973    -50.073     50.100      0.000
   168         21  (g)                -71   122   122   171   183   116   113      2.128      0.965   -178.480    178.495      0.000
   169         21  (g)                -71   115   115   171   183   119   116      0.847      1.448   -108.347    108.360      0.000
   170         -3  (sbar)             -71   125   125   171   183     0   119     -0.248     -0.259   -111.582    111.584      0.500
   171        213  (rho+)             -83   165   170   271   272     0     0     -0.043      0.050      0.597      0.954      0.741
   172       -213  (rho-)             -83   165   170   273   274     0     0      0.389      0.277     -0.312      0.963      0.776
   173        211  pi+                 83   165   170     0     0     0     0     -0.407      0.040     -1.541      1.600      0.140
   174       -213  (rho-)             -83   165   170   275   276     0     0     -0.181     -0.099     -2.073      2.235      0.809
   175        211  pi+                 83   165   170     0     0     0     0      0.278     -0.396     -0.223      0.551      0.140
   176        221  (eta)              -83   165   170   319   320     0     0     -0.283      0.494     -2.178      2.317      0.548
   177        221  (eta)              -83   165   170   321   322     0     0      0.284      0.392     -3.779      3.849      0.548
   178        223  (omega)            -84   165   170   323   325     0     0      0.476     -0.087    -32.049     32.062      0.790
   179        221  (eta)              -84   165   170   326   327     0     0      0.870     -0.343    -50.706     50.717      0.548
   180       -211  pi-                 84   165   170     0     0     0     0      0.448      0.972    -60.969     60.979      0.140
   181        213  (rho+)             -84   165   170   277   278     0     0      1.068     -0.109    -78.904     78.917      0.945
   182        111  (pi0)              -84   165   170   328   329     0     0      1.020      0.318    -35.902     35.918      0.135
   183        313  (K*0)              -84   165   170   279   280     0     0      0.122      0.487   -180.972    180.974      0.873
   184          2  (u)                -71   149   149   195   215   126     0     -0.497      0.686    -59.216     59.223      0.427
   185         21  (g)                -71   139   139   195   215   114   126     -2.028     -2.340     -8.940      9.462      0.000
   186         21  (g)                -71   145   145   195   215   131   114      0.549      0.317     -5.160      5.199      0.000
   187         21  (g)                -71   140   140   195   215   107   131     -0.377     -0.361     -5.058      5.085      0.000
   188         21  (g)                -71   137   137   195   215   124   107     -0.857     -0.772    -32.081     32.102      0.000
   189         21  (g)                -71   142   142   195   215   108   124      0.405      0.368     -2.604      2.661      0.000
   190         21  (g)                -71   144   144   195   215   128   108      0.044      0.355      0.243      0.432      0.000
   191         21  (g)                -71   136   136   195   215   120   128      2.516      4.499     31.189     31.612      0.000
   192         21  (g)                -71   141   141   195   215   105   120      0.054      1.131      3.113      3.313      0.000
   193         21  (g)                -71   124   124   195   215   125   105     -0.870      1.185     47.616     47.639      0.000
   194         -2  (ubar)             -71   131   131   195   215     0   125      0.387      0.101      4.811      4.838      0.330
   195        221  (eta)              -83   184   194   330   332     0     0     -0.711      0.079    -15.021     15.048      0.548
   196       2212  p+                  83   184   194     0     0     0     0      0.296      0.059    -10.215     10.262      0.938
   197      -2112  nbar0               83   184   194     0     0     0     0     -0.228     -0.171    -35.337     35.350      0.940
   198        223  (omega)            -83   184   194   333   335     0     0     -0.522     -0.344     -2.985      3.150      0.785
   199       -211  pi-                 83   184   194     0     0     0     0     -0.790     -0.069     -1.435      1.646      0.140
   200        211  pi+                 83   184   194     0     0     0     0     -0.361     -1.272    -10.821     10.902      0.140
   201       -213  (rho-)             -83   184   194   281   282     0     0     -0.012     -0.447    -13.825     13.856      0.811
   202        211  pi+                 83   184   194     0     0     0     0     -0.159      0.335     -2.822      2.850      0.140
   203        311  (K0)               -83   184   194   283   283     0     0      0.044      0.093     -4.333      4.363      0.498
   204       -323  (K*-)              -83   184   194   284   285     0     0     -0.883     -0.303     -9.782      9.870      0.923
   205        211  pi+                 83   184   194     0     0     0     0      0.540      0.167     -2.094      2.174      0.140
   206        111  (pi0)              -83   184   194   336   337     0     0     -0.486     -0.401     -1.022      1.208      0.135
   207       -213  (rho-)             -84   184   194   286   287     0     0      0.482      0.377     -2.988      3.137      0.734
   208        223  (omega)            -84   184   194   338   340     0     0     -0.247     -0.010      1.153      1.417      0.786
   209        213  (rho+)             -84   184   194   288   289     0     0      0.671      0.819      4.162      4.373      0.823
   210       3212  (Sigma0)           -84   184   194   341   342     0     0      0.829      2.046     12.095     12.353      1.193
   211      -3322  Xibar0              84   184   194     0     0     0     0      0.443      1.521     13.122     13.283      1.315
   212       3122  Lambda0             84   184   194     0     0     0     0      1.294      1.084     17.303     17.421      1.116
   213      -2112  nbar0               84   184   194     0     0     0     0     -0.877      0.753     11.337     11.435      0.940
   214        111  (pi0)              -84   184   194   343   344     0     0     -0.284      0.399      4.419      4.448      0.135
   215       -213  (rho-)             -84   184   194   290   291     0     0      0.287      0.453     23.000     23.021      0.815
   216          2  (u)                -71   138   138   224   262   103     0     -0.223     -3.728    966.339    966.346      0.330
   217         21  (g)                -71   116   116   224   262   129   103      1.000     -4.188    -29.822     30.132      0.000
   218         21  (g)                -71   132   132   224   262   102   129     -0.123      0.184     -1.397      1.414      0.000
   219         21  (g)                -71   118   118   224   262   123   102     -0.557      0.753     -0.145      0.948      0.000
   220         21  (g)                -71   128   128   224   262   111   123     -1.281     -0.158     -1.489      1.970      0.000
   221         21  (g)                -71   130   130   224   262   127   111     -0.576     -0.363      0.380      0.780      0.000
   222         21  (g)                -71   123   123   224   262   117   127     -1.466      0.920      2.856      3.340      0.000
   223       2101  (ud_0)             -71   146   146   224   262     0   117      1.448     -0.796   5939.916   5939.916      0.579
   224        213  (rho+)             -83   216   223   292   293     0     0      0.019     -1.069    383.050    383.052      0.728
   225        223  (omega)            -83   216   223   345   347     0     0      0.110     -1.338    186.474    186.480      0.778
   226        221  (eta)              -83   216   223   348   350     0     0     -0.671     -0.841    362.741    362.743      0.548
   227       -211  pi-                 83   216   223     0     0     0     0      0.225      0.040      1.619      1.641      0.140
   228        211  pi+                 83   216   223     0     0     0     0      0.281      0.086      6.122      6.131      0.140
   229        313  (K*0)              -83   216   223   294   295     0     0     -0.292     -0.796      8.947      9.030      0.877
   230       -311  (Kbar0)            -83   216   223   296   296     0     0     -0.030      0.232      7.931      7.950      0.498
   231       -211  pi-                 83   216   223     0     0     0     0     -0.162      0.129      1.507      1.528      0.140
   232       2212  p+                  83   216   223     0     0     0     0      0.356     -0.312      4.609      4.727      0.938
   233      -2112  nbar0               83   216   223     0     0     0     0     -0.027     -0.175      0.774      1.230      0.940
   234        223  (omega)            -83   216   223   351   353     0     0      0.316      0.104      1.147      1.433      0.791
   235       -211  pi-                 83   216   223     0     0     0     0     -0.841     -0.066      0.306      0.909      0.140
   236        111  (pi0)              -83   216   223   354   355     0     0      0.259      0.049     -0.284      0.411      0.135
   237        321  K+                  83   216   223     0     0     0     0      0.284      0.025     -0.613      0.837      0.494
   238       -321  K-                  83   216   223     0     0     0     0      0.449     -0.700     -4.317      4.424      0.494
   239        111  (pi0)              -83   216   223   356   357     0     0     -0.374     -0.208     -2.838      2.873      0.135
   240       2212  p+                  83   216   223     0     0     0     0      0.548     -0.951     -6.089      6.258      0.938
   241      -2212  pbar-               83   216   223     0     0     0     0     -0.262     -1.271     -8.124      8.280      0.938
   242        113  (rho0)             -84   216   223   297   298     0     0      0.061      0.161     -1.814      2.015      0.860
   243        321  K+                  84   216   223     0     0     0     0      0.576     -0.070     -2.276      2.400      0.494
   244       -313  (K*bar0)           -84   216   223   299   300     0     0     -0.338     -0.255     -2.138      2.375      0.944
   245       -211  pi-                 84   216   223     0     0     0     0     -0.656     -0.281     -1.611      1.768      0.140
   246        211  pi+                 84   216   223     0     0     0     0      0.109     -0.106      0.206      0.292      0.140
   247        111  (pi0)              -84   216   223   358   359     0     0     -0.812     -0.063     -0.873      1.201      0.135
   248        111  (pi0)              -84   216   223   360   361     0     0     -0.135      0.338      0.528      0.655      0.135
   249        113  (rho0)             -84   216   223   301   302     0     0     -0.946      0.634     -0.049      1.373      0.765
   250        313  (K*0)              -84   216   223   303   304     0     0     -0.048     -0.301      0.633      1.157      0.919
   251       -311  (Kbar0)            -84   216   223   305   305     0     0     -0.376      0.342      1.239      1.428      0.498
   252       -211  pi-                 84   216   223     0     0     0     0     -0.225     -0.661      2.744      2.835      0.140
   253       3212  (Sigma0)           -84   216   223   362   363     0     0     -0.202      0.427      4.664      4.837      1.193
   254      -3212  (Sigmabar0)        -84   216   223   364   365     0     0     -0.328      0.247      9.403      9.488      1.193
   255        211  pi+                 84   216   223     0     0     0     0     -0.291     -0.515      3.470      3.523      0.140
   256        221  (eta)              -84   216   223   366   368     0     0      0.435      0.469     45.941     45.949      0.548
   257        111  (pi0)              -84   216   223   369   370     0     0     -0.284      0.010     22.767     22.769      0.135
   258       -211  pi-                 84   216   223     0     0     0     0      0.182      0.380     74.431     74.432      0.140
   259        321  K+                  84   216   223     0     0     0     0     -0.105      0.018    497.330    497.330      0.494
   260       -311  (Kbar0)            -84   216   223   306   306     0     0     -0.082     -0.821    425.325    425.326      0.498
   261       1114  (Delta-)           -84   216   223   307   308     0     0      1.272      0.009   2676.848   2676.848      1.209
   262        213  (rho+)             -84   216   223   309   310     0     0      0.225     -0.275   2176.909   2176.909      1.077
   263       -321  K-                  91   156     0     0     0     0     0     -0.055      0.358   -109.310    109.311      0.494
   264        211  pi+                 91   156     0     0     0     0     0     -0.027     -0.273    -81.334     81.335      0.140
   265       -211  pi-                 91   158     0     0     0     0     0      0.546      0.028   -240.598    240.599      0.140
   266        111  (pi0)              -91   158     0   371   372     0     0      0.277      0.685   -249.260    249.261      0.135
   267       -211  pi-                 91   161     0     0     0     0     0      0.148      0.435   -111.972    111.973      0.140
   268        111  (pi0)              -91   161     0   373   374     0     0     -0.296     -0.409   -322.452    322.452      0.135
   269       2212  p+                  91   163     0     0     0     0     0     -0.456      0.339  -1123.970   1123.970      0.938
   270        211  pi+                 91   163     0     0     0     0     0     -0.234     -0.135   -386.202    386.202      0.140
   271        211  pi+                 91   171     0     0     0     0     0     -0.170     -0.207      0.558      0.635      0.140
   272        111  (pi0)              -91   171     0   375   376     0     0      0.127      0.257      0.039      0.320      0.135
   273       -211  pi-                 91   172     0     0     0     0     0      0.198      0.432      0.059      0.498      0.140
   274        111  (pi0)              -91   172     0   377   378     0     0      0.191     -0.155     -0.370      0.465      0.135
   275       -211  pi-                 91   174     0     0     0     0     0      0.261      0.086     -1.085      1.128      0.140
   276        111  (pi0)              -91   174     0   379   380     0     0     -0.443     -0.186     -0.988      1.107      0.135
   277        211  pi+                 91   181     0     0     0     0     0      0.206     -0.172    -46.996     46.997      0.140
   278        111  (pi0)              -91   181     0   381   382     0     0      0.862      0.062    -31.908     31.920      0.135
   279        311  (K0)               -91   183     0   311   311     0     0      0.056      0.623   -151.358    151.360      0.498
   280        111  (pi0)              -91   183     0   383   384     0     0      0.066     -0.136    -29.613     29.614      0.135
   281       -211  pi-                 91   201     0     0     0     0     0     -0.009      0.211     -3.459      3.468      0.140
   282        111  (pi0)              -91   201     0   385   386     0     0     -0.004     -0.659    -10.366     10.388      0.135
   283        310  K_S0                91   203   203     0     0     0     0      0.044      0.093     -4.333      4.363      0.498
   284       -321  K-                  91   204     0     0     0     0     0     -0.211     -0.194     -3.131      3.182      0.494
   285        111  (pi0)              -91   204     0   387   388     0     0     -0.672     -0.109     -6.651      6.687      0.135
   286       -211  pi-                 91   207     0     0     0     0     0      0.581      0.131     -2.420      2.496      0.140
   287        111  (pi0)              -91   207     0   389   390     0     0     -0.099      0.245     -0.568      0.641      0.135
   288        211  pi+                 91   209     0     0     0     0     0      0.767      0.754      3.950      4.096      0.140
   289        111  (pi0)              -91   209     0   391   392     0     0     -0.096      0.065      0.213      0.277      0.135
   290       -211  pi-                 91   215     0     0     0     0     0      0.539      0.389     16.861     16.875      0.140
   291        111  (pi0)              -91   215     0   393   394     0     0     -0.252      0.064      6.139      6.146      0.135
   292        211  pi+                 91   224     0     0     0     0     0      0.155     -0.734    325.140    325.141      0.140
   293        111  (pi0)              -91   224     0   395   396     0     0     -0.136     -0.336     57.910     57.911      0.135
   294        321  K+                  91   229     0     0     0     0     0     -0.400     -0.822      7.819      7.888      0.494
   295       -211  pi-                 91   229     0     0     0     0     0      0.108      0.026      1.128      1.142      0.140
   296        130  K_L0                91   230   230     0     0     0     0     -0.030      0.232      7.931      7.950      0.498
   297        211  pi+                 91   242     0     0     0     0     0      0.424     -0.022     -0.904      1.009      0.140
   298       -211  pi-                 91   242     0     0     0     0     0     -0.363      0.184     -0.910      1.007      0.140
   299       -321  K-                  91   244     0     0     0     0     0     -0.004     -0.301     -1.748      1.841      0.494
   300        211  pi+                 91   244     0     0     0     0     0     -0.334      0.046     -0.390      0.534      0.140
   301        211  pi+                 91   249     0     0     0     0     0     -0.551      0.541      0.279      0.833      0.140
   302       -211  pi-                 91   249     0     0     0     0     0     -0.395      0.093     -0.328      0.540      0.140
   303        321  K+                  91   250     0     0     0     0     0     -0.082     -0.413      0.708      0.960      0.494
   304       -211  pi-                 91   250     0     0     0     0     0      0.034      0.112     -0.074      0.197      0.140
   305        130  K_L0                91   251   251     0     0     0     0     -0.376      0.342      1.239      1.428      0.498
   306        130  K_L0                91   260   260     0     0     0     0     -0.082     -0.821    425.325    425.326      0.498
   307       2112  n0                  91   261     0     0     0     0     0      1.048     -0.174   2307.656   2307.657      0.940
   308       -211  pi-                 91   261     0     0     0     0     0      0.224      0.183    369.191    369.191      0.140
   309        211  pi+                 91   262     0     0     0     0     0     -0.165     -0.565    955.857    955.857      0.140
   310        111  (pi0)              -91   262     0   397   398     0     0      0.391      0.290   1221.052   1221.052      0.135
   311        310  K_S0                91   279   279     0     0     0     0      0.056      0.623   -151.358    151.360      0.498
   312         22  gamma               91   157     0     0     0     0     0     -0.300     -0.392    -96.950     96.951      0.000
   313         22  gamma               91   157     0     0     0     0     0      0.002      0.158    -50.718     50.718      0.000
   314        111  (pi0)              -91   160     0   399   400     0     0     -0.774     -0.342   -326.464    326.465      0.135
   315        111  (pi0)              -91   160     0   401   402     0     0     -0.443     -0.296   -201.960    201.960      0.135
   316        111  (pi0)              -91   160     0   403   404     0     0     -0.346     -0.133    -98.715     98.716      0.135
   317        113  (rho0)             -91   162     0   405   406     0     0     -0.614     -0.428  -1776.387   1776.388      0.890
   318         22  gamma               91   162     0     0     0     0     0      0.029      0.009    -28.752     28.752      0.000
   319         22  gamma               91   176     0     0     0     0     0      0.092     -0.058     -0.180      0.211      0.000
   320         22  gamma               91   176     0     0     0     0     0     -0.375      0.552     -1.998      2.106      0.000
   321         22  gamma               91   177     0     0     0     0     0      0.238      0.258     -0.891      0.958      0.000
   322         22  gamma               91   177     0     0     0     0     0      0.047      0.133     -2.887      2.891      0.000
   323        211  pi+                 91   178     0     0     0     0     0      0.297     -0.217    -13.048     13.054      0.140
   324       -211  pi-                 91   178     0     0     0     0     0     -0.106     -0.020     -7.912      7.913      0.140
   325        111  (pi0)              -91   178     0   407   408     0     0      0.285      0.150    -11.089     11.095      0.135
   326         22  gamma               91   179     0     0     0     0     0      0.220     -0.373    -20.483     20.488      0.000
   327         22  gamma               91   179     0     0     0     0     0      0.650      0.030    -30.222     30.229      0.000
   328         22  gamma               91   182     0     0     0     0     0      0.231      0.107     -7.072      7.076      0.000
   329         22  gamma               91   182     0     0     0     0     0      0.789      0.211    -28.830     28.842      0.000
   330        111  (pi0)              -91   195     0   409   410     0     0     -0.421      0.078    -10.147     10.157      0.135
   331        111  (pi0)              -91   195     0   411   412     0     0     -0.128     -0.047     -2.210      2.218      0.135
   332        111  (pi0)              -91   195     0   413   414     0     0     -0.161      0.048     -2.665      2.674      0.135
   333        211  pi+                 91   198     0     0     0     0     0     -0.185      0.129     -0.462      0.532      0.140
   334       -211  pi-                 91   198     0     0     0     0     0     -0.183     -0.105     -1.257      1.282      0.140
   335        111  (pi0)              -91   198     0   415   416     0     0     -0.154     -0.368     -1.267      1.335      0.135
   336         22  gamma               91   206     0     0     0     0     0     -0.427     -0.290     -0.863      1.005      0.000
   337         22  gamma               91   206     0     0     0     0     0     -0.059     -0.111     -0.159      0.203      0.000
   338        211  pi+                 91   208     0     0     0     0     0     -0.409     -0.041      0.619      0.756      0.140
   339       -211  pi-                 91   208     0     0     0     0     0      0.078      0.092      0.140      0.232      0.140
   340        111  (pi0)              -91   208     0   417   418     0     0      0.084     -0.061      0.395      0.430      0.135
   341       3122  Lambda0             91   210     0     0     0     0     0      0.820      1.921     11.731     11.968      1.116
   342         22  gamma               91   210     0     0     0     0     0      0.010      0.125      0.364      0.385      0.000
   343         22  gamma               91   214     0     0     0     0     0     -0.014      0.075      1.057      1.060      0.000
   344         22  gamma               91   214     0     0     0     0     0     -0.270      0.324      3.361      3.388      0.000
   345        211  pi+                 91   225     0     0     0     0     0      0.212     -0.939    135.608    135.611      0.140
   346       -211  pi-                 91   225     0     0     0     0     0     -0.108     -0.261     21.239     21.241      0.140
   347        111  (pi0)              -91   225     0   419   420     0     0      0.006     -0.138     29.627     29.627      0.135
   348        211  pi+                 91   226     0     0     0     0     0     -0.250     -0.258    138.417    138.417      0.140
   349       -211  pi-                 91   226     0     0     0     0     0      0.004     -0.125     49.498     49.498      0.140
   350         22  gamma               91   226     0     0     0     0     0     -0.426     -0.459    174.826    174.827      0.000
   351        211  pi+                 91   234     0     0     0     0     0      0.037     -0.137      0.112      0.228      0.140
   352       -211  pi-                 91   234     0     0     0     0     0     -0.079      0.099      0.479      0.515      0.140
   353        111  (pi0)              -91   234     0   421   422     0     0      0.358      0.141      0.556      0.690      0.135
   354         22  gamma               91   236     0     0     0     0     0     -0.004      0.017      0.006      0.018      0.000
   355         22  gamma               91   236     0     0     0     0     0      0.263      0.032     -0.290      0.393      0.000
   356         22  gamma               91   239     0     0     0     0     0     -0.017     -0.012     -0.469      0.470      0.000
   357         22  gamma               91   239     0     0     0     0     0     -0.357     -0.196     -2.369      2.403      0.000
   358         22  gamma               91   247     0     0     0     0     0     -0.146      0.037     -0.134      0.202      0.000
   359         22  gamma               91   247     0     0     0     0     0     -0.665     -0.101     -0.739      0.999      0.000
   360         22  gamma               91   248     0     0     0     0     0      0.004      0.006      0.081      0.081      0.000
   361         22  gamma               91   248     0     0     0     0     0     -0.138      0.333      0.447      0.574      0.000
   362       3122  Lambda0             91   253     0     0     0     0     0     -0.171      0.420      4.124      4.296      1.116
   363         22  gamma               91   253     0     0     0     0     0     -0.030      0.007      0.540      0.541      0.000
   364      -3122  Lambdabar0          91   254     0     0     0     0     0     -0.341      0.167      8.649      8.729      1.116
   365         22  gamma               91   254     0     0     0     0     0      0.013      0.079      0.755      0.759      0.000
   366        211  pi+                 91   256     0     0     0     0     0      0.247      0.334     20.120     20.125      0.140
   367       -211  pi-                 91   256     0     0     0     0     0      0.106      0.143     24.005     24.006      0.140
   368         22  gamma               91   256     0     0     0     0     0      0.082     -0.008      1.816      1.818      0.000
   369         22  gamma               91   257     0     0     0     0     0     -0.123      0.072     10.210     10.211      0.000
   370         22  gamma               91   257     0     0     0     0     0     -0.161     -0.061     12.557     12.558      0.000
   371         22  gamma               91   266     0     0     0     0     0      0.078      0.073    -32.018     32.019      0.000
   372         22  gamma               91   266     0     0     0     0     0      0.199      0.611   -217.242    217.243      0.000
   373         22  gamma               91   268     0     0     0     0     0     -0.118     -0.108   -137.359    137.359      0.000
   374         22  gamma               91   268     0     0     0     0     0     -0.178     -0.301   -185.093    185.093      0.000
   375         22  gamma               91   272     0     0     0     0     0      0.118      0.253      0.069      0.288      0.000
   376         22  gamma               91   272     0     0     0     0     0      0.009      0.004     -0.030      0.032      0.000
   377         22  gamma               91   274     0     0     0     0     0      0.138     -0.027     -0.162      0.214      0.000
   378         22  gamma               91   274     0     0     0     0     0      0.053     -0.128     -0.209      0.250      0.000
   379         22  gamma               91   276     0     0     0     0     0      0.009      0.001     -0.018      0.020      0.000
   380         22  gamma               91   276     0     0     0     0     0     -0.452     -0.187     -0.970      1.087      0.000
   381         22  gamma               91   278     0     0     0     0     0      0.404     -0.022    -16.470     16.475      0.000
   382         22  gamma               91   278     0     0     0     0     0      0.458      0.084    -15.438     15.445      0.000
   383         22  gamma               91   280     0     0     0     0     0      0.051     -0.006    -15.678     15.678      0.000
   384         22  gamma               91   280     0     0     0     0     0      0.015     -0.129    -13.935     13.936      0.000
   385         22  gamma               91   282     0     0     0     0     0     -0.026     -0.211     -2.493      2.502      0.000
   386         22  gamma               91   282     0     0     0     0     0      0.022     -0.448     -7.874      7.886      0.000
   387         22  gamma               91   285     0     0     0     0     0     -0.058      0.006     -1.004      1.005      0.000
   388         22  gamma               91   285     0     0     0     0     0     -0.613     -0.115     -5.648      5.682      0.000
   389         22  gamma               91   287     0     0     0     0     0      0.025      0.076     -0.227      0.240      0.000
   390         22  gamma               91   287     0     0     0     0     0     -0.123      0.169     -0.341      0.401      0.000
   391         22  gamma               91   289     0     0     0     0     0     -0.019      0.069      0.179      0.193      0.000
   392         22  gamma               91   289     0     0     0     0     0     -0.077     -0.005      0.033      0.084      0.000
   393         22  gamma               91   291     0     0     0     0     0     -0.138     -0.034      2.851      2.855      0.000
   394         22  gamma               91   291     0     0     0     0     0     -0.114      0.098      3.288      3.291      0.000
   395         22  gamma               91   293     0     0     0     0     0     -0.042     -0.085     25.776     25.776      0.000
   396         22  gamma               91   293     0     0     0     0     0     -0.094     -0.251     32.134     32.135      0.000
   397         22  gamma               91   310     0     0     0     0     0      0.254      0.190    938.122    938.122      0.000
   398         22  gamma               91   310     0     0     0     0     0      0.137      0.100    282.930    282.930      0.000
   399         22  gamma               91   314     0     0     0     0     0     -0.493     -0.258   -192.890    192.890      0.000
   400         22  gamma               91   314     0     0     0     0     0     -0.282     -0.084   -133.574    133.574      0.000
   401         22  gamma               91   315     0     0     0     0     0     -0.237     -0.096   -111.221    111.221      0.000
   402         22  gamma               91   315     0     0     0     0     0     -0.206     -0.200    -90.739     90.739      0.000
   403         22  gamma               91   316     0     0     0     0     0     -0.333     -0.094    -93.013     93.014      0.000
   404         22  gamma               91   316     0     0     0     0     0     -0.014     -0.038     -5.702      5.702      0.000
   405        211  pi+                 91   317     0     0     0     0     0     -0.485      0.169   -740.165    740.165      0.140
   406       -211  pi-                 91   317     0     0     0     0     0     -0.129     -0.597  -1036.222   1036.222      0.140
   407         22  gamma               91   325     0     0     0     0     0      0.177      0.162     -7.715      7.718      0.000
   408         22  gamma               91   325     0     0     0     0     0      0.108     -0.013     -3.375      3.376      0.000
   409         22  gamma               91   330     0     0     0     0     0      0.008      0.013     -0.290      0.291      0.000
   410         22  gamma               91   330     0     0     0     0     0     -0.429      0.065     -9.856      9.866      0.000
   411         22  gamma               91   331     0     0     0     0     0     -0.099     -0.009     -2.020      2.023      0.000
   412         22  gamma               91   331     0     0     0     0     0     -0.029     -0.038     -0.189      0.195      0.000
   413         22  gamma               91   332     0     0     0     0     0     -0.116     -0.035     -1.477      1.482      0.000
   414         22  gamma               91   332     0     0     0     0     0     -0.045      0.083     -1.188      1.191      0.000
   415         22  gamma               91   335     0     0     0     0     0     -0.134     -0.197     -0.877      0.909      0.000
   416         22  gamma               91   335     0     0     0     0     0     -0.020     -0.171     -0.389      0.426      0.000
   417         22  gamma               91   340     0     0     0     0     0     -0.015     -0.031      0.247      0.249      0.000
   418         22  gamma               91   340     0     0     0     0     0      0.099     -0.030      0.148      0.181      0.000
   419         22  gamma               91   347     0     0     0     0     0      0.045     -0.008     12.570     12.570      0.000
   420         22  gamma               91   347     0     0     0     0     0     -0.040     -0.131     17.057     17.058      0.000
   421         22  gamma               91   353     0     0     0     0     0      0.013     -0.022      0.030      0.040      0.000
   422         22  gamma               91   353     0     0     0     0     0      0.345      0.164      0.526      0.650      0.000
                                   Charge sum:  2.000           Momentum sum:      0.000      0.000      0.000  14000.000  14000.000

 --------  End PYTHIA Event Listing  -----------------------------------------------------------------------------------------------
 PYTHIA Error in SimpleSpaceShower::pT2nearThreshold: stuck in loop  
 PYTHIA Warning in StringFragmentation::fragmentToJunction: bad convergence junction rest frame  

 Pythia::next(): 1000 events have been generated 
 PYTHIA Warning in Pythia::check: not quite matched particle energy/momentum/mass  
 PYTHIA Warning in Pythia::check: energy-momentum not quite conserved  
 PYTHIA Warning in SimpleSpaceShower::pT2nextQCD: weight above unity  
 PYTHIA Error in StringFragmentation::fragment: stuck in joining  
 PYTHIA Error in Pythia::next: hadronLevel failed; try again  

 Pythia::next(): 2000 events have been generated 

 Pythia::next(): 3000 events have been generated 
 PYTHIA Warning in MultipartonInteractions::pTnext: weight above unity  

 Pythia::next(): 4000 events have been generated 

 Pythia::next(): 5000 events have been generated 

 Pythia::next(): 6000 events have been generated 

 Pythia::next(): 7000 events have been generated 

 Pythia::next(): 8000 events have been generated 

 Pythia::next(): 9000 events have been generated 
