
 *------------------------------------------------------------------------------------* 
 |                                                                                    | 
 |  *------------------------------------------------------------------------------*  | 
 |  |                                                                              |  | 
 |  |                                                                              |  | 
 |  |   PPP   Y   Y  TTTTT  H   H  III    A      Welcome to the Lund Monte Carlo!  |  | 
 |  |   P  P   Y Y     T    H   H   I    A A     This is PYTHIA version 8.243      |  | 
 |  |   PPP     Y      T    HHHHH   I   AAAAA    Last date of change:  4 Jul 2019  |  | 
 |  |   P       Y      T    H   H   I   A   A                                      |  | 
 |  |   P       Y      T    H   H  III  A   A    Now is 14 Nov 2019 at 15:58:59    |  | 
 |  |                                                                              |  | 
 |  |   Christian Bierlich;  Department of Astronomy and Theoretical Physics,      |  | 
 |  |      Lund University, Solvegatan 14A, SE-223 62 Lund, Sweden;                |  | 
 |  |      e-mail: christian.bierlich@thep.lu.se                                   |  | 
 |  |   Nishita Desai;  Department of Theoretical Physics, Tata Institute,         |  | 
 |  |      Homi Bhabha Road, Mumbai 400005, India;                                 |  | 
 |  |      e-mail: desai@theory.tifr.res.in                                        |  | 
 |  |   Ilkka Helenius;  Department of Physics, University of Jyvaskyla,           |  | 
 |  |      P.O. Box 35, FI-40014 University of Jyvaskyla, Finland;                 |  | 
 |  |      e-mail: ilkka.m.helenius@jyu.fi                                         |  | 
 |  |   Philip Ilten;  School of Physics and Astronomy,                            |  | 
 |  |      University of Birmingham, Birmingham, B152 2TT, UK;                     |  | 
 |  |      e-mail: philten@cern.ch                                                 |  | 
 |  |   Leif Lonnblad;  Department of Astronomy and Theoretical Physics,           |  | 
 |  |      Lund University, Solvegatan 14A, SE-223 62 Lund, Sweden;                |  | 
 |  |      e-mail: leif.lonnblad@thep.lu.se                                        |  | 
 |  |   Stephen Mrenna;  Computing Division, Simulations Group,                    |  | 
 |  |      Fermi National Accelerator Laboratory, MS 234, Batavia, IL 60510, USA;  |  | 
 |  |      e-mail: mrenna@fnal.gov                                                 |  | 
 |  |   Stefan Prestel;  Department of Astronomy and Theoretical Physics,          |  | 
 |  |      Lund University, Solvegatan 14A, SE-223 62 Lund, Sweden;                |  | 
 |  |      e-mail: stefan.prestel@thep.lu.se                                       |  | 
 |  |   Christine O. Rasmussen;  Department of Astronomy and Theoretical Physics,  |  | 
 |  |      Lund University, Solvegatan 14A, SE-223 62 Lund, Sweden;                |  | 
 |  |      e-mail: christine.rasmussen@thep.lu.se                                  |  | 
 |  |   Torbjorn Sjostrand;  Department of Astronomy and Theoretical Physics,      |  | 
 |  |      Lund University, Solvegatan 14A, SE-223 62 Lund, Sweden;                |  | 
 |  |      e-mail: torbjorn@thep.lu.se                                             |  | 
 |  |   Peter Skands;  School of Physics,                                          |  | 
 |  |      Monash University, PO Box 27, 3800 Melbourne, Australia;                |  | 
 |  |      e-mail: peter.skands@monash.edu                                         |  | 
 |  |                                                                              |  | 
 |  |   The main program reference is 'An Introduction to PYTHIA 8.2',             |  | 
 |  |   T. Sjostrand et al, Comput. Phys. Commun. 191 (2015) 159                   |  | 
 |  |   [arXiv:1410.3012 [hep-ph]]                                                 |  | 
 |  |                                                                              |  | 
 |  |   The main physics reference is the 'PYTHIA 6.4 Physics and Manual',         |  | 
 |  |   T. Sjostrand, S. Mrenna and P. Skands, JHEP05 (2006) 026 [hep-ph/0603175]  |  | 
 |  |                                                                              |  | 
 |  |   An archive of program versions and documentation is found on the web:      |  | 
 |  |   http://www.thep.lu.se/Pythia                                               |  | 
 |  |                                                                              |  | 
 |  |   This program is released under the GNU General Public Licence version 2.   |  | 
 |  |   Please respect the MCnet Guidelines for Event Generator Authors and Users. |  | 
 |  |                                                                              |  | 
 |  |   Disclaimer: this program comes without any guarantees.                     |  | 
 |  |   Beware of errors and use common sense when interpreting results.           |  | 
 |  |                                                                              |  | 
 |  |   Copyright (C) 2019 Torbjorn Sjostrand                                      |  | 
 |  |                                                                              |  | 
 |  |                                                                              |  | 
 |  *------------------------------------------------------------------------------*  | 
 |                                                                                    | 
 *------------------------------------------------------------------------------------* 


 *-------  PYTHIA Process Initialization  --------------------------*
 |                                                                  |
 | We collide p+ with p+ at a CM energy of 1.400e+04 GeV            |
 |                                                                  |
 |------------------------------------------------------------------|
 |                                                    |             |
 | Subprocess                                    Code |   Estimated |
 |                                                    |    max (mb) |
 |                                                    |             |
 |------------------------------------------------------------------|
 |                                                    |             |
 | non-diffractive                                101 |   5.717e+01 |
 |                                                                  |
 *-------  End PYTHIA Process Initialization -----------------------*

 *-------  PYTHIA Multiparton Interactions Initialization  ---------* 
 |                                                                  | 
 |                   sigmaNonDiffractive =    57.17 mb              | 
 |                                                                  | 
 |    pT0 =  2.65 gives sigmaInteraction =   331.11 mb: accepted    | 
 |                                                                  | 
 *-------  End PYTHIA Multiparton Interactions Initialization  -----* 

 *-------  PYTHIA Flag + Mode + Parm + Word + FVec + MVec + PVec + WVec Settings (changes only)  ------------------* 
 |                                                                                                                 | 
 | Name                                          |                      Now |      Default         Min         Max | 
 |                                               |                          |                                      | 
 | ParticleDecays:limitTau0                      |                       on |          off                         | 
 | Random:seed                                   |                        0 |           -1               900000000 | 
 | Random:setSeed                                |                       on |          off                         | 
 | SoftQCD:nonDiffractive                        |                       on |          off                         | 
 |                                                                                                                 | 
 *-------  End PYTHIA Flag + Mode + Parm + Word + FVec + MVec + PVec + WVec Settings  -----------------------------* 

 --------  PYTHIA Particle Data Table (changed only)  ------------------------------------------------------------------------------
 
      id   name            antiName         spn chg col      m0        mWidth      mMin       mMax       tau0    res dec ext vis wid
             no onMode   bRatio   meMode     products 

     333  phi                                 3   0   0    1.01946    0.00426    0.99000    1.09000  0.00000e+00   0   1   0   1   0
              0     1   0.4893042    2      321     -321 
              1     1   0.3422127    2      130      310 
              2     1   0.0420984    0     -213      211 
              3     1   0.0420984    0      113      111 
              4     1   0.0420984    0      213     -211 
              5     1   0.0270000    1      211     -211      111 
              6     1   0.0130981    0      221       22 
              7     1   0.0012708    0      111       22 
              8     1   0.0002956    0       11      -11 
              9     1   0.0002872    0       13      -13 
             10     1   0.0001151   11      221       11      -11 
             11     1   0.0000740    2      211     -211 
             12     1   0.0000470    0      223      111 

 --------  End PYTHIA Particle Data Table  -----------------------------------------------------------------------------------------


 --------  PYTHIA Info Listing  ---------------------------------------- 
 
 Beam A: id =   2212, pz =  7.000e+03, e =  7.000e+03, m =  9.383e-01.
 Beam B: id =   2212, pz = -7.000e+03, e =  7.000e+03, m =  9.383e-01.

 In 1: id =   21, x =  2.359e-05, pdf =  5.173e+01 at Q2 =  1.801e+01.
 In 2: id =    4, x =  2.383e-02, pdf =  6.237e-02 at same Q2.

 Process non-diffractive with code 101 is 2 -> 2.
 Subprocess q g -> q g with code 113 is 2 -> 2.
 It has sHat =  1.102e+02,    tHat = -2.268e+01,    uHat = -8.752e+01,
       pTHat =  4.244e+00,   m3Hat =  0.000e+00,   m4Hat =  0.000e+00,
    thetaHat =  9.418e-01,  phiHat =  4.749e-01.
     alphaEM =  7.570e-03,  alphaS =  2.410e-01    at Q2 =  2.502e+01.

 Impact parameter b =  7.864e-01 gives enhancement factor =  1.222e+00.
 Max pT scale for MPI =  4.244e+00, ISR =  4.244e+00, FSR =  4.244e+00.
 Number of MPI =     5, ISR =    12, FSRproc =    28, FSRreson =     0.

 --------  End PYTHIA Info Listing  ------------------------------------

 --------  PYTHIA Event Listing  (hard process)  -----------------------------------------------------------------------------------
 
    no         id  name            status     mothers   daughters     colours      p_x        p_y        p_z         e          m 
     0         90  (system)           -11     0     0     0     0     0     0      0.000      0.000      0.000  14000.000  14000.000
     1       2212  (p+)               -12     0     0     3     0     0     0      0.000      0.000   7000.000   7000.000      0.938
     2       2212  (p+)               -12     0     0     4     0     0     0      0.000      0.000  -7000.000   7000.000      0.938
     3         21  (g)                -21     1     0     5     6   102   103      0.000      0.000      0.165      0.165      0.000
     4          4  (c)                -21     2     0     5     6   101     0      0.000      0.000   -166.829    166.829      0.000
     5         21  g                   23     3     4     0     0   101   103      1.901      3.698    -33.510     33.767      0.000
     6          4  c                   23     3     4     0     0   102     0     -1.901     -3.698   -133.154    133.227      1.500
                                   Charge sum:  0.667           Momentum sum:      0.000      0.000   -166.664    166.994     10.498

 --------  End PYTHIA Event Listing  -----------------------------------------------------------------------------------------------

 --------  PYTHIA Event Listing  (complete event)  ---------------------------------------------------------------------------------
 
    no         id  name            status     mothers   daughters     colours      p_x        p_y        p_z         e          m 
     0         90  (system)           -11     0     0     0     0     0     0      0.000      0.000      0.000  14000.000  14000.000
     1       2212  (p+)               -12     0     0   182     0     0     0      0.000      0.000   7000.000   7000.000      0.938
     2       2212  (p+)               -12     0     0   183     0     0     0      0.000      0.000  -7000.000   7000.000      0.938
     3         21  (g)                -21    19     0     5     6   102   103      0.000      0.000      0.165      0.165      0.000
     4          4  (c)                -21    20    20     5     6   101     0      0.000      0.000   -166.829    166.829      0.000
     5         21  (g)                -23     3     4    21    21   101   103      1.901      3.698    -33.510     33.767      0.000
     6          4  (c)                -23     3     4    22    22   102     0     -1.901     -3.698   -133.154    133.227      1.500
     7         21  (g)                -31    33     0     9    10   104   105      0.000      0.000      2.050      2.050      0.000
     8         21  (g)                -31    34    34     9    10   106   104      0.000      0.000    -56.903     56.903      0.000
     9          2  (u)                -33     7     8    35    35   106     0      1.684      3.842    -54.575     54.737      0.330
    10         -2  (ubar)             -33     7     8    36    36     0   105     -1.684     -3.842     -0.279      4.217      0.330
    11         21  (g)                -31   166   166    13    14   108   107      0.000      0.000      0.014      0.014      0.000
    12         21  (g)                -31   205   205    13    14   107   109      0.000      0.000  -1311.261   1311.261      0.000
    13         21  (g)                -33    11    12   157   157   110   109     -1.835     -3.593   -869.380    869.389      0.000
    14         21  (g)                -33    11    12   155   156   108   110      1.835      3.593   -441.867    441.886      0.000
    15         21  (g)                -31    24    24    17    18   112   111      0.000      0.000     39.069     39.069      0.000
    16         21  (g)                -31    25     0    17    18   114   113      0.000      0.000     -0.376      0.376      0.000
    17         21  (g)                -33    15    16    26    26   114   111      0.199     -3.289     29.429     29.613      0.000
    18         21  (g)                -33    15    16    27    27   112   113     -0.199      3.289      9.264      9.832      0.000
    19         21  (g)                -41    62    62    23     3   115   103      0.000      0.000      0.391      0.391      0.000
    20          4  (c)                -42    63     0     4     4   101     0     -0.000      0.000   -166.829    166.829      0.000
    21         21  (g)                -44     5     5    64    64   101   103      2.390      1.355    -12.410     12.710      0.000
    22          4  (c)                -44     6     6    65    65   102     0     -1.762     -4.366   -142.299    142.385      1.500
    23         21  (g)                -43    19     0    66    66   115   102     -0.628      3.011    -11.729     12.125      0.000
    24         21  (g)                -42    38     0    15    15   112   111     -0.000      0.000     39.069     39.069      0.000
    25         21  (g)                -41    39    39    28    16   114   116      0.000     -0.000     -1.436      1.436      0.000
    26         21  (g)                -44    17    17    40    40   114   111      0.546     -3.879     34.828     35.048      0.000
    27         21  (g)                -44    18    18    41    41   112   113      0.874      1.466      1.805      2.484      0.000
    28         21  (g)                -43    25     0    42    42   113   116     -1.420      2.413      1.000      2.973      0.000
    29         21  (g)                -31    50    50    31    32   118   117      0.000      0.000      0.023      0.023      0.000
    30         21  (g)                -31    51     0    31    32   120   119      0.000      0.000   -367.723    367.723      0.000
    31         21  (g)                -33    29    30    52    52   120   117     -0.799      2.458   -269.622    269.635      0.000
    32         21  (g)                -33    29    30    53    53   118   119      0.799     -2.458    -98.078     98.112      0.000
    33         21  (g)                -41    44     0    37     7   104   121     -0.000      0.000     14.790     14.790      0.000
    34         21  (g)                -42    45    45     8     8   106   104      0.000      0.000    -56.903     56.903      0.000
    35          2  (u)                -44     9     9    46    46   106     0      1.596      3.806    -52.078     52.243      0.330
    36         -2  (ubar)             -44    10    10    47    47     0   105     -3.822     -4.719     -2.632      6.627      0.330
    37         21  (g)                -43    33     0    48    48   105   121      2.226      0.913     12.597     12.825      0.000
    38         21  (g)                -41    91    91    43    24   112   122      0.000      0.000     45.693     45.693      0.000
    39         21  (g)                -42    70    70    25    25   114   116     -0.000     -0.000     -1.436      1.436      0.000
    40         21  (g)                -44    26    26    68    69   114   111      0.840     -3.565     40.518     40.683      0.000
    41         21  (g)                -44    27    27    94    94   112   113      0.892      1.485      2.191      2.794      0.000
    42         21  (g)                -44    28    28    95    95   113   116     -1.403      2.431      1.455      3.162      0.000
    43         21  (g)                -43    38     0    96    96   111   122     -0.329     -0.352      0.093      0.491      0.000
    44         21  (g)                -41    55    55    49    33   104   123      0.000      0.000    406.574    406.574      0.000
    45         21  (g)                -42    56     0    34    34   106   104      0.000      0.000    -56.903     56.903      0.000
    46          2  (u)                -44    35    35    57    57   106     0      1.603      3.816    -52.300     52.464      0.330
    47         -2  (ubar)             -44    36    36    58    58     0   105     -3.648     -4.478     -2.182      6.183      0.330
    48         21  (g)                -44    37    37    59    59   105   121      3.332      2.450     12.394     13.066      0.000
    49         21  (g)                -43    44     0    60    60   121   123     -1.287     -1.788    391.758    391.764      0.000
    50         21  (g)                -42    84    84    29    29   118   117      0.000     -0.000      0.023      0.023      0.000
    51         21  (g)                -41    85     0    54    30   120   124     -0.000      0.000   -641.006    641.006      0.000
    52         21  (g)                -44    31    31    86    86   120   117     -0.461      1.333   -346.948    346.951      0.000
    53         21  (g)                -44    32    32    71    72   118   119      0.922     -2.867   -126.207    126.243      0.000
    54         21  (g)                -43    51     0    73    73   119   124     -0.461      1.533   -167.828    167.835      0.000
    55         21  (g)                -42   191   191    44    44   104   123     -0.000      0.000    406.574    406.574      0.000
    56         21  (g)                -41   192   192    61    45   125   104      0.000     -0.000   -813.623    813.623      0.000
    57          2  (u)                -44    46    46   102   103   106     0      1.274      5.621    -52.225     52.543      0.330
    58         -2  (ubar)             -44    47    47    76    76     0   105     -3.674     -4.334     -2.247      6.119      0.330
    59         21  (g)                -44    48    48    74    75   105   121      3.330      2.461     12.425     13.097      0.000
    60         21  (g)                -44    49    49   121   121   121   123     -1.287     -1.788    391.713    391.719      0.000
    61         21  (g)                -43    56     0   104   104   125   106      0.357     -1.961   -756.716    756.718      0.000
    62         21  (g)                -42    77    77    19    19   115   103     -0.000      0.000      0.391      0.391      0.000
    63         21  (g)                -41    78     0    67    20   101   126      0.000     -0.000   -322.671    322.671      0.000
    64         21  (g)                -44    21    21    79    79   101   103      2.363      1.417    -12.612     12.909      0.000
    65          4  (c)                -44    22    22    80    80   102     0     -2.066     -3.669   -144.576    144.645      1.500
    66         21  (g)                -44    23    23    81    81   115   102     -0.654      3.069    -11.914     12.320      0.000
    67         -4  (cbar)             -43    63     0    82    82     0   126      0.357     -0.817   -153.178    153.188      1.500
    68         21  (g)                -51    40     0    93    93   127   111      1.063     -0.602     20.306     20.343      0.000
    69         21  (g)                -51    40     0    97    97   114   127     -0.223     -2.962     20.167     20.385      0.000
    70         21  (g)                -53    92     0    39    39   114   116      0.000     -0.000     -1.480      1.480      0.000
    71         21  (g)                -51    53     0    87    87   118   128     -0.349     -2.504   -110.779    110.808      0.000
    72         21  (g)                -51    53     0    89    89   128   119      1.127      0.116    -67.863     67.872      0.000
    73         21  (g)                -52    54    54    88    88   119   124     -0.317      1.054   -115.394    115.399      0.000
    74         21  (g)                -51    59     0   101   101   129   121      2.602      1.917     12.476     12.888      0.000
    75         21  (g)                -51    59     0    99   100   105   129      0.495      0.270     -0.194      0.596      0.000
    76         -2  (ubar)             -52    58    58   194   194     0   105     -3.441     -4.059     -2.104      5.732      0.330
    77         21  (g)                -42   142   142    62    62   115   103     -0.000     -0.000      0.391      0.391      0.000
    78          2  (u)                -41   183   183    83    63   101     0      0.000      0.000   -801.655    801.655      0.000
    79         21  (g)                -44    64    64   140   141   101   103      2.405      1.438    -12.671     12.977      0.000
    80          4  (c)                -44    65    65   148   148   102     0     -1.584     -3.425   -145.301    145.358      1.500
    81         21  (g)                -44    66    66   146   147   115   102     -0.613      3.090    -11.974     12.381      0.000
    82         -4  (cbar)             -44    67    67   187   187     0   126      0.867     -0.558   -153.940    153.951      1.500
    83          2  (u)                -43    78     0   188   188   126     0     -1.075     -0.546   -477.378    477.379      0.330
    84         21  (g)                -42   105     0    50    50   118   117      0.000      0.000      0.023      0.023      0.000
    85         21  (g)                -41   106   106    90    51   130   124     -0.000     -0.000   -857.800    857.800      0.000
    86         21  (g)                -44    52    52   107   107   120   117      0.062      1.517   -381.037    381.040      0.000
    87         21  (g)                -44    71    71   108   108   118   128     -0.182     -2.445   -121.667    121.691      0.000
    88         21  (g)                -44    73    73   109   109   119   124     -0.143      1.115   -126.732    126.737      0.000
    89         21  (g)                -44    72    72   110   110   128   119      1.229      0.152    -74.530     74.541      0.000
    90         21  (g)                -43    85     0   111   111   130   120     -0.966     -0.339   -153.812    153.815      0.000
    91         21  (g)                -42   163   163    38    38   112   122     -0.000      0.000     45.693     45.693      0.000
    92         21  (g)                -41   212   212    98    70   114   131      0.000     -0.000     -5.233      5.233      0.000
    93         21  (g)                -44    68    68   128   129   127   111      1.073     -0.613     20.617     20.654      0.000
    94         21  (g)                -44    41    41   136   136   112   113      1.048      1.307      2.010      2.616      0.000
    95         21  (g)                -44    42    42   134   135   113   116     -0.962      1.925      0.489      2.207      0.000
    96         21  (g)                -44    43    43   130   130   111   122     -0.226     -0.470      0.139      0.540      0.000
    97         21  (g)                -44    69    69   217   217   114   127     -0.167     -3.027     20.857     21.076      0.000
    98         21  (g)                -43    92     0   218   218   116   131     -0.765      0.878     -3.652      3.833      0.000
    99         21  (g)                -51    75     0   198   198   105   132     -0.604      0.472      0.688      1.030      0.000
   100         21  (g)                -51    75     0   199   199   132   129      1.912      0.397      3.018      3.594      0.000
   101         21  (g)                -52    74    74   119   120   129   121      1.788      1.318      8.576      8.859      0.000
   102          2  (u)                -51    57     0   193   193   133     0      1.832      5.615    -62.620     62.899      0.330
   103         21  (g)                -51    57     0   115   115   106   133     -0.550     -0.031     -3.842      3.881      0.000
   104         21  (g)                -52    61    61   113   114   125   106      0.351     -1.924   -742.478    742.481      0.000
   105         21  (g)                -41   226   226   112    84   118   134     -0.000      0.000   3394.162   3394.162      0.000
   106         21  (g)                -42   227   227    85    85   130   124     -0.000      0.000   -857.800    857.800      0.000
   107         21  (g)                -44    86    86   122   123   120   117      0.103      1.470   -354.973    354.976      0.000
   108         21  (g)                -44    87    87   154   154   118   128      0.146     -2.829   -160.498    160.523      0.000
   109         21  (g)                -44    88    88   230   230   119   124     -0.077      1.038   -107.366    107.371      0.000
   110         21  (g)                -44    89    89   152   153   128   119      1.366     -0.007    -89.650     89.661      0.000
   111         21  (g)                -44    90    90   232   232   130   120     -0.921     -0.392   -145.288    145.292      0.000
   112         21  (g)                -43   105     0   124   124   117   134     -0.617      0.720   3394.139   3394.139      0.000
   113         21  (g)                -51   104     0   116   117   125   135      0.803     -1.541   -703.023    703.025      0.000
   114         21  (g)                -51   104     0   118   118   135   106     -0.520     -0.387    -39.928     39.934      0.000
   115         21  (g)                -52   103   103   200   200   106   133     -0.483     -0.027     -3.369      3.404      0.000
   116         21  (g)                -51   113     0   197   197   125   136      0.937     -1.183   -646.914    646.916      0.000
   117         21  (g)                -51   113     0   202   202   136   135     -0.392     -0.550    -75.919     75.922      0.000
   118         21  (g)                -52   114   114   201   201   135   106     -0.262     -0.195    -20.119     20.121      0.000
   119         21  (g)                -51   101     0   195   195   129   137      1.974      1.349     10.017     10.298      0.000
   120         21  (g)                -51   101     0   203   203   137   121     -0.262     -0.138     21.935     21.937      0.000
   121         21  (g)                -52    60    60   196   196   121   123     -1.210     -1.681    368.338    368.344      0.000
   122         21  (g)                -51   107     0   151   151   120   138     -0.052      2.245   -354.658    354.665      0.000
   123         21  (g)                -51   107     0   127   127   138   117      0.155     -0.775      0.184      0.812      0.000
   124         21  (g)                -52   112   112   125   126   117   134     -0.617      0.720   3393.638   3393.639      0.000
   125         21  (g)                -51   124     0   175   175   139   134      0.118      0.178   2856.085   2856.085      0.000
   126         21  (g)                -51   124     0   139   139   117   139     -0.735      0.540    537.554    537.555      0.000
   127         21  (g)                -52   123   123   137   138   138   117      0.155     -0.774      0.184      0.811      0.000
   128         21  (g)                -51    93     0   213   213   127   140      0.580     -1.180     14.555     14.615      0.000
   129         21  (g)                -51    93     0   131   132   140   111      0.458      0.497      6.083      6.120      0.000
   130         21  (g)                -52    96    96   133   133   111   122     -0.193     -0.400      0.118      0.459      0.000
   131         21  (g)                -51   129     0   176   177   140   141     -0.492     -0.204      2.978      3.026      0.000
   132         21  (g)                -51   129     0   178   178   141   111      0.858      0.510      3.161      3.315      0.000
   133         21  (g)                -52   130   130   216   216   111   122     -0.100     -0.208      0.061      0.239      0.000
   134         21  (g)                -51    95     0   143   144   142   116     -0.656      1.620      1.469      2.283      0.000
   135         21  (g)                -51    95     0   145   145   113   142      0.047      0.746     -0.302      0.807      0.000
   136         21  (g)                -52    94    94   161   162   112   113      0.694      0.866      1.332      1.733      0.000
   137         21  (g)                -51   127     0   149   150   138   143      0.359      0.246      0.110      0.449      0.000
   138         21  (g)                -51   127     0   160   160   143   117     -0.207     -1.019      1.739      2.026      0.000
   139         21  (g)                -52   126   126   158   159   117   139     -0.733      0.539    535.890    535.891      0.000
   140         21  (g)                -51    79     0   184   184   101   144      1.745      0.726    -10.819     10.983      0.000
   141         21  (g)                -51    79     0   189   189   144   103      0.661      0.712     -1.800      2.045      0.000
   142         21  (g)                -53   182   182    77    77   115   103     -0.000     -0.000      0.443      0.443      0.000
   143         21  (g)                -51   134     0   215   215   145   116     -0.705      2.141      1.449      2.680      0.000
   144         21  (g)                -51   134     0   222   222   142   145      0.087      0.079     -0.223      0.252      0.000
   145         21  (g)                -52   135   135   221   221   113   142      0.009      0.146     -0.059      0.158      0.000
   146         21  (g)                -51    81     0   186   186   115   146     -0.455      3.290    -15.218     15.576      0.000
   147         21  (g)                -51    81     0   190   190   146   102     -0.208     -0.312     -1.361      1.412      0.000
   148          4  (c)                -52    80    80   185   185   102     0     -1.535     -3.313   -140.695    140.751      1.500
   149         21  (g)                -51   137     0   234   234   147   143      0.716      0.671     -0.634      1.168      0.000
   150         21  (g)                -51   137     0   237   237   138   147     -0.358     -0.385     -5.634      5.658      0.000
   151         21  (g)                -52   122   122   228   228   120   138     -0.051      2.205   -348.281    348.288      0.000
   152         21  (g)                -51   110     0   231   231   148   119      0.638     -0.094    -94.531     94.533      0.000
   153         21  (g)                -51   110     0   238   238   128   148      0.762     -0.569    -32.295     32.309      0.000
   154         21  (g)                -52   108   108   229   229   118   128      0.112     -2.173   -123.323    123.342      0.000
   155         21  (g)                -51    14     0   164   165   108   149      1.304      3.215   -336.045    336.063      0.000
   156         21  (g)                -51    14     0   169   169   149   110      0.453      0.225   -142.592    142.593      0.000
   157         21  (g)                -52    13    13   167   168   110   109     -1.757     -3.441   -832.610    832.619      0.000
   158         21  (g)                -51   139     0   173   174   150   139     -0.166      0.592    505.757    505.757      0.000
   159         21  (g)                -51   139     0   170   171   117   150     -0.571     -0.072     30.164     30.169      0.000
   160         21  (g)                -52   138   138   172   172   143   117     -0.203     -1.001      1.708      1.990      0.000
   161         21  (g)                -51   136     0   179   180   151   113      0.613      0.455      0.570      0.952      0.000
   162         21  (g)                -51   136     0   181   181   112   151      0.081      0.411      4.549      4.569      0.000
   163         21  (g)                -53   211   211    91    91   112   122     -0.000      0.000     49.481     49.481      0.000
   164         21  (g)                -51   155     0   207   207   152   149      0.400      1.295   -182.020    182.025      0.000
   165         21  (g)                -51   155     0   209   209   108   152      0.904      1.920   -154.025    154.039      0.000
   166         21  (g)                -53   204   204    11    11   108   107      0.000      0.000      0.015      0.015      0.000
   167         21  (g)                -51   157     0   206   206   153   109     -1.855     -2.993   -738.742    738.750      0.000
   168         21  (g)                -51   157     0   210   210   110   153      0.203     -0.396   -126.922    126.922      0.000
   169         21  (g)                -52   156   156   208   208   149   110      0.348      0.173   -109.538    109.539      0.000
   170         21  (g)                -51   159     0   239   239   154   150     -0.145     -0.238     27.643     27.644      0.000
   171         21  (g)                -51   159     0   240   240   117   154     -0.449      0.048      2.722      2.759      0.000
   172         21  (g)                -52   160   160   236   236   143   117     -0.179     -0.883      1.507      1.756      0.000
   173         21  (g)                -51   158     0   235   235   150   155      0.182      0.187    114.282    114.282      0.000
   174         21  (g)                -51   158     0   241   241   155   139     -0.277      0.513   2109.918   2109.918      0.000
   175         21  (g)                -52   125   125   233   233   139   134      0.047      0.071   1137.642   1137.642      0.000
   176         21  (g)                -51   131     0   219   219   140   156      0.423     -0.271      2.098      2.157      0.000
   177         21  (g)                -51   131     0   224   224   156   141     -0.478      0.326      2.489      2.556      0.000
   178         21  (g)                -52   132   132   220   220   141   111      0.422      0.250      1.553      1.628      0.000
   179         21  (g)                -51   161     0   214   214   157   113      0.044     -0.210      1.099      1.120      0.000
   180         21  (g)                -51   161     0   225   225   151   157      0.600      0.823      1.221      1.590      0.000
   181         21  (g)                -52   162   162   223   223   112   151      0.050      0.253      2.800      2.811      0.000
   182         21  (g)                -61     1     0   142   142   115   103      1.586     -0.756     -1.299      2.185      0.000
   183          2  (u)                -61     2     0    78    78   101     0     -0.488      0.920   -800.260    800.261      0.000
   184         21  (g)                -62   140   140   306   306   101   144      2.030      0.602    -13.622     13.786      0.000
   185          4  (c)                -62   148   148   334   334   102     0     -1.521     -3.198   -140.646    140.699      1.500
   186         21  (g)                -62   146   146   336   336   115   146      0.179      2.997    -12.270     12.632      0.000
   187         -4  (cbar)             -62    82    82   258   258     0   126      0.791     -0.388   -155.720    155.730      1.500
   188          2  (u)                -62    83    83   257   257   126     0     -1.361     -0.001   -475.095    475.097      0.330
   189         21  (g)                -62   141   141   305   305   144   103      1.098      0.506     -2.852      3.098      0.000
   190         21  (g)                -62   147   147   335   335   146   102     -0.118     -0.354     -1.354      1.404      0.000
   191         21  (g)                -61     1     0    55    55   101   115     -2.313     -1.017    406.570    406.578      0.000
   192         21  (g)                -61     2     0    56    56   110   101      0.612     -1.458   -813.621    813.623      0.000
   193          2  (u)                -62   102   102   261   261   133     0      1.878      5.503    -62.612     62.883      0.330
   194         -2  (ubar)             -62    76    76   355   355     0   111     -3.449     -4.070     -2.116      5.749      0.330
   195         21  (g)                -62   119   119   252     0   129   140      1.916      1.323     10.024     10.291      0.000
   196         21  (g)                -62   121   121   255     0   121   154     -3.306     -2.603    368.330    368.354      0.000
   197         21  (g)                -62   116   116   245     0   125   153      1.424     -2.343   -646.910    646.916      0.000
   198         21  (g)                -62    99    99   256     0   105   145     -0.609      0.470      0.686      1.031      0.000
   199         21  (g)                -62   100   100   348   348   132   141      1.893      0.388      3.024      3.589      0.000
   200         21  (g)                -62   115   115   248     0   106   133     -0.480     -0.034     -3.371      3.405      0.000
   201         21  (g)                -62   118   118   246     0   135   118     -0.247     -0.231    -20.119     20.122      0.000
   202         21  (g)                -62   117   117   246     0   136   135     -0.335     -0.686    -75.920     75.924      0.000
   203         21  (g)                -62   120   120   340   340   137   121     -0.387     -0.193     21.933     21.938      0.000
   204         21  (g)                -61     1     0   166   166   109   109     -0.088     -1.665    -45.926     45.956      0.000
   205         21  (g)                -61     2     0    12    12   107   107      0.537     -0.545  -1307.712   1307.712      0.000
   206         21  (g)                -62   167   167   271   271   153   130     -1.507     -3.846   -922.854    922.863      0.000
   207         21  (g)                -62   164   164   247     0   152   119      0.429      0.966   -115.937    115.941      0.000
   208         21  (g)                -62   169   169   249     0   149   120      0.387      0.093    -99.436     99.437      0.000
   209         21  (g)                -62   165   165   263   263   108   138      0.879      1.077    -66.363     66.378      0.000
   210         21  (g)                -62   168   168   245     0   110   125      0.262     -0.501   -149.048    149.049      0.000
   211         21  (g)                -61     1     0   163   163   131   131     -0.322      0.566     49.384     49.388      0.000
   212         21  (g)                -61     2     0    92    92   122   122     -2.489      0.962     -4.918      5.595      0.000
   213         21  (g)                -62   128   128   341   341   127   137      0.474     -1.011     14.292     14.335      0.000
   214         21  (g)                -62   179   179   250     0   157   114      0.032     -0.196      1.069      1.087      0.000
   215         21  (g)                -62   143   143   350   350   145   151     -1.014      2.282      1.831      3.096      0.000
   216         21  (g)                -62   133   133   354   354   111   116     -0.143     -0.190      0.072      0.248      0.000
   217         21  (g)                -62    97    97   250     0   114   127     -0.352     -2.770     20.602     20.791      0.000
   218         21  (g)                -62    98    98   353   353   116   142     -2.547      1.569     -3.173      4.361      0.000
   219         21  (g)                -62   176   176   346   346   140   112      0.396     -0.242      1.973      2.027      0.000
   220         21  (g)                -62   178   178   252     0   141   129      0.394      0.275      1.475      1.551      0.000
   221         21  (g)                -62   145   145   256     0   113   105     -0.043      0.167     -0.042      0.177      0.000
   222         21  (g)                -62   144   144   254     0   142   147     -0.026      0.123     -0.223      0.256      0.000
   223         21  (g)                -62   181   181   345   345   112   156      0.029      0.286      2.804      2.819      0.000
   224         21  (g)                -62   177   177   251     0   156   117     -0.512      0.362      2.626      2.700      0.000
   225         21  (g)                -62   180   180   349   349   151   132      0.503      0.872      1.159      1.536      0.000
   226         21  (g)                -61     1     0   105   105   124   124      1.488      1.136   3394.163   3394.163      0.000
   227         21  (g)                -61     2     0   106   106   134   134      2.042      0.658   -857.799    857.802      0.000
   228         21  (g)                -62   151   151   265   265   120   152      0.778      2.472   -348.280    348.289      0.000
   229         21  (g)                -62   154   154   268   268   118   128      0.406     -2.079   -123.323    123.341      0.000
   230         21  (g)                -62   109   109   247     0   119   108      0.179      1.120   -107.366    107.372      0.000
   231         21  (g)                -62   152   152   249     0   148   149      0.863     -0.021    -94.530     94.534      0.000
   232         21  (g)                -62   111   111   270   270   130   136     -0.575     -0.280   -145.289    145.291      0.000
   233         21  (g)                -62   175   175   253     0   139   155      0.546      0.452   1137.642   1137.642      0.000
   234         21  (g)                -62   149   149   254     0   147   113      0.718      0.672     -0.633      1.170      0.000
   235         21  (g)                -62   173   173   338   338   150   139      0.232      0.225    114.282    114.283      0.000
   236         21  (g)                -62   172   172   343   343   143   157     -0.178     -0.883      1.507      1.755      0.000
   237         21  (g)                -62   150   150   248     0   138   106     -0.344     -0.380     -5.634      5.657      0.000
   238         21  (g)                -62   153   153   267   267   128   148      0.839     -0.544    -32.294     32.310      0.000
   239         21  (g)                -62   170   170   255     0   154   150     -0.133     -0.228     27.643     27.644      0.000
   240         21  (g)                -62   171   171   251     0   117   143     -0.448      0.049      2.721      2.758      0.000
   241         21  (g)                -62   174   174   253     0   155   115      0.648      1.219   2109.918   2109.919      0.000
   242          2  (u)                -63     1     0   304   304   103     0     -0.613      0.809     35.013     35.029      0.330
   243       2103  (ud_1)             -63     1     0   307   307     0   101      0.263      0.927   3114.056   3114.057      0.771
   244       2101  (ud_0)             -63     2     0   273   273     0   110     -0.214     -0.536  -3167.651   3167.651      0.579
   245         21  (g)                -73   197   210   272   272   110   153      1.685     -2.844   -795.958    795.965      0.160
   246         21  (g)                -73   201   202   269   269   136   118     -0.582     -0.917    -96.039     96.046      0.322
   247         21  (g)                -73   207   230   264   264   152   108      0.608      2.086   -223.303    223.313      0.327
   248         21  (g)                -73   200   237   262   262   138   133     -0.824     -0.414     -9.005      9.062      0.434
   249         21  (g)                -73   208   231   266   266   148   120      1.250      0.072   -193.966    193.971      0.520
   250         21  (g)                -73   214   217   342   342   157   127     -0.320     -2.966     21.671     21.878      0.316
   251         21  (g)                -73   224   240   344   344   156   143     -0.959      0.411      5.347      5.458      0.328
   252         21  (g)                -73   195   220   347   347   141   140      2.310      1.598     11.498     11.842      0.345
   253         21  (g)                -73   233   241   337   337   139   115      1.193      1.671   3247.560   3247.561      0.387
   254         21  (g)                -73   222   234   352   352   142   113      0.692      0.795     -0.855      1.425      0.434
   255         21  (g)                -73   196   239   339   339   121   150     -3.439     -2.831    395.973    395.999      0.436
   256         21  (g)                -73   198   221   351   351   113   145     -0.651      0.636      0.644      1.208      0.463
   257          2  (u)                -71   188   188   259   260   126     0     -1.361     -0.001   -475.095    475.097      0.330
   258         -4  (cbar)             -71   187   187   259   260     0   126      0.791     -0.388   -155.720    155.730      1.500
   259        213  (rho+)             -83   257   258   413   414     0     0     -1.391      0.377   -340.150    340.154      0.613
   260       -411  (D-)               -84   257   258   465   467     0     0      0.821     -0.765   -290.665    290.673      1.870
   261          2  (u)                -71   193   193   274   303   133     0      1.878      5.503    -62.612     62.883      0.330
   262         21  (g)                -71   248   248   274   303   138   133     -0.824     -0.414     -9.005      9.062      0.434
   263         21  (g)                -71   209   209   274   303   108   138      0.879      1.077    -66.363     66.378      0.000
   264         21  (g)                -71   247   247   274   303   152   108      0.608      2.086   -223.303    223.313      0.327
   265         21  (g)                -71   228   228   274   303   120   152      0.778      2.472   -348.280    348.289      0.000
   266         21  (g)                -71   249   249   274   303   148   120      1.250      0.072   -193.966    193.971      0.520
   267         21  (g)                -71   238   238   274   303   128   148      0.839     -0.544    -32.294     32.310      0.000
   268         21  (g)                -71   229   229   274   303   118   128      0.406     -2.079   -123.323    123.341      0.000
   269         21  (g)                -71   246   246   274   303   136   118     -0.582     -0.917    -96.039     96.046      0.322
   270         21  (g)                -71   232   232   274   303   130   136     -0.575     -0.280   -145.289    145.291      0.000
   271         21  (g)                -71   206   206   274   303   153   130     -1.507     -3.846   -922.854    922.863      0.000
   272         21  (g)                -71   245   245   274   303   110   153      1.685     -2.844   -795.958    795.965      0.160
   273       2101  (ud_0)             -71   244   244   274   303     0   110     -0.214     -0.536  -3167.651   3167.651      0.579
   274        223  (omega)            -83   261   273   468   470     0     0      1.219      4.094    -47.084     47.284      0.785
   275        211  pi+                 83   261   273     0     0     0     0      0.358      0.689    -13.679     13.702      0.140
   276       -211  pi-                 83   261   273     0     0     0     0      0.015      0.422     -5.572      5.589      0.140
   277        111  (pi0)              -83   261   273   471   472     0     0     -0.062     -0.015     -0.201      0.250      0.135
   278        111  (pi0)              -83   261   273   473   474     0     0      0.111      0.921    -25.340     25.358      0.135
   279        211  pi+                 83   261   273     0     0     0     0      0.006     -0.576    -11.426     11.442      0.140
   280        331  (eta')             -83   261   273   475   476     0     0      0.397      0.911    -93.026     93.036      0.958
   281        311  (K0)               -83   261   273   415   415     0     0     -0.075      1.039   -100.601    100.608      0.498
   282       -321  K-                  83   261   273     0     0     0     0      0.563      0.230    -37.595     37.604      0.494
   283        111  (pi0)              -83   261   273   477   478     0     0      0.219      0.096    -17.340     17.342      0.135
   284        223  (omega)            -83   261   273   479   481     0     0      0.129      0.876   -147.123    147.128      0.798
   285       2212  p+                  83   261   273     0     0     0     0      0.679      1.272   -179.275    179.284      0.938
   286      -2112  nbar0               83   261   273     0     0     0     0      0.700      0.572   -174.320    174.325      0.940
   287       -211  pi-                 84   261   273     0     0     0     0      0.242     -0.722    -36.898     36.906      0.140
   288        221  (eta)              -84   261   273   482   484     0     0      0.775     -0.846    -64.997     65.009      0.548
   289        221  (eta)              -84   261   273   485   487     0     0     -0.041      0.246   -107.127    107.128      0.548
   290        211  pi+                 84   261   273     0     0     0     0     -0.242     -0.052    -10.536     10.540      0.140
   291       -211  pi-                 84   261   273     0     0     0     0      0.131     -1.720   -157.157    157.166      0.140
   292        221  (eta)              -84   261   273   488   490     0     0     -0.525     -1.130   -292.416    292.420      0.548
   293        221  (eta)              -84   261   273   491   493     0     0     -0.006     -0.530   -112.997    112.999      0.548
   294        211  pi+                 84   261   273     0     0     0     0     -0.003     -0.059    -22.780     22.781      0.140
   295       2112  n0                  84   261   273     0     0     0     0      0.393     -1.315   -293.424    293.429      0.940
   296        221  (eta)              -84   261   273   494   496     0     0     -0.020     -0.242   -163.050    163.051      0.548
   297      -2212  pbar-               84   261   273     0     0     0     0     -1.363     -1.143   -449.912    449.917      0.938
   298        211  pi+                 84   261   273     0     0     0     0      0.396     -1.286   -490.372    490.374      0.140
   299        111  (pi0)              -84   261   273   497   498     0     0     -0.038     -0.419    -49.011     49.013      0.135
   300       -211  pi-                 84   261   273     0     0     0     0      0.667     -0.684   -451.930    451.931      0.140
   301        211  pi+                 84   261   273     0     0     0     0     -0.337     -0.397   -577.475    577.475      0.140
   302        111  (pi0)              -84   261   273   499   500     0     0      0.382     -0.163   -702.961    702.961      0.135
   303       2112  n0                  84   261   273     0     0     0     0     -0.051     -0.319  -1351.311   1351.311      0.940
   304          2  (u)                -71   242   242   308   333   103     0     -0.613      0.809     35.013     35.029      0.330
   305         21  (g)                -71   189   189   308   333   144   103      1.098      0.506     -2.852      3.098      0.000
   306         21  (g)                -71   184   184   308   333   101   144      2.030      0.602    -13.622     13.786      0.000
   307       2103  (ud_1)             -71   243   243   308   333     0   101      0.263      0.927   3114.056   3114.057      0.771
   308        213  (rho+)             -83   304   307   416   417     0     0     -0.369      0.046     17.143     17.160      0.667
   309        221  (eta)              -83   304   307   501   502     0     0      0.142      0.799     12.016     12.056      0.548
   310        221  (eta)              -83   304   307   503   504     0     0     -0.451     -0.622      4.199      4.304      0.548
   311        111  (pi0)              -83   304   307   505   506     0     0     -0.195      0.480      0.717      0.895      0.135
   312       2112  n0                  83   304   307     0     0     0     0      0.302      0.270     -0.868      1.341      0.940
   313      -2112  nbar0               83   304   307     0     0     0     0      1.277      0.534     -1.637      2.341      0.940
   314       -211  pi-                 83   304   307     0     0     0     0     -0.521     -0.598     -0.551      0.976      0.140
   315        213  (rho+)             -83   304   307   418   419     0     0      0.547      0.926     -3.905      4.128      0.796
   316       -211  pi-                 83   304   307     0     0     0     0      0.250     -0.059     -0.254      0.387      0.140
   317        111  (pi0)              -83   304   307   507   508     0     0      0.661     -0.117     -1.749      1.878      0.135
   318        211  pi+                 83   304   307     0     0     0     0     -0.053      0.229     -0.229      0.357      0.140
   319       2112  n0                  83   304   307     0     0     0     0      0.033     -0.506     -3.548      3.705      0.940
   320      -2212  pbar-               83   304   307     0     0     0     0      0.204      0.643     -1.691      2.048      0.938
   321        213  (rho+)             -83   304   307   420   421     0     0      0.794     -0.212      1.029      1.530      0.779
   322        313  (K*0)              -83   304   307   422   423     0     0      0.034     -0.029      0.601      1.170      1.003
   323       -321  K-                  84   304   307     0     0     0     0     -0.391      0.411      1.813      1.963      0.494
   324       3122  Lambda0             84   304   307     0     0     0     0      0.021     -0.362      4.679      4.823      1.116
   325      -3212  (Sigmabar0)        -84   304   307   509   510     0     0      0.269      0.352     18.353     18.397      1.193
   326        111  (pi0)              -84   304   307   511   512     0     0     -0.226     -0.436     28.420     28.424      0.135
   327        211  pi+                 84   304   307     0     0     0     0      0.208      0.118      4.494      4.503      0.140
   328        113  (rho0)             -84   304   307   424   425     0     0     -0.195      0.387     42.377     42.388      0.895
   329        223  (omega)            -84   304   307   513   515     0     0      0.649     -0.154    200.331    200.333      0.776
   330       -211  pi-                 84   304   307     0     0     0     0     -0.578     -0.225     47.241     47.245      0.140
   331        211  pi+                 84   304   307     0     0     0     0      0.147      0.246     25.990     25.992      0.140
   332       2112  n0                  84   304   307     0     0     0     0      0.059      0.930   1848.705   1848.705      0.940
   333        223  (omega)            -84   304   307   516   518     0     0      0.162     -0.210    888.920    888.921      0.783
   334          4  (c)                -71   185   185   356   412   102     0     -1.521     -3.198   -140.646    140.699      1.500
   335         21  (g)                -71   190   190   356   412   146   102     -0.118     -0.354     -1.354      1.404      0.000
   336         21  (g)                -71   186   186   356   412   115   146      0.179      2.997    -12.270     12.632      0.000
   337         21  (g)                -71   253   253   356   412   139   115      1.193      1.671   3247.560   3247.561      0.387
   338         21  (g)                -71   235   235   356   412   150   139      0.232      0.225    114.282    114.283      0.000
   339         21  (g)                -71   255   255   356   412   121   150     -3.439     -2.831    395.973    395.999      0.436
   340         21  (g)                -71   203   203   356   412   137   121     -0.387     -0.193     21.933     21.938      0.000
   341         21  (g)                -71   213   213   356   412   127   137      0.474     -1.011     14.292     14.335      0.000
   342         21  (g)                -71   250   250   356   412   157   127     -0.320     -2.966     21.671     21.878      0.316
   343         21  (g)                -71   236   236   356   412   143   157     -0.178     -0.883      1.507      1.755      0.000
   344         21  (g)                -71   251   251   356   412   156   143     -0.959      0.411      5.347      5.458      0.328
   345         21  (g)                -71   223   223   356   412   112   156      0.029      0.286      2.804      2.819      0.000
   346         21  (g)                -71   219   219   356   412   140   112      0.396     -0.242      1.973      2.027      0.000
   347         21  (g)                -71   252   252   356   412   141   140      2.310      1.598     11.498     11.842      0.345
   348         21  (g)                -71   199   199   356   412   132   141      1.893      0.388      3.024      3.589      0.000
   349         21  (g)                -71   225   225   356   412   151   132      0.503      0.872      1.159      1.536      0.000
   350         21  (g)                -71   215   215   356   412   145   151     -1.014      2.282      1.831      3.096      0.000
   351         21  (g)                -71   256   256   356   412   113   145     -0.651      0.636      0.644      1.208      0.463
   352         21  (g)                -71   254   254   356   412   142   113      0.692      0.795     -0.855      1.425      0.434
   353         21  (g)                -71   218   218   356   412   116   142     -2.547      1.569     -3.173      4.361      0.000
   354         21  (g)                -71   216   216   356   412   111   116     -0.143     -0.190      0.072      0.248      0.000
   355         -2  (ubar)             -71   194   194   356   412     0   111     -3.449     -4.070     -2.116      5.749      0.330
   356        411  (D+)               -83   334   355   519   521     0     0     -0.734     -2.426    -90.256     90.310      1.870
   357       -211  pi-                 83   334   355     0     0     0     0     -0.270     -0.134    -11.153     11.158      0.140
   358        111  (pi0)              -83   334   355   522   523     0     0     -0.172      0.350     -4.599      4.618      0.135
   359        213  (rho+)             -83   334   355   426   427     0     0      0.126     -1.034    -31.483     31.511      0.834
   360       -211  pi-                 83   334   355     0     0     0     0     -0.655      1.209     -6.634      6.777      0.140
   361        321  K+                  83   334   355     0     0     0     0      0.236     -0.173     -2.263      2.335      0.494
   362       -311  (Kbar0)            -83   334   355   428   428     0     0     -0.027     -0.009     -0.534      0.730      0.498
   363       -213  (rho-)             -83   334   355   429   430     0     0      0.289      0.189     -1.485      1.789      0.937
   364        111  (pi0)              -83   334   355   524   525     0     0     -0.519      0.595     -1.486      1.688      0.135
   365        113  (rho0)             -83   334   355   431   432     0     0      0.248      0.220     -2.245      2.443      0.904
   366        111  (pi0)              -83   334   355   526   527     0     0     -0.263      0.309      0.178      0.463      0.135
   367        223  (omega)            -83   334   355   528   530     0     0      0.361     -0.065     -0.787      1.171      0.786
   368        213  (rho+)             -83   334   355   433   434     0     0     -0.025      0.290      0.463      1.032      0.875
   369        223  (omega)            -83   334   355   531   533     0     0     -0.462      0.073      0.659      1.160      0.832
   370        311  (K0)               -83   334   355   435   435     0     0      0.357      0.379      3.487      3.561      0.498
   371       -311  (Kbar0)            -83   334   355   436   436     0     0      0.619     -0.544      5.218      5.306      0.498
   372        111  (pi0)              -83   334   355   534   535     0     0     -0.902      0.354     27.317     27.334      0.135
   373       -211  pi-                 83   334   355     0     0     0     0      0.411     -0.149     10.739     10.749      0.140
   374        213  (rho+)             -83   334   355   437   438     0     0     -0.252      0.203     99.543     99.546      0.776
   375       -213  (rho-)             -83   334   355   439   440     0     0      0.090      0.218    375.225    375.226      0.748
   376        111  (pi0)              -83   334   355   536   537     0     0      0.767     -0.208    516.160    516.161      0.135
   377        111  (pi0)              -83   334   355   538   539     0     0     -0.081      1.067    629.108    629.109      0.135
   378        111  (pi0)              -83   334   355   540   541     0     0      0.299     -0.062    528.838    528.838      0.135
   379        211  pi+                 83   334   355     0     0     0     0      0.398      0.491    217.537    217.538      0.140
   380       -211  pi-                 83   334   355     0     0     0     0     -0.281      0.124    814.714    814.714      0.140
   381        211  pi+                 83   334   355     0     0     0     0     -0.218     -0.145     25.531     25.533      0.140
   382        111  (pi0)              -83   334   355   542   543     0     0     -0.023     -0.931    122.922    122.926      0.135
   383        111  (pi0)              -83   334   355   544   545     0     0     -0.732     -0.013     94.689     94.691      0.135
   384        311  (K0)               -83   334   355   441   441     0     0     -0.390     -0.200     78.061     78.063      0.498
   385       -313  (K*bar0)           -83   334   355   442   443     0     0     -1.379     -1.201    174.504    174.515      0.869
   386        111  (pi0)              -83   334   355   546   547     0     0     -0.300     -0.735     45.675     45.682      0.135
   387       -211  pi-                 84   334   355     0     0     0     0      0.116     -0.799      4.705      4.776      0.140
   388        323  (K*+)              -84   334   355   444   445     0     0     -0.245     -0.939     14.802     14.860      0.887
   389       -321  K-                  84   334   355     0     0     0     0     -0.059     -0.470      9.281      9.306      0.494
   390        211  pi+                 84   334   355     0     0     0     0      0.280     -0.064      4.346      4.358      0.140
   391       -211  pi-                 84   334   355     0     0     0     0     -0.273     -0.462      3.102      3.151      0.140
   392        211  pi+                 84   334   355     0     0     0     0      0.031     -0.317      0.525      0.630      0.140
   393       2114  (Delta0)           -84   334   355   446   447     0     0     -0.443     -0.338      9.816      9.910      1.243
   394        223  (omega)            -84   334   355   548   550     0     0      0.744     -0.050      4.791      4.910      0.772
   395      -2114  (Deltabar0)        -84   334   355   448   449     0     0      0.172      0.117      3.928      4.124      1.240
   396        111  (pi0)              -84   334   355   551   552     0     0      0.053     -0.265      0.692      0.755      0.135
   397       2114  (Delta0)           -84   334   355   450   451     0     0      1.034      0.283      5.002      5.252      1.191
   398        111  (pi0)              -84   334   355   553   554     0     0     -0.082      1.016      2.250      2.474      0.135
   399      -2112  nbar0               84   334   355     0     0     0     0      0.513      0.507      3.953      4.126      0.940
   400       -213  (rho-)             -84   334   355   452   453     0     0      0.568      0.213      2.069      2.260      0.677
   401        331  (eta')             -84   334   355   555   557     0     0      1.139      1.316      1.930      2.770      0.958
   402        221  (eta)              -84   334   355   558   559     0     0     -0.456     -0.076      0.770      1.052      0.548
   403        211  pi+                 84   334   355     0     0     0     0      0.124      0.404     -0.208      0.492      0.140
   404        313  (K*0)              -84   334   355   454   455     0     0     -0.250      1.019      0.686      1.556      0.921
   405       -321  K-                  84   334   355     0     0     0     0     -0.253      0.808     -0.098      0.985      0.494
   406        321  K+                  84   334   355     0     0     0     0     -0.812      0.461      0.048      1.057      0.494
   407       -311  (Kbar0)            -84   334   355   456   456     0     0     -0.415      0.347     -0.567      0.928      0.498
   408        223  (omega)            -84   334   355   560   562     0     0     -0.409      0.048     -0.015      0.879      0.776
   409        113  (rho0)             -84   334   355   457   458     0     0     -0.128      0.430     -1.203      1.454      0.682
   410       -213  (rho-)             -84   334   355   459   460     0     0     -0.632     -0.288     -0.395      1.104      0.762
   411        113  (rho0)             -84   334   355   461   462     0     0     -2.076     -1.624     -1.692      3.343      1.167
   412        113  (rho0)             -84   334   355   463   464     0     0     -1.582     -1.523     -0.999      2.652      1.101
   413        211  pi+                 91   259     0     0     0     0     0     -0.310     -0.119    -64.445     64.446      0.140
   414        111  (pi0)              -91   259     0   563   564     0     0     -1.081      0.496   -275.705    275.708      0.135
   415        310  K_S0                91   281   281     0     0     0     0     -0.075      1.039   -100.601    100.608      0.498
   416        211  pi+                 91   308     0     0     0     0     0     -0.342      0.145      4.968      4.984      0.140
   417        111  (pi0)              -91   308     0   565   566     0     0     -0.027     -0.099     12.175     12.176      0.135
   418        211  pi+                 91   315     0     0     0     0     0      0.377      0.305     -0.744      0.900      0.140
   419        111  (pi0)              -91   315     0   567   568     0     0      0.169      0.621     -3.161      3.228      0.135
   420        211  pi+                 91   321     0     0     0     0     0      0.243     -0.149     -0.039      0.320      0.140
   421        111  (pi0)              -91   321     0   569   570     0     0      0.551     -0.063      1.067      1.210      0.135
   422        321  K+                  91   322     0     0     0     0     0     -0.251     -0.100      0.098      0.571      0.494
   423       -211  pi-                 91   322     0     0     0     0     0      0.285      0.071      0.503      0.599      0.140
   424        211  pi+                 91   328     0     0     0     0     0      0.132      0.518     31.985     31.990      0.140
   425       -211  pi-                 91   328     0     0     0     0     0     -0.327     -0.131     10.392     10.399      0.140
   426        211  pi+                 91   359     0     0     0     0     0      0.253     -1.094    -25.533     25.558      0.140
   427        111  (pi0)              -91   359     0   571   572     0     0     -0.127      0.060     -5.949      5.953      0.135
   428        310  K_S0                91   362   362     0     0     0     0     -0.027     -0.009     -0.534      0.730      0.498
   429       -211  pi-                 91   363     0     0     0     0     0      0.273     -0.209     -1.257      1.311      0.140
   430        111  (pi0)              -91   363     0   573   574     0     0      0.015      0.398     -0.228      0.478      0.135
   431        211  pi+                 91   365     0     0     0     0     0      0.293     -0.247     -0.589      0.716      0.140
   432       -211  pi-                 91   365     0     0     0     0     0     -0.045      0.467     -1.656      1.727      0.140
   433        211  pi+                 91   368     0     0     0     0     0     -0.363      0.139      0.487      0.638      0.140
   434        111  (pi0)              -91   368     0   575   576     0     0      0.337      0.151     -0.024      0.394      0.135
   435        310  K_S0                91   370   370     0     0     0     0      0.357      0.379      3.487      3.561      0.498
   436        310  K_S0                91   371   371     0     0     0     0      0.619     -0.544      5.218      5.306      0.498
   437        211  pi+                 91   374     0     0     0     0     0     -0.074      0.308     18.882     18.885      0.140
   438        111  (pi0)              -91   374     0   577   578     0     0     -0.178     -0.105     80.660     80.661      0.135
   439       -211  pi-                 91   375     0     0     0     0     0      0.120      0.268    359.130    359.130      0.140
   440        111  (pi0)              -91   375     0   579   580     0     0     -0.031     -0.050     16.096     16.096      0.135
   441        310  K_S0                91   384   384     0     0     0     0     -0.390     -0.200     78.061     78.063      0.498
   442       -321  K-                  91   385     0     0     0     0     0     -0.406     -0.436     73.172     73.176      0.494
   443        211  pi+                 91   385     0     0     0     0     0     -0.973     -0.765    101.332    101.340      0.140
   444        321  K+                  91   388     0     0     0     0     0     -0.050     -0.279      8.578      8.597      0.494
   445        111  (pi0)              -91   388     0   581   582     0     0     -0.194     -0.661      6.224      6.263      0.135
   446       2112  n0                  91   393     0     0     0     0     0     -0.531     -0.197      6.948      7.034      0.940
   447        111  (pi0)              -91   393     0   583   584     0     0      0.088     -0.141      2.868      2.876      0.135
   448      -2112  nbar0               91   395     0     0     0     0     0      0.329     -0.010      2.837      3.007      0.940
   449        111  (pi0)              -91   395     0   585   586     0     0     -0.157      0.127      1.090      1.117      0.135
   450       2212  p+                  91   397     0     0     0     0     0      0.690      0.202      3.213      3.423      0.938
   451       -211  pi-                 91   397     0     0     0     0     0      0.344      0.081      1.789      1.829      0.140
   452       -211  pi-                 91   400     0     0     0     0     0      0.040      0.128      0.106      0.221      0.140
   453        111  (pi0)              -91   400     0   587   588     0     0      0.528      0.085      1.963      2.039      0.135
   454        321  K+                  91   404     0     0     0     0     0     -0.388      0.587      0.655      1.081      0.494
   455       -211  pi-                 91   404     0     0     0     0     0      0.138      0.432      0.032      0.475      0.140
   456        310  K_S0                91   407   407     0     0     0     0     -0.415      0.347     -0.567      0.928      0.498
   457        211  pi+                 91   409     0     0     0     0     0     -0.370      0.156     -0.627      0.757      0.140
   458       -211  pi-                 91   409     0     0     0     0     0      0.242      0.274     -0.576      0.697      0.140
   459       -211  pi-                 91   410     0     0     0     0     0      0.015      0.168     -0.149      0.265      0.140
   460        111  (pi0)              -91   410     0   589   590     0     0     -0.648     -0.455     -0.246      0.840      0.135
   461        211  pi+                 91   411     0     0     0     0     0     -0.114      0.145     -0.195      0.303      0.140
   462       -211  pi-                 91   411     0     0     0     0     0     -1.963     -1.769     -1.497      3.040      0.140
   463        211  pi+                 91   412     0     0     0     0     0     -0.685     -0.407     -0.900      1.210      0.140
   464       -211  pi-                 91   412     0     0     0     0     0     -0.897     -1.116     -0.099      1.442      0.140
   465         11  e-                  91   260     0     0     0     0     0      0.390     -0.230    -84.357     84.358      0.001
   466        -12  nu_ebar             91   260     0     0     0     0     0      0.738     -0.328   -102.822    102.825      0.000
   467        113  (rho0)             -91   260     0   591   592     0     0     -0.307     -0.207   -103.486    103.490      0.805
   468        211  pi+                 91   274     0     0     0     0     0      0.397      0.729     -7.619      7.665      0.140
   469       -211  pi-                 91   274     0     0     0     0     0      0.674      2.310    -27.139     27.246      0.140
   470        111  (pi0)              -91   274     0   593   594     0     0      0.148      1.054    -12.326     12.373      0.135
   471         22  gamma               91   277     0     0     0     0     0     -0.074      0.042     -0.081      0.118      0.000
   472         22  gamma               91   277     0     0     0     0     0      0.012     -0.057     -0.119      0.133      0.000
   473         22  gamma               91   278     0     0     0     0     0      0.045      0.254     -8.739      8.742      0.000
   474         22  gamma               91   278     0     0     0     0     0      0.066      0.667    -16.602     16.615      0.000
   475        113  (rho0)             -91   280     0   595   596     0     0      0.257      0.963    -88.635     88.642      0.609
   476         22  gamma               91   280     0     0     0     0     0      0.140     -0.052     -4.391      4.394      0.000
   477         22  gamma               91   283     0     0     0     0     0     -0.019      0.006     -1.584      1.585      0.000
   478         22  gamma               91   283     0     0     0     0     0      0.237      0.090    -15.756     15.758      0.000
   479        211  pi+                 91   284     0     0     0     0     0     -0.022      0.304    -78.243     78.244      0.140
   480       -211  pi-                 91   284     0     0     0     0     0      0.201      0.406    -57.725     57.727      0.140
   481        111  (pi0)              -91   284     0   597   598     0     0     -0.050      0.166    -11.154     11.156      0.135
   482        111  (pi0)              -91   288     0   599   600     0     0      0.506     -0.428    -34.551     34.558      0.135
   483        111  (pi0)              -91   288     0   601   602     0     0      0.165     -0.320    -16.864     16.869      0.135
   484        111  (pi0)              -91   288     0   603   604     0     0      0.104     -0.097    -13.581     13.582      0.135
   485        211  pi+                 91   289     0     0     0     0     0     -0.115     -0.039    -41.352     41.352      0.140
   486       -211  pi-                 91   289     0     0     0     0     0      0.025      0.094    -25.794     25.795      0.140
   487        111  (pi0)              -91   289     0   605   606     0     0      0.049      0.192    -39.981     39.982      0.135
   488        111  (pi0)              -91   292     0   607   608     0     0     -0.263     -0.330   -120.060    120.061      0.135
   489        111  (pi0)              -91   292     0   609   610     0     0     -0.111     -0.526   -115.504    115.505      0.135
   490        111  (pi0)              -91   292     0   611   612     0     0     -0.151     -0.274    -56.853     56.854      0.135
   491        211  pi+                 91   293     0     0     0     0     0     -0.003     -0.006    -12.815     12.816      0.140
   492       -211  pi-                 91   293     0     0     0     0     0     -0.008     -0.378    -68.298     68.299      0.140
   493        111  (pi0)              -91   293     0   613   614     0     0      0.006     -0.146    -31.883     31.884      0.135
   494        111  (pi0)              -91   296     0   615   616     0     0     -0.038     -0.106    -35.903     35.903      0.135
   495        111  (pi0)              -91   296     0   617   618     0     0      0.126     -0.029    -81.992     81.993      0.135
   496        111  (pi0)              -91   296     0   619   620     0     0     -0.108     -0.107    -45.155     45.155      0.135
   497         22  gamma               91   299     0     0     0     0     0     -0.073     -0.359    -43.847     43.849      0.000
   498         22  gamma               91   299     0     0     0     0     0      0.034     -0.060     -5.164      5.164      0.000
   499         22  gamma               91   302     0     0     0     0     0      0.019     -0.037    -33.517     33.517      0.000
   500         22  gamma               91   302     0     0     0     0     0      0.363     -0.126   -669.444    669.444      0.000
   501         22  gamma               91   309     0     0     0     0     0     -0.105     -0.026      0.883      0.890      0.000
   502         22  gamma               91   309     0     0     0     0     0      0.247      0.825     11.133     11.166      0.000
   503         22  gamma               91   310     0     0     0     0     0     -0.106     -0.229      2.783      2.794      0.000
   504         22  gamma               91   310     0     0     0     0     0     -0.345     -0.392      1.417      1.510      0.000
   505         22  gamma               91   311     0     0     0     0     0     -0.048      0.148      0.326      0.361      0.000
   506         22  gamma               91   311     0     0     0     0     0     -0.147      0.333      0.391      0.534      0.000
   507         22  gamma               91   317     0     0     0     0     0      0.232     -0.087     -0.772      0.811      0.000
   508         22  gamma               91   317     0     0     0     0     0      0.429     -0.029     -0.977      1.067      0.000
   509      -3122  Lambdabar0          91   325     0     0     0     0     0      0.321      0.336     17.897     17.938      1.116
   510         22  gamma               91   325     0     0     0     0     0     -0.052      0.016      0.456      0.459      0.000
   511         22  gamma               91   326     0     0     0     0     0     -0.046     -0.158     12.756     12.758      0.000
   512         22  gamma               91   326     0     0     0     0     0     -0.180     -0.278     15.663     15.667      0.000
   513        211  pi+                 91   329     0     0     0     0     0      0.302      0.068     47.819     47.820      0.140
   514       -211  pi-                 91   329     0     0     0     0     0     -0.016     -0.090     17.732     17.733      0.140
   515        111  (pi0)              -91   329     0   621   622     0     0      0.363     -0.132    134.779    134.780      0.135
   516        211  pi+                 91   333     0     0     0     0     0      0.131     -0.249    456.137    456.137      0.140
   517       -211  pi-                 91   333     0     0     0     0     0      0.043      0.166    349.193    349.194      0.140
   518        111  (pi0)              -91   333     0   623   624     0     0     -0.012     -0.127     83.590     83.590      0.135
   519       -321  K-                  91   356     0     0     0     0     0     -0.389     -1.832    -56.124     56.157      0.494
   520        211  pi+                 91   356     0     0     0     0     0     -0.017     -0.442    -29.947     29.951      0.140
   521        211  pi+                 91   356     0     0     0     0     0     -0.328     -0.152     -4.184      4.202      0.140
   522         22  gamma               91   358     0     0     0     0     0     -0.097      0.065     -1.151      1.157      0.000
   523         22  gamma               91   358     0     0     0     0     0     -0.075      0.285     -3.448      3.461      0.000
   524         22  gamma               91   364     0     0     0     0     0     -0.198      0.149     -0.538      0.592      0.000
   525         22  gamma               91   364     0     0     0     0     0     -0.321      0.446     -0.948      1.096      0.000
   526         22  gamma               91   366     0     0     0     0     0     -0.200      0.172      0.167      0.313      0.000
   527         22  gamma               91   366     0     0     0     0     0     -0.063      0.136      0.011      0.150      0.000
   528        211  pi+                 91   367     0     0     0     0     0     -0.022     -0.053     -0.512      0.534      0.140
   529       -211  pi-                 91   367     0     0     0     0     0      0.200     -0.024     -0.322      0.404      0.140
   530        111  (pi0)              -91   367     0   625   626     0     0      0.184      0.012      0.047      0.233      0.135
   531        211  pi+                 91   369     0     0     0     0     0      0.061     -0.098      0.258      0.315      0.140
   532       -211  pi-                 91   369     0     0     0     0     0     -0.437     -0.059      0.259      0.531      0.140
   533        111  (pi0)              -91   369     0   627   628     0     0     -0.086      0.230      0.142      0.314      0.135
   534         22  gamma               91   372     0     0     0     0     0     -0.604      0.176     16.746     16.758      0.000
   535         22  gamma               91   372     0     0     0     0     0     -0.298      0.178     10.570     10.576      0.000
   536         22  gamma               91   376     0     0     0     0     0      0.075     -0.065     60.293     60.293      0.000
   537         22  gamma               91   376     0     0     0     0     0      0.692     -0.143    455.867    455.867      0.000
   538         22  gamma               91   377     0     0     0     0     0     -0.119      0.786    462.075    462.076      0.000
   539         22  gamma               91   377     0     0     0     0     0      0.038      0.281    167.032    167.033      0.000
   540         22  gamma               91   378     0     0     0     0     0      0.077     -0.071    124.393    124.393      0.000
   541         22  gamma               91   378     0     0     0     0     0      0.222      0.010    404.445    404.445      0.000
   542         22  gamma               91   382     0     0     0     0     0      0.051     -0.531     67.335     67.337      0.000
   543         22  gamma               91   382     0     0     0     0     0     -0.074     -0.401     55.588     55.589      0.000
   544         22  gamma               91   383     0     0     0     0     0     -0.324     -0.020     50.495     50.496      0.000
   545         22  gamma               91   383     0     0     0     0     0     -0.408      0.007     44.194     44.196      0.000
   546         22  gamma               91   386     0     0     0     0     0     -0.051     -0.056      2.902      2.903      0.000
   547         22  gamma               91   386     0     0     0     0     0     -0.249     -0.679     42.774     42.780      0.000
   548        211  pi+                 91   394     0     0     0     0     0      0.130     -0.140      1.380      1.400      0.140
   549       -211  pi-                 91   394     0     0     0     0     0     -0.043      0.043      0.727      0.742      0.140
   550        111  (pi0)              -91   394     0   629   630     0     0      0.657      0.047      2.684      2.767      0.135
   551         22  gamma               91   396     0     0     0     0     0      0.085     -0.088      0.296      0.320      0.000
   552         22  gamma               91   396     0     0     0     0     0     -0.031     -0.178      0.395      0.435      0.000
   553         22  gamma               91   398     0     0     0     0     0     -0.097      0.923      1.955      2.164      0.000
   554         22  gamma               91   398     0     0     0     0     0      0.015      0.093      0.296      0.310      0.000
   555        111  (pi0)              -91   401     0   631   632     0     0      0.334      0.414      0.360      0.656      0.135
   556        111  (pi0)              -91   401     0   633   634     0     0      0.035      0.164      0.252      0.332      0.135
   557        221  (eta)              -91   401     0   635   637     0     0      0.771      0.737      1.318      1.782      0.548
   558         22  gamma               91   402     0     0     0     0     0     -0.360      0.205      0.381      0.563      0.000
   559         22  gamma               91   402     0     0     0     0     0     -0.096     -0.281      0.389      0.489      0.000
   560        211  pi+                 91   408     0     0     0     0     0     -0.228     -0.105     -0.075      0.297      0.140
   561       -211  pi-                 91   408     0     0     0     0     0      0.029     -0.035      0.193      0.242      0.140
   562        111  (pi0)              -91   408     0   638   639     0     0     -0.210      0.188     -0.133      0.340      0.135
   563         22  gamma               91   414     0     0     0     0     0     -0.736      0.397   -199.700    199.702      0.000
   564         22  gamma               91   414     0     0     0     0     0     -0.345      0.098    -76.005     76.006      0.000
   565         22  gamma               91   417     0     0     0     0     0     -0.041     -0.036     10.197     10.197      0.000
   566         22  gamma               91   417     0     0     0     0     0      0.013     -0.063      1.978      1.979      0.000
   567         22  gamma               91   419     0     0     0     0     0      0.093      0.433     -1.861      1.913      0.000
   568         22  gamma               91   419     0     0     0     0     0      0.076      0.188     -1.299      1.315      0.000
   569         22  gamma               91   421     0     0     0     0     0      0.268     -0.053      0.659      0.713      0.000
   570         22  gamma               91   421     0     0     0     0     0      0.283     -0.010      0.408      0.497      0.000
   571         22  gamma               91   427     0     0     0     0     0     -0.021      0.035     -3.971      3.972      0.000
   572         22  gamma               91   427     0     0     0     0     0     -0.106      0.025     -1.978      1.981      0.000
   573         22  gamma               91   430     0     0     0     0     0      0.017      0.269     -0.222      0.349      0.000
   574         22  gamma               91   430     0     0     0     0     0     -0.001      0.129     -0.006      0.130      0.000
   575         22  gamma               91   434     0     0     0     0     0      0.263      0.099     -0.074      0.290      0.000
   576         22  gamma               91   434     0     0     0     0     0      0.075      0.052      0.050      0.104      0.000
   577         22  gamma               91   438     0     0     0     0     0     -0.187     -0.085     78.426     78.426      0.000
   578         22  gamma               91   438     0     0     0     0     0      0.010     -0.020      2.235      2.235      0.000
   579         22  gamma               91   440     0     0     0     0     0     -0.058      0.004      3.188      3.189      0.000
   580         22  gamma               91   440     0     0     0     0     0      0.027     -0.054     12.907     12.907      0.000
   581         22  gamma               91   445     0     0     0     0     0     -0.108     -0.346      3.872      3.889      0.000
   582         22  gamma               91   445     0     0     0     0     0     -0.086     -0.314      2.352      2.375      0.000
   583         22  gamma               91   447     0     0     0     0     0      0.102     -0.037      1.356      1.360      0.000
   584         22  gamma               91   447     0     0     0     0     0     -0.014     -0.104      1.512      1.516      0.000
   585         22  gamma               91   449     0     0     0     0     0     -0.046      0.073      0.752      0.757      0.000
   586         22  gamma               91   449     0     0     0     0     0     -0.111      0.054      0.338      0.360      0.000
   587         22  gamma               91   453     0     0     0     0     0      0.120     -0.037      0.429      0.447      0.000
   588         22  gamma               91   453     0     0     0     0     0      0.408      0.122      1.534      1.592      0.000
   589         22  gamma               91   460     0     0     0     0     0     -0.442     -0.252     -0.110      0.521      0.000
   590         22  gamma               91   460     0     0     0     0     0     -0.206     -0.203     -0.135      0.319      0.000
   591        211  pi+                 91   467     0     0     0     0     0      0.130      0.175    -20.241     20.242      0.140
   592       -211  pi-                 91   467     0     0     0     0     0     -0.437     -0.382    -83.246     83.248      0.140
   593         22  gamma               91   470     0     0     0     0     0     -0.020      0.277     -3.332      3.344      0.000
   594         22  gamma               91   470     0     0     0     0     0      0.167      0.777     -8.994      9.029      0.000
   595        211  pi+                 91   475     0     0     0     0     0     -0.156      0.399    -30.740     30.743      0.140
   596       -211  pi-                 91   475     0     0     0     0     0      0.413      0.563    -57.895     57.899      0.140
   597         22  gamma               91   481     0     0     0     0     0      0.003      0.167     -8.358      8.360      0.000
   598         22  gamma               91   481     0     0     0     0     0     -0.053     -0.001     -2.796      2.796      0.000
   599         22  gamma               91   482     0     0     0     0     0      0.411     -0.404    -30.329     30.334      0.000
   600         22  gamma               91   482     0     0     0     0     0      0.096     -0.024     -4.223      4.224      0.000
   601         22  gamma               91   483     0     0     0     0     0      0.089     -0.244     -9.316      9.319      0.000
   602         22  gamma               91   483     0     0     0     0     0      0.076     -0.076     -7.549      7.550      0.000
   603         22  gamma               91   484     0     0     0     0     0      0.087     -0.130    -11.758     11.759      0.000
   604         22  gamma               91   484     0     0     0     0     0      0.017      0.033     -1.823      1.824      0.000
   605         22  gamma               91   487     0     0     0     0     0      0.054      0.211    -37.167     37.168      0.000
   606         22  gamma               91   487     0     0     0     0     0     -0.006     -0.020     -2.813      2.813      0.000
   607         22  gamma               91   488     0     0     0     0     0     -0.216     -0.196    -68.233     68.234      0.000
   608         22  gamma               91   488     0     0     0     0     0     -0.047     -0.134    -51.827     51.827      0.000
   609         22  gamma               91   489     0     0     0     0     0      0.017     -0.029    -12.983     12.983      0.000
   610         22  gamma               91   489     0     0     0     0     0     -0.129     -0.498   -102.521    102.522      0.000
   611         22  gamma               91   490     0     0     0     0     0     -0.007     -0.026    -15.548     15.548      0.000
   612         22  gamma               91   490     0     0     0     0     0     -0.144     -0.248    -41.305     41.306      0.000
   613         22  gamma               91   493     0     0     0     0     0     -0.058     -0.029     -9.255      9.255      0.000
   614         22  gamma               91   493     0     0     0     0     0      0.064     -0.116    -22.629     22.629      0.000
   615         22  gamma               91   494     0     0     0     0     0     -0.011     -0.115    -16.409     16.409      0.000
   616         22  gamma               91   494     0     0     0     0     0     -0.027      0.010    -19.494     19.494      0.000
   617         22  gamma               91   495     0     0     0     0     0      0.111      0.019    -34.012     34.012      0.000
   618         22  gamma               91   495     0     0     0     0     0      0.015     -0.048    -47.980     47.980      0.000
   619         22  gamma               91   496     0     0     0     0     0     -0.060     -0.135    -32.474     32.474      0.000
   620         22  gamma               91   496     0     0     0     0     0     -0.048      0.028    -12.681     12.681      0.000
   621         22  gamma               91   515     0     0     0     0     0     -0.003     -0.006      0.381      0.381      0.000
   622         22  gamma               91   515     0     0     0     0     0      0.366     -0.126    134.399    134.399      0.000
   623         22  gamma               91   518     0     0     0     0     0      0.016     -0.040      6.140      6.140      0.000
   624         22  gamma               91   518     0     0     0     0     0     -0.028     -0.087     77.450     77.450      0.000
   625         22  gamma               91   530     0     0     0     0     0      0.166     -0.016     -0.010      0.167      0.000
   626         22  gamma               91   530     0     0     0     0     0      0.017      0.027      0.057      0.066      0.000
   627         22  gamma               91   533     0     0     0     0     0      0.029      0.030     -0.003      0.042      0.000
   628         22  gamma               91   533     0     0     0     0     0     -0.114      0.200      0.145      0.272      0.000
   629         22  gamma               91   550     0     0     0     0     0      0.628      0.025      2.415      2.495      0.000
   630         22  gamma               91   550     0     0     0     0     0      0.029      0.022      0.270      0.272      0.000
   631         22  gamma               91   555     0     0     0     0     0      0.017     -0.009      0.022      0.029      0.000
   632         22  gamma               91   555     0     0     0     0     0      0.316      0.423      0.338      0.627      0.000
   633         22  gamma               91   556     0     0     0     0     0     -0.043      0.095      0.084      0.134      0.000
   634         22  gamma               91   556     0     0     0     0     0      0.078      0.070      0.168      0.198      0.000
   635        111  (pi0)              -91   557     0   640   641     0     0      0.221      0.172      0.519      0.605      0.135
   636        111  (pi0)              -91   557     0   642   643     0     0      0.290      0.272      0.249      0.488      0.135
   637        111  (pi0)              -91   557     0   644   645     0     0      0.260      0.293      0.550      0.688      0.135
   638         22  gamma               91   562     0     0     0     0     0     -0.059      0.135     -0.095      0.175      0.000
   639         22  gamma               91   562     0     0     0     0     0     -0.151      0.054     -0.037      0.164      0.000
   640         22  gamma               91   635     0     0     0     0     0      0.029      0.024      0.006      0.038      0.000
   641         22  gamma               91   635     0     0     0     0     0      0.192      0.148      0.513      0.568      0.000
   642         22  gamma               91   636     0     0     0     0     0      0.187      0.251      0.205      0.374      0.000
   643         22  gamma               91   636     0     0     0     0     0      0.103      0.021      0.044      0.114      0.000
   644         22  gamma               91   637     0     0     0     0     0      0.086      0.027      0.075      0.117      0.000
   645         22  gamma               91   637     0     0     0     0     0      0.174      0.266      0.475      0.571      0.000
                                   Charge sum:  2.000           Momentum sum:     -0.000      0.000     -0.000  14000.000  14000.000

 --------  End PYTHIA Event Listing  -----------------------------------------------------------------------------------------------
 PYTHIA Warning in StringFragmentation::fragmentToJunction: bad convergence junction rest frame  
 PYTHIA Warning in Pythia::check: energy-momentum not quite conserved  

 Pythia::next(): 1000 events have been generated 

 Pythia::next(): 2000 events have been generated 

 Pythia::next(): 3000 events have been generated 
 PYTHIA Error in StringFragmentation::fragment: stuck in joining  
 PYTHIA Error in Pythia::next: hadronLevel failed; try again  
 PYTHIA Warning in SimpleSpaceShower::pT2nextQCD: small daughter PDF  

 Pythia::next(): 4000 events have been generated 
 PYTHIA Warning in Pythia::check: not quite matched particle energy/momentum/mass  

 Pythia::next(): 5000 events have been generated 

 Pythia::next(): 6000 events have been generated 
 PYTHIA Warning in SimpleSpaceShower::pT2nextQCD: weight above unity  

 Pythia::next(): 7000 events have been generated 

 Pythia::next(): 8000 events have been generated 

 Pythia::next(): 9000 events have been generated 
