
 *------------------------------------------------------------------------------------* 
 |                                                                                    | 
 |  *------------------------------------------------------------------------------*  | 
 |  |                                                                              |  | 
 |  |                                                                              |  | 
 |  |   PPP   Y   Y  TTTTT  H   H  III    A      Welcome to the Lund Monte Carlo!  |  | 
 |  |   P  P   Y Y     T    H   H   I    A A     This is PYTHIA version 8.243      |  | 
 |  |   PPP     Y      T    HHHHH   I   AAAAA    Last date of change:  4 Jul 2019  |  | 
 |  |   P       Y      T    H   H   I   A   A                                      |  | 
 |  |   P       Y      T    H   H  III  A   A    Now is 14 Nov 2019 at 15:59:03    |  | 
 |  |                                                                              |  | 
 |  |   Christian Bierlich;  Department of Astronomy and Theoretical Physics,      |  | 
 |  |      Lund University, Solvegatan 14A, SE-223 62 Lund, Sweden;                |  | 
 |  |      e-mail: christian.bierlich@thep.lu.se                                   |  | 
 |  |   Nishita Desai;  Department of Theoretical Physics, Tata Institute,         |  | 
 |  |      Homi Bhabha Road, Mumbai 400005, India;                                 |  | 
 |  |      e-mail: desai@theory.tifr.res.in                                        |  | 
 |  |   Ilkka Helenius;  Department of Physics, University of Jyvaskyla,           |  | 
 |  |      P.O. Box 35, FI-40014 University of Jyvaskyla, Finland;                 |  | 
 |  |      e-mail: ilkka.m.helenius@jyu.fi                                         |  | 
 |  |   Philip Ilten;  School of Physics and Astronomy,                            |  | 
 |  |      University of Birmingham, Birmingham, B152 2TT, UK;                     |  | 
 |  |      e-mail: philten@cern.ch                                                 |  | 
 |  |   Leif Lonnblad;  Department of Astronomy and Theoretical Physics,           |  | 
 |  |      Lund University, Solvegatan 14A, SE-223 62 Lund, Sweden;                |  | 
 |  |      e-mail: leif.lonnblad@thep.lu.se                                        |  | 
 |  |   Stephen Mrenna;  Computing Division, Simulations Group,                    |  | 
 |  |      Fermi National Accelerator Laboratory, MS 234, Batavia, IL 60510, USA;  |  | 
 |  |      e-mail: mrenna@fnal.gov                                                 |  | 
 |  |   Stefan Prestel;  Department of Astronomy and Theoretical Physics,          |  | 
 |  |      Lund University, Solvegatan 14A, SE-223 62 Lund, Sweden;                |  | 
 |  |      e-mail: stefan.prestel@thep.lu.se                                       |  | 
 |  |   Christine O. Rasmussen;  Department of Astronomy and Theoretical Physics,  |  | 
 |  |      Lund University, Solvegatan 14A, SE-223 62 Lund, Sweden;                |  | 
 |  |      e-mail: christine.rasmussen@thep.lu.se                                  |  | 
 |  |   Torbjorn Sjostrand;  Department of Astronomy and Theoretical Physics,      |  | 
 |  |      Lund University, Solvegatan 14A, SE-223 62 Lund, Sweden;                |  | 
 |  |      e-mail: torbjorn@thep.lu.se                                             |  | 
 |  |   Peter Skands;  School of Physics,                                          |  | 
 |  |      Monash University, PO Box 27, 3800 Melbourne, Australia;                |  | 
 |  |      e-mail: peter.skands@monash.edu                                         |  | 
 |  |                                                                              |  | 
 |  |   The main program reference is 'An Introduction to PYTHIA 8.2',             |  | 
 |  |   T. Sjostrand et al, Comput. Phys. Commun. 191 (2015) 159                   |  | 
 |  |   [arXiv:1410.3012 [hep-ph]]                                                 |  | 
 |  |                                                                              |  | 
 |  |   The main physics reference is the 'PYTHIA 6.4 Physics and Manual',         |  | 
 |  |   T. Sjostrand, S. Mrenna and P. Skands, JHEP05 (2006) 026 [hep-ph/0603175]  |  | 
 |  |                                                                              |  | 
 |  |   An archive of program versions and documentation is found on the web:      |  | 
 |  |   http://www.thep.lu.se/Pythia                                               |  | 
 |  |                                                                              |  | 
 |  |   This program is released under the GNU General Public Licence version 2.   |  | 
 |  |   Please respect the MCnet Guidelines for Event Generator Authors and Users. |  | 
 |  |                                                                              |  | 
 |  |   Disclaimer: this program comes without any guarantees.                     |  | 
 |  |   Beware of errors and use common sense when interpreting results.           |  | 
 |  |                                                                              |  | 
 |  |   Copyright (C) 2019 Torbjorn Sjostrand                                      |  | 
 |  |                                                                              |  | 
 |  |                                                                              |  | 
 |  *------------------------------------------------------------------------------*  | 
 |                                                                                    | 
 *------------------------------------------------------------------------------------* 


 *-------  PYTHIA Process Initialization  --------------------------*
 |                                                                  |
 | We collide p+ with p+ at a CM energy of 1.400e+04 GeV            |
 |                                                                  |
 |------------------------------------------------------------------|
 |                                                    |             |
 | Subprocess                                    Code |   Estimated |
 |                                                    |    max (mb) |
 |                                                    |             |
 |------------------------------------------------------------------|
 |                                                    |             |
 | non-diffractive                                101 |   5.717e+01 |
 |                                                                  |
 *-------  End PYTHIA Process Initialization -----------------------*

 *-------  PYTHIA Multiparton Interactions Initialization  ---------* 
 |                                                                  | 
 |                   sigmaNonDiffractive =    57.17 mb              | 
 |                                                                  | 
 |    pT0 =  2.65 gives sigmaInteraction =   326.71 mb: accepted    | 
 |                                                                  | 
 *-------  End PYTHIA Multiparton Interactions Initialization  -----* 

 *-------  PYTHIA Flag + Mode + Parm + Word + FVec + MVec + PVec + WVec Settings (changes only)  ------------------* 
 |                                                                                                                 | 
 | Name                                          |                      Now |      Default         Min         Max | 
 |                                               |                          |                                      | 
 | ParticleDecays:limitTau0                      |                       on |          off                         | 
 | Random:seed                                   |                        0 |           -1               900000000 | 
 | Random:setSeed                                |                       on |          off                         | 
 | SoftQCD:nonDiffractive                        |                       on |          off                         | 
 |                                                                                                                 | 
 *-------  End PYTHIA Flag + Mode + Parm + Word + FVec + MVec + PVec + WVec Settings  -----------------------------* 

 --------  PYTHIA Particle Data Table (changed only)  ------------------------------------------------------------------------------
 
      id   name            antiName         spn chg col      m0        mWidth      mMin       mMax       tau0    res dec ext vis wid
             no onMode   bRatio   meMode     products 

     333  phi                                 3   0   0    1.01946    0.00426    0.99000    1.09000  0.00000e+00   0   1   0   1   0
              0     1   0.4893042    2      321     -321 
              1     1   0.3422127    2      130      310 
              2     1   0.0420984    0     -213      211 
              3     1   0.0420984    0      113      111 
              4     1   0.0420984    0      213     -211 
              5     1   0.0270000    1      211     -211      111 
              6     1   0.0130981    0      221       22 
              7     1   0.0012708    0      111       22 
              8     1   0.0002956    0       11      -11 
              9     1   0.0002872    0       13      -13 
             10     1   0.0001151   11      221       11      -11 
             11     1   0.0000740    2      211     -211 
             12     1   0.0000470    0      223      111 

 --------  End PYTHIA Particle Data Table  -----------------------------------------------------------------------------------------


 --------  PYTHIA Info Listing  ---------------------------------------- 
 
 Beam A: id =   2212, pz =  7.000e+03, e =  7.000e+03, m =  9.383e-01.
 Beam B: id =   2212, pz = -7.000e+03, e =  7.000e+03, m =  9.383e-01.

 In 1: id =   21, x =  2.805e-06, pdf =  1.194e+02 at Q2 =  2.331e+01.
 In 2: id =   21, x =  1.724e-01, pdf =  6.584e-01 at same Q2.

 Process non-diffractive with code 101 is 2 -> 2.
 Subprocess g g -> g g with code 111 is 2 -> 2.
 It has sHat =  9.481e+01,    tHat = -5.348e+01,    uHat = -4.132e+01,
       pTHat =  4.828e+00,   m3Hat =  0.000e+00,   m4Hat =  0.000e+00,
    thetaHat =  1.699e+00,  phiHat =  1.284e+00.
     alphaEM =  7.578e-03,  alphaS =  2.344e-01    at Q2 =  3.032e+01.

 Impact parameter b =  1.449e+00 gives enhancement factor =  9.168e-02.
 Max pT scale for MPI =  4.828e+00, ISR =  4.828e+00, FSR =  4.828e+00.
 Number of MPI =     2, ISR =     4, FSRproc =    25, FSRreson =     0.

 --------  End PYTHIA Info Listing  ------------------------------------

 --------  PYTHIA Event Listing  (hard process)  -----------------------------------------------------------------------------------
 
    no         id  name            status     mothers   daughters     colours      p_x        p_y        p_z         e          m 
     0         90  (system)           -11     0     0     0     0     0     0      0.000      0.000      0.000  14000.000  14000.000
     1       2212  (p+)               -12     0     0     3     0     0     0      0.000      0.000   7000.000   7000.000      0.938
     2       2212  (p+)               -12     0     0     4     0     0     0      0.000      0.000  -7000.000   7000.000      0.938
     3         21  (g)                -21     1     0     5     6   102   101      0.000      0.000      0.020      0.020      0.000
     4         21  (g)                -21     2     0     5     6   101   103      0.000      0.000  -1206.909   1206.909      0.000
     5         21  g                   23     3     4     0     0   104   103      4.631      1.365   -680.825    680.842      0.000
     6         21  g                   23     3     4     0     0   102   104     -4.631     -1.365   -526.065    526.087      0.000
                                   Charge sum:  0.000           Momentum sum:      0.000      0.000  -1206.890   1206.929      9.737

 --------  End PYTHIA Event Listing  -----------------------------------------------------------------------------------------------

 --------  PYTHIA Event Listing  (complete event)  ---------------------------------------------------------------------------------
 
    no         id  name            status     mothers   daughters     colours      p_x        p_y        p_z         e          m 
     0         90  (system)           -11     0     0     0     0     0     0      0.000      0.000      0.000  14000.000  14000.000
     1       2212  (p+)               -12     0     0   119     0     0     0      0.000      0.000   7000.000   7000.000      0.938
     2       2212  (p+)               -12     0     0   120     0     0     0      0.000      0.000  -7000.000   7000.000      0.938
     3         21  (g)                -21    24     0     5     6   102   101      0.000      0.000      0.020      0.020      0.000
     4         21  (g)                -21    25    25     5     6   101   103      0.000      0.000  -1206.909   1206.909      0.000
     5         21  (g)                -23     3     4    26    26   104   103      4.631      1.365   -680.825    680.842      0.000
     6         21  (g)                -23     3     4    27    27   102   104     -4.631     -1.365   -526.065    526.087      0.000
     7         21  (g)                -31    17     0     9    10   106   105      0.000      0.000     24.960     24.960      0.000
     8          2  (u)                -31    18    18     9    10   105     0      0.000      0.000   -553.821    553.821      0.000
     9         21  (g)                -33     7     8    13    13   106   107     -2.763      3.264     24.768     25.135      0.000
    10          2  (u)                -33     7     8    11    12   107     0      2.763     -3.264   -553.630    553.646      0.330
    11          2  (u)                -51    10     0    20    20   108     0      5.920     -1.239   -526.284    526.319      0.330
    12         21  (g)                -51    10     0    14    15   107   108     -3.172     -2.008    -27.209     27.467      0.000
    13         21  (g)                -52     9     9    16    16   106   107     -2.748      3.246     24.631     24.996      0.000
    14         21  (g)                -51    12     0    21    21   109   108     -3.718     -4.000    -13.088     14.181      0.000
    15         21  (g)                -51    12     0    22    22   107   109      0.490      2.057    -13.626     13.789      0.000
    16         21  (g)                -52    13    13    19    19   106   107     -2.692      3.181     24.135     24.493      0.000
    17         21  (g)                -41    32     0    23     7   106   110     -0.000      0.000     26.817     26.817      0.000
    18          2  (u)                -42    33    33     8     8   105     0      0.000      0.000   -553.821    553.821      0.000
    19         21  (g)                -44    16    16    34    34   106   107     -0.049      5.003     24.129     24.642      0.000
    20          2  (u)                -44    11    11    31    31   108     0      5.922     -1.237   -525.009    525.044      0.330
    21         21  (g)                -44    14    14    29    30   109   108     -3.658     -3.959    -12.697     13.794      0.000
    22         21  (g)                -44    15    15    37    37   107   109      0.499      2.063    -13.689     13.852      0.000
    23         21  (g)                -43    17     0    38    38   105   110     -2.713     -1.871      0.262      3.306      0.000
    24          1  (d)                -41    85    85    28     3   102     0     -0.000      0.000      7.119      7.119      0.000
    25         21  (g)                -42    43    43     4     4   101   103      0.000     -0.000  -1206.909   1206.909      0.000
    26         21  (g)                -44     5     5    44    45   104   103      3.959      1.945   -544.282    544.300      0.000
    27         21  (g)                -44     6     6    77    78   102   104     -5.502     -0.614   -662.457    662.480      0.000
    28          1  (d)                -43    24     0    41    42   101     0      1.543     -1.332      6.949      7.249      0.330
    29         21  (g)                -51    21     0    36    36   109   111     -3.518     -4.427    -14.069     15.163      0.000
    30         21  (g)                -51    21     0    39    39   111   108      0.114      0.415    -21.101     21.106      0.000
    31          2  (u)                -52    20    20    35    35   108     0      5.668     -1.184   -502.535    502.569      0.330
    32         21  (g)                -41    53     0    40    17   112   110      0.000      0.000     31.705     31.705      0.000
    33          2  (u)                -42    54    54    18    18   105     0      0.000      0.000   -553.821    553.821      0.000
    34         21  (g)                -44    19    19    47    48   106   107      0.438      5.892     24.031     24.747      0.000
    35          2  (u)                -44    31    31    56    56   108     0      5.669     -1.184   -502.502    502.536      0.330
    36         21  (g)                -44    29    29    50    51   109   111     -3.507     -4.407    -13.952     15.046      0.000
    37         21  (g)                -44    22    22    58    58   107   109      0.500      2.066    -13.729     13.893      0.000
    38         21  (g)                -44    23    23    59    59   105   110     -2.678     -1.806      0.323      3.246      0.000
    39         21  (g)                -44    30    30    52    52   111   108      0.114      0.415    -21.107     21.111      0.000
    40         21  (g)                -43    32     0    49    49   112   106     -0.536     -0.977      4.821      4.948      0.000
    41          1  (d)                -51    28     0    80    81   113     0      2.050     -1.612      5.044      5.688      0.330
    42         21  (g)                -51    28     0    82    82   101   113     -0.507      0.281      1.684      1.781      0.000
    43         21  (g)                -53    46    46    25    25   101   103      0.000     -0.000  -1207.130   1207.130      0.000
    44         21  (g)                -51    26     0    74    75   104   114      0.565     -0.148    -34.909     34.914      0.000
    45         21  (g)                -51    26     0    76    76   114   103      3.394      2.093   -612.090    612.103      0.000
    46         21  (g)                -53   120   120    43    43   101   103      0.000     -0.000  -1309.847   1309.847      0.000
    47         -1  (dbar)             -51    34     0    55    55     0   107     -0.260      0.453      5.323      5.359      0.330
    48          1  (d)                -51    34     0    62    62   106     0      0.598      5.256     19.610     20.313      0.330
    49         21  (g)                -52    40    40    61    61   112   106     -0.436     -0.794      3.919      4.022      0.000
    50         21  (g)                -51    36     0    57    57   109   115     -2.027     -1.696     -9.052      9.430      0.000
    51         21  (g)                -51    36     0    63    63   115   111     -1.473     -2.686     -6.192      6.908      0.000
    52         21  (g)                -52    39    39    60    60   111   108      0.107      0.390    -19.815     19.819      0.000
    53          2  (u)                -41   132   132    64    32   112     0      0.000     -0.000    206.897    206.897      0.000
    54          2  (u)                -42   133   133    33    33   105     0     -0.000      0.000   -553.821    553.821      0.000
    55         -1  (dbar)             -44    47    47   106   106     0   107     -0.362      0.537      5.316      5.366      0.330
    56          2  (u)                -44    35    35    65    66   108     0      5.668     -1.183   -502.433    502.467      0.330
    57         21  (g)                -44    50    50   103   103   109   115     -2.031     -1.693     -9.058      9.436      0.000
    58         21  (g)                -44    37    37   101   102   107   109      0.499      2.068    -13.741     13.904      0.000
    59         21  (g)                -44    38    38    68    69   105   110     -2.712     -1.778      0.311      3.258      0.000
    60         21  (g)                -44    52    52    67    67   111   108      0.107      0.390    -19.817     19.821      0.000
    61         21  (g)                -44    49    49    98    99   112   106     -0.512     -0.732      3.921      4.021      0.000
    62          1  (d)                -44    48    48   100   100   106     0      0.214      5.570     19.571     20.352      0.330
    63         21  (g)                -44    51    51    71    72   115   111     -1.480     -2.680     -6.185      6.901      0.000
    64          2  (u)                -43    53     0    70    70   110     0      0.609     -0.500    175.190    175.192      0.330
    65          2  (u)                -51    56     0   135   135   116     0      2.445     -1.049   -264.943    264.957      0.330
    66         21  (g)                -51    56     0   144   144   108   116      3.270      0.036   -246.184    246.206      0.000
    67         21  (g)                -52    60    60    73    73   111   108      0.060      0.219    -11.122     11.125      0.000
    68         21  (g)                -51    59     0   138   138   105   117     -0.901     -1.433      0.642      1.811      0.000
    69         21  (g)                -51    59     0    86    87   117   110     -1.809     -0.346      0.065      1.843      0.000
    70          2  (u)                -52    64    64    88    88   110     0      0.608     -0.499    174.794    174.796      0.330
    71         21  (g)                -51    63     0   142   142   115   118     -1.079     -2.046     -7.038      7.409      0.000
    72         21  (g)                -51    63     0    94    94   118   111     -0.393     -0.606     -0.580      0.927      0.000
    73         21  (g)                -52    67    67    92    93   111   108      0.052      0.191     -9.688      9.690      0.000
    74         21  (g)                -51    44     0    79    79   104   119      0.962     -0.298   -152.345    152.348      0.000
    75         21  (g)                -51    44     0   113   114   119   114      1.608      1.387   -244.269    244.278      0.000
    76         21  (g)                -52    45    45   125   125   114   103      1.388      0.856   -250.386    250.392      0.000
    77         21  (g)                -51    27     0    83    84   102   120     -3.035     -0.682   -446.439    446.450      0.000
    78         21  (g)                -51    27     0   127   127   120   104     -2.391      0.046   -227.906    227.918      0.000
    79         21  (g)                -52    74    74   115   115   104   119      0.887     -0.275   -140.456    140.459      0.000
    80          1  (d)                -51    41     0   123   123   121     0      1.643     -0.532      3.369      3.800      0.330
    81         21  (g)                -51    41     0   128   128   113   121      0.269     -1.004      2.135      2.375      0.000
    82         21  (g)                -52    42    42   124   124   101   113     -0.369      0.204      1.224      1.294      0.000
    83         21  (g)                -51    77     0    95    96   122   120     -3.200     -0.543   -376.788    376.802      0.000
    84         21  (g)                -51    77     0    97    97   102   122      0.165     -0.140    -69.650     69.650      0.000
    85          1  (d)                -53   119   119    24    24   102     0     -0.000      0.000      7.121      7.121      0.000
    86          3  (s)                -51    69     0   145   145   117     0     -0.209      0.342      3.363      3.423      0.500
    87         -3  (sbar)             -51    69     0    91    91     0   110     -1.589     -0.698      0.091      1.808      0.500
    88          2  (u)                -52    70    70    89    90   110     0      0.596     -0.489    171.406    171.408      0.330
    89          2  (u)                -51    88     0   143   143   124     0      0.610     -0.699    170.924    170.927      0.330
    90         21  (g)                -51    88     0   148   148   110   124     -0.052      0.194      0.480      0.520      0.000
    91         -3  (sbar)             -52    87    87   147   147     0   110     -1.551     -0.681      0.092      1.768      0.500
    92         21  (g)                -51    73     0   139   139   125   108     -0.478      0.275     -8.013      8.031      0.000
    93         21  (g)                -51    73     0   149   149   111   125      0.436     -0.229     -1.814      1.880      0.000
    94         21  (g)                -52    72    72   146   146   118   111     -0.299     -0.462     -0.442      0.706      0.000
    95         21  (g)                -51    83     0   122   122   126   120     -2.203      0.071   -232.638    232.648      0.000
    96         21  (g)                -51    83     0   130   130   122   126     -0.919     -0.680   -176.940    176.944      0.000
    97         21  (g)                -52    84    84   129   129   102   122      0.087     -0.074    -36.860     36.860      0.000
    98         21  (g)                -51    61     0   140   140   112   127      0.237     -0.137      3.533      3.544      0.000
    99         21  (g)                -51    61     0   110   111   127   106     -0.732     -0.178      1.845      1.993      0.000
   100          1  (d)                -52    62    62   112   112   106     0      0.198      5.154     18.113     18.836      0.330
   101         21  (g)                -51    58     0   104   105   107   128     -0.349      0.450     -6.120      6.146      0.000
   102         21  (g)                -51    58     0   107   108   128   109      0.704      1.497     -8.264      8.428      0.000
   103         21  (g)                -52    57    57   109   109   109   115     -1.887     -1.573     -8.415      8.767      0.000
   104         21  (g)                -51   101     0   137   137   129   128     -0.639      0.431     -2.494      2.610      0.000
   105         21  (g)                -51   101     0   116   117   107   129      0.287      0.024     -3.575      3.587      0.000
   106         -1  (dbar)             -52    55    55   118   118     0   107     -0.359      0.532      5.266      5.315      0.330
   107         21  (g)                -51   102     0   151   151   128   130      0.075      1.214     -4.550      4.710      0.000
   108         21  (g)                -51   102     0   153   153   130   109      0.488      0.166     -4.342      4.372      0.000
   109         21  (g)                -52   103   103   136   136   109   115     -1.746     -1.455     -7.787      8.112      0.000
   110         21  (g)                -51    99     0   150   150   127   131     -0.799      0.226      3.726      3.817      0.000
   111         21  (g)                -51    99     0   154   154   131   106      0.090      0.145      0.043      0.176      0.000
   112          1  (d)                -52   100   100   141   141   106     0      0.175      4.605     16.190     16.837      0.330
   113         21  (g)                -51    75     0   126   126   132   114     -0.064      0.245    -40.150     40.151      0.000
   114         21  (g)                -51    75     0   131   131   119   132      2.129      1.000   -276.413    276.423      0.000
   115         21  (g)                -52    79    79   121   121   104   119      0.431     -0.133    -68.162     68.163      0.000
   116         21  (g)                -51   105     0   152   152   133   129      0.520     -0.099     -3.481      3.521      0.000
   117         21  (g)                -51   105     0   155   155   107   133     -0.253      0.151      0.186      0.348      0.000
   118         -1  (dbar)             -52   106   106   134   134     0   107     -0.340      0.504      4.985      5.032      0.330
   119          1  (d)                -61     1     0    85    85   106     0      0.191      0.865      7.094      7.149      0.000
   120         21  (g)                -61     2     0    46    46   125   103     -0.073      0.238  -1309.841   1309.841      0.000
   121         21  (g)                -62   115   115   253   253   104   119      0.427     -0.121    -68.159     68.160      0.000
   122         21  (g)                -62    95    95   163     0   126   120     -2.216      0.114   -232.611    232.622      0.000
   123          1  (d)                -62    80    80   179   179   121     0      1.739     -0.096      3.366      3.804      0.330
   124         21  (g)                -62    82    82   165     0   101   127     -0.335      0.357      1.212      1.307      0.000
   125         21  (g)                -62    76    76   250   250   114   103      1.374      0.902   -250.456    250.461      0.000
   126         21  (g)                -62   113   113   251   251   132   114     -0.067      0.253    -40.164     40.165      0.000
   127         21  (g)                -62    78    78   163     0   120   108     -2.404      0.088   -227.876    227.888      0.000
   128         21  (g)                -62    81    81   180   180   113   121      0.329     -0.730      2.184      2.326      0.000
   129         21  (g)                -62    97    97   257   257   102   122      0.085     -0.067    -36.856     36.856      0.000
   130         21  (g)                -62    96    96   256   256   122   126     -0.929     -0.647   -176.886    176.889      0.000
   131         21  (g)                -62   114   114   252   252   119   132      2.114      1.051   -276.501    276.511      0.000
   132          2  (u)                -61     1     0    53    53   116     0      0.223     -1.824    206.895    206.903      0.000
   133          2  (u)                -61     2     0    54    54   103     0      0.240     -1.494   -553.823    553.825      0.000
   134         -1  (dbar)             -62   118   118   263   263     0   131     -0.334      0.460      4.986      5.029      0.330
   135          2  (u)                -62    65    65   231   231   116     0      2.560     -1.764   -264.948    264.967      0.330
   136         21  (g)                -62   109   109   209   209   109   115     -1.743     -1.478     -7.791      8.119      0.000
   137         21  (g)                -62   104   104   261   261   129   128     -0.638      0.424     -2.492      2.607      0.000
   138         21  (g)                -62    68    68   206   206   105   117     -0.900     -1.446      0.638      1.818      0.000
   139         21  (g)                -62    92    92   210   210   125   109     -0.474      0.253     -8.012      8.030      0.000
   140         21  (g)                -62    98    98   181   181   112   113      0.241     -0.168      3.533      3.545      0.000
   141          1  (d)                -62   112   112   170   170   106     0      0.193      4.459     16.204     16.811      0.330
   142         21  (g)                -62    71    71   208   208   115   118     -1.076     -2.067     -7.044      7.420      0.000
   143          2  (u)                -62    89    89   249   249   103     0      0.794     -2.206    170.920    170.936      0.330
   144         21  (g)                -62    66    66   254   254   108   104      3.377     -0.628   -246.186    246.210      0.000
   145          3  (s)                -62    86    86   205   205   117     0     -0.205      0.312      3.364      3.421      0.500
   146         21  (g)                -62    94    94   207   207   118   105     -0.299     -0.464     -0.443      0.708      0.000
   147         -3  (sbar)             -62    91    91   166     0     0   107     -1.550     -0.691      0.090      1.771      0.500
   148         21  (g)                -62    90    90   165     0   110   101     -0.051      0.189      0.481      0.519      0.000
   149         21  (g)                -62    93    93   258   258   111   102      0.437     -0.234     -1.815      1.882      0.000
   150         21  (g)                -62   110   110   182   182   127   112     -0.795      0.192      3.727      3.816      0.000
   151         21  (g)                -62   107   107   260   260   128   130      0.077      1.201     -4.547      4.703      0.000
   152         21  (g)                -62   116   116   164     0   133   111      0.522     -0.109     -3.481      3.522      0.000
   153         21  (g)                -62   108   108   164     0   130   133      0.490      0.154     -4.341      4.372      0.000
   154         21  (g)                -62   111   111   262   262   131   129      0.090      0.144      0.043      0.175      0.000
   155         21  (g)                -62   117   117   166     0   107   110     -0.252      0.149      0.187      0.347      0.000
   156       2101  (ud_0)             -63     1     0   171   171     0   106     -0.377     -0.190   5077.894   5077.894      0.579
   157          2  (u)                -63     1     0   172   172   135     0      0.389     -0.104   1466.069   1466.069      0.330
   158         -1  (dbar)             -63     1     0   232   232     0   116     -0.498      1.002    237.948    237.951      0.330
   159         -2  (ubar)             -63     1     0   173   173     0   135      0.072      0.251      4.056      4.077      0.330
   160          2  (u)                -63     2     0   167   167   138     0      0.216      0.444   -122.090    122.091      0.330
   161       2103  (ud_1)             -63     2     0   211   211     0   125     -0.160      0.396  -4636.248   4636.248      0.771
   162         -2  (ubar)             -63     2     0   168   168     0   138     -0.222      0.417   -377.952    377.952      0.330
   163         21  (g)                -73   122   127   255   255   126   108     -4.620      0.202   -460.487    460.510      0.237
   164         21  (g)                -73   152   153   259   259   130   111      1.011      0.045     -7.823      7.894      0.296
   165         21  (g)                -73   124   148   183   183   110   127     -0.386      0.546      1.692      1.826      0.150
   166         -3  (sbar)             -73   147   155   184   184     0   110     -1.802     -0.543      0.277      2.119      0.933
   167          2  (u)                -71   160   160   169   169   138     0      0.216      0.444   -122.090    122.091      0.330
   168         -2  (ubar)             -71   162   162   169   169     0   138     -0.222      0.417   -377.952    377.952      0.330
   169        221  (eta)              -81   167   168   358   359     0     0     -0.007      0.860   -500.042    500.043      0.548
   170          1  (d)                -72   141   141   193   204   106     0      0.193      4.459     16.204     16.811      0.330
   171       2101  (ud_0)             -72   156   156   193   204     0   106     -0.377     -0.190   5077.894   5077.894      0.579
   172          2  (u)                -71   157   157   174   178   135     0      0.389     -0.104   1466.069   1466.069      0.330
   173         -2  (ubar)             -71   159   159   174   178     0   135      0.072      0.251      4.056      4.077      0.330
   174        211  pi+                 83   172   173     0     0     0     0     -0.234     -0.001    179.350    179.350      0.140
   175        111  (pi0)              -83   172   173   360   361     0     0      0.281      0.043    868.689    868.689      0.135
   176       2114  (Delta0)           -84   172   173   301   302     0     0      0.887      0.138    309.671    309.675      1.244
   177        211  pi+                 84   172   173     0     0     0     0     -0.682     -0.134     51.436     51.441      0.140
   178      -2224  (Deltabar--)       -84   172   173   303   304     0     0      0.210      0.101     60.978     60.991      1.233
   179          1  (d)                -71   123   123   185   192   121     0      1.739     -0.096      3.366      3.804      0.330
   180         21  (g)                -71   128   128   185   192   113   121      0.329     -0.730      2.184      2.326      0.000
   181         21  (g)                -71   140   140   185   192   112   113      0.241     -0.168      3.533      3.545      0.000
   182         21  (g)                -71   150   150   185   192   127   112     -0.795      0.192      3.727      3.816      0.000
   183         21  (g)                -71   165   165   185   192   110   127     -0.386      0.546      1.692      1.826      0.150
   184         -3  (sbar)             -71   166   166   185   192     0   110     -1.802     -0.543      0.277      2.119      0.933
   185       -211  pi-                 83   179   184     0     0     0     0      0.668     -0.209      1.227      1.420      0.140
   186        223  (omega)            -83   179   184   362   364     0     0      1.284     -0.284      3.902      4.192      0.785
   187        221  (eta)              -83   179   184   365   367     0     0      0.463     -0.197      3.445      3.524      0.548
   188        321  K+                  84   179   184     0     0     0     0     -1.138     -0.032      2.634      2.912      0.494
   189       -311  (Kbar0)            -84   179   184   305   305     0     0     -0.081     -0.110      0.681      0.855      0.498
   190        113  (rho0)             -84   179   184   306   307     0     0     -0.405     -0.032      2.320      2.483      0.786
   191       -211  pi-                 84   179   184     0     0     0     0     -0.697      0.475      0.606      1.048      0.140
   192        321  K+                  84   179   184     0     0     0     0     -0.769     -0.409     -0.037      1.002      0.494
   193        221  (eta)              -83   170   171   368   369     0     0     -0.154      1.845      6.179      6.474      0.548
   194       -211  pi-                 83   170   171     0     0     0     0      0.432      0.288      3.457      3.498      0.140
   195        111  (pi0)              -83   170   171   370   371     0     0     -0.285      1.059      8.880      8.948      0.135
   196        111  (pi0)              -83   170   171   372   373     0     0     -0.032      0.691      1.267      1.450      0.135
   197        113  (rho0)             -84   170   171   308   309     0     0     -0.153      0.112     16.135     16.147      0.604
   198        111  (pi0)              -84   170   171   374   375     0     0      0.081      0.734    158.203    158.204      0.135
   199        223  (omega)            -84   170   171   376   378     0     0      0.236     -0.218    407.743    407.744      0.779
   200        111  (pi0)              -84   170   171   379   380     0     0      0.099     -0.648    134.138    134.140      0.135
   201        211  pi+                 84   170   171     0     0     0     0     -0.207      0.529     92.526     92.527      0.140
   202        311  (K0)               -84   170   171   310   310     0     0      0.265      0.046    982.590    982.590      0.498
   203       -311  (Kbar0)            -84   170   171   311   311     0     0     -0.576     -0.156   1594.130   1594.131      0.498
   204       2112  n0                  84   170   171     0     0     0     0      0.109     -0.015   1688.851   1688.851      0.940
   205          3  (s)                -71   145   145   212   230   117     0     -0.205      0.312      3.364      3.421      0.500
   206         21  (g)                -71   138   138   212   230   105   117     -0.900     -1.446      0.638      1.818      0.000
   207         21  (g)                -71   146   146   212   230   118   105     -0.299     -0.464     -0.443      0.708      0.000
   208         21  (g)                -71   142   142   212   230   115   118     -1.076     -2.067     -7.044      7.420      0.000
   209         21  (g)                -71   136   136   212   230   109   115     -1.743     -1.478     -7.791      8.119      0.000
   210         21  (g)                -71   139   139   212   230   125   109     -0.474      0.253     -8.012      8.030      0.000
   211       2103  (ud_1)             -71   161   161   212   230     0   125     -0.160      0.396  -4636.248   4636.248      0.771
   212       -311  (Kbar0)            -83   205   211   312   312     0     0     -0.482      0.391      2.088      2.234      0.498
   213        113  (rho0)             -83   205   211   313   314     0     0     -0.212     -0.602      0.779      1.271      0.775
   214        111  (pi0)              -83   205   211   381   382     0     0      0.204     -0.434      0.530      0.727      0.135
   215        223  (omega)            -83   205   211   383   385     0     0     -0.637     -0.281     -0.020      1.047      0.782
   216       -211  pi-                 83   205   211     0     0     0     0     -0.156     -0.045     -0.019      0.215      0.140
   217        321  K+                  83   205   211     0     0     0     0     -0.205     -0.776     -2.360      2.541      0.494
   218       -311  (Kbar0)            -83   205   211   315   315     0     0     -0.020     -0.127     -0.188      0.547      0.498
   219        221  (eta)              -83   205   211   386   388     0     0     -1.873     -2.976     -8.994      9.672      0.548
   220       -211  pi-                 84   205   211     0     0     0     0     -1.038      0.044     -4.456      4.577      0.140
   221        323  (K*+)              -84   205   211   316   317     0     0      0.100      0.105    -32.227     32.239      0.882
   222       -311  (Kbar0)            -84   205   211   318   318     0     0      0.097     -0.272    -18.565     18.574      0.498
   223       -213  (rho-)             -84   205   211   319   320     0     0     -0.312     -0.522    -65.012     65.017      0.512
   224        221  (eta)              -84   205   211   389   391     0     0      0.322      0.402    -86.547     86.550      0.548
   225        211  pi+                 84   205   211     0     0     0     0     -0.592      0.327   -103.472    103.475      0.140
   226       -211  pi-                 84   205   211     0     0     0     0      0.267      0.142   -166.738    166.738      0.140
   227        111  (pi0)              -84   205   211   392   393     0     0      0.046     -0.286   -387.228    387.228      0.135
   228        111  (pi0)              -84   205   211   394   395     0     0     -0.594     -0.030   -250.563    250.564      0.135
   229       2214  (Delta+)           -84   205   211   321   322     0     0      0.745      0.149   -694.270    694.272      1.276
   230        223  (omega)            -84   205   211   396   397     0     0     -0.517      0.296  -2838.276   2838.276      0.778
   231          2  (u)                -71   135   135   233   248   116     0      2.560     -1.764   -264.948    264.967      0.330
   232         -1  (dbar)             -71   158   158   233   248     0   116     -0.498      1.002    237.948    237.951      0.330
   233        213  (rho+)             -83   231   232   323   324     0     0      1.840     -1.151   -178.073    178.088      0.791
   234        223  (omega)            -83   231   232   398   400     0     0      0.262      0.012    -55.385     55.393      0.902
   235       -211  pi-                 83   231   232     0     0     0     0      0.343     -0.513    -24.038     24.046      0.140
   236        211  pi+                 83   231   232     0     0     0     0      0.152     -0.325     -0.782      0.872      0.140
   237       -211  pi-                 83   231   232     0     0     0     0     -0.346      0.521     -1.222      1.380      0.140
   238        321  K+                  83   231   232     0     0     0     0      0.416     -0.313     -2.555      2.653      0.494
   239       -321  K-                  83   231   232     0     0     0     0     -0.075      0.399     -1.359      1.501      0.494
   240       2214  (Delta+)           -83   231   232   325   326     0     0      0.144     -0.582     -0.174      1.466      1.326
   241      -2214  (Deltabar-)        -83   231   232   327   328     0     0     -0.163      0.375      0.951      1.768      1.433
   242        111  (pi0)              -84   231   232   401   402     0     0     -0.135     -0.440      2.445      2.491      0.135
   243        321  K+                  84   231   232     0     0     0     0      0.115      0.358     10.891     10.908      0.494
   244       -313  (K*bar0)           -84   231   232   329   330     0     0      0.095     -0.009     31.047     31.060      0.902
   245        221  (eta)              -84   231   232   403   404     0     0     -0.895      0.218     36.882     36.897      0.548
   246        111  (pi0)              -84   231   232   405   406     0     0      0.416      0.043     34.171     34.174      0.135
   247       2112  n0                  84   231   232     0     0     0     0      0.135      0.576     54.031     54.043      0.940
   248      -2112  nbar0               84   231   232     0     0     0     0     -0.243      0.072     66.170     66.178      0.940
   249          2  (u)                -71   143   143   264   300   103     0      0.794     -2.206    170.920    170.936      0.330
   250         21  (g)                -71   125   125   264   300   114   103      1.374      0.902   -250.456    250.461      0.000
   251         21  (g)                -71   126   126   264   300   132   114     -0.067      0.253    -40.164     40.165      0.000
   252         21  (g)                -71   131   131   264   300   119   132      2.114      1.051   -276.501    276.511      0.000
   253         21  (g)                -71   121   121   264   300   104   119      0.427     -0.121    -68.159     68.160      0.000
   254         21  (g)                -71   144   144   264   300   108   104      3.377     -0.628   -246.186    246.210      0.000
   255         21  (g)                -71   163   163   264   300   126   108     -4.620      0.202   -460.487    460.510      0.237
   256         21  (g)                -71   130   130   264   300   122   126     -0.929     -0.647   -176.886    176.889      0.000
   257         21  (g)                -71   129   129   264   300   102   122      0.085     -0.067    -36.856     36.856      0.000
   258         21  (g)                -71   149   149   264   300   111   102      0.437     -0.234     -1.815      1.882      0.000
   259         21  (g)                -71   164   164   264   300   130   111      1.011      0.045     -7.823      7.894      0.296
   260         21  (g)                -71   151   151   264   300   128   130      0.077      1.201     -4.547      4.703      0.000
   261         21  (g)                -71   137   137   264   300   129   128     -0.638      0.424     -2.492      2.607      0.000
   262         21  (g)                -71   154   154   264   300   131   129      0.090      0.144      0.043      0.175      0.000
   263         -1  (dbar)             -71   134   134   264   300     0   131     -0.334      0.460      4.986      5.029      0.330
   264        223  (omega)            -83   249   263   407   409     0     0     -0.042     -0.235     24.634     24.648      0.784
   265        213  (rho+)             -83   249   263   331   332     0     0      1.182     -1.367     98.954     98.973      0.730
   266        223  (omega)            -83   249   263   410   412     0     0     -0.600     -0.189     14.144     14.179      0.782
   267        111  (pi0)              -83   249   263   413   414     0     0      0.109     -0.311      8.828      8.835      0.135
   268       -211  pi-                 83   249   263     0     0     0     0      0.307      0.200      8.146      8.156      0.140
   269        321  K+                  83   249   263     0     0     0     0     -0.368     -0.562      5.774      5.834      0.494
   270       -323  (K*-)              -83   249   263   333   334     0     0      0.397      0.263      7.885      7.949      0.885
   271        211  pi+                 83   249   263     0     0     0     0     -0.514     -0.349      1.645      1.764      0.140
   272        221  (eta)              -83   249   263   415   417     0     0     -0.292      0.534      0.029      0.820      0.548
   273       -211  pi-                 83   249   263     0     0     0     0      0.700     -0.809     -1.578      1.911      0.140
   274        211  pi+                 83   249   263     0     0     0     0     -0.156      0.532     -1.160      1.293      0.140
   275       -213  (rho-)             -83   249   263   335   336     0     0      0.321     -0.279     -3.637      3.742      0.771
   276        211  pi+                 83   249   263     0     0     0     0      0.071      0.670     -4.615      4.666      0.140
   277        111  (pi0)              -83   249   263   418   419     0     0     -0.235     -0.301     -2.285      2.321      0.135
   278        221  (eta)              -83   249   263   420   421     0     0      2.155      1.155   -255.954    255.967      0.548
   279        311  (K0)               -84   249   263   337   337     0     0      0.706      0.207   -226.072    226.074      0.498
   280       -321  K-                  84   249   263     0     0     0     0      0.494      0.049    -41.611     41.617      0.494
   281        211  pi+                 84   249   263     0     0     0     0      1.016      0.473    -79.512     79.521      0.140
   282       -211  pi-                 84   249   263     0     0     0     0      0.919     -0.396   -126.297    126.301      0.140
   283        111  (pi0)              -84   249   263   422   423     0     0      0.078      0.021     -7.855      7.857      0.135
   284        223  (omega)            -84   249   263   424   425     0     0     -0.342      0.349   -102.988    102.992      0.784
   285        213  (rho+)             -84   249   263   338   339     0     0      0.209     -0.164    -89.775     89.779      0.770
   286       2114  (Delta0)           -84   249   263   340   341     0     0     -0.510     -0.263    -78.973     78.985      1.256
   287       -313  (K*bar0)           -84   249   263   342   343     0     0     -0.386      0.238   -163.714    163.717      0.860
   288      -3222  Sigmabar-           84   249   263     0     0     0     0     -1.679     -0.434   -180.693    180.705      1.189
   289       3224  (Sigma*+)          -84   249   263   344   345     0     0     -0.279     -0.126    -88.196     88.207      1.384
   290      -3224  (Sigma*bar-)       -84   249   263   346   347     0     0     -0.360     -0.318    -83.770     83.783      1.397
   291        113  (rho0)             -84   249   263   348   349     0     0      0.476      0.131    -16.482     16.516      0.946
   292        211  pi+                 84   249   263     0     0     0     0     -0.240      0.203     -3.361      3.378      0.140
   293        111  (pi0)              -84   249   263   426   427     0     0      0.492     -0.052     -2.407      2.461      0.135
   294        111  (pi0)              -84   249   263   428   429     0     0     -0.225      0.034     -2.282      2.298      0.135
   295       -211  pi-                 84   249   263     0     0     0     0     -0.092      0.365     -0.779      0.876      0.140
   296        211  pi+                 84   249   263     0     0     0     0      0.016     -0.206     -0.347      0.428      0.140
   297        221  (eta)              -84   249   263   430   432     0     0      1.081      0.764     -5.328      5.518      0.548
   298        113  (rho0)             -84   249   263   350   351     0     0     -0.464      0.312     -0.421      0.939      0.627
   299       -213  (rho-)             -84   249   263   352   353     0     0     -0.578      0.043     -0.914      1.336      0.784
   300        213  (rho+)             -84   249   263   354   355     0     0     -0.165      0.595      4.546      4.646      0.736
   301       2112  n0                  91   176     0     0     0     0     0      0.862     -0.037    283.023    283.026      0.940
   302        111  (pi0)              -91   176     0   433   434     0     0      0.026      0.174     26.648     26.649      0.135
   303      -2212  pbar-               91   178     0     0     0     0     0      0.041     -0.002     55.015     55.023      0.938
   304       -211  pi-                 91   178     0     0     0     0     0      0.168      0.103      5.963      5.968      0.140
   305        310  K_S0                91   189   189     0     0     0     0     -0.081     -0.110      0.681      0.855      0.498
   306        211  pi+                 91   190     0     0     0     0     0     -0.187      0.269      1.764      1.800      0.140
   307       -211  pi-                 91   190     0     0     0     0     0     -0.218     -0.301      0.556      0.683      0.140
   308        211  pi+                 91   197     0     0     0     0     0     -0.218     -0.156      5.953      5.961      0.140
   309       -211  pi-                 91   197     0     0     0     0     0      0.066      0.269     10.181     10.186      0.140
   310        310  K_S0                91   202   202     0     0     0     0      0.265      0.046    982.590    982.590      0.498
   311        310  K_S0                91   203   203     0     0     0     0     -0.576     -0.156   1594.130   1594.131      0.498
   312        310  K_S0                91   212   212     0     0     0     0     -0.482      0.391      2.088      2.234      0.498
   313        211  pi+                 91   213     0     0     0     0     0     -0.305      0.012      0.430      0.545      0.140
   314       -211  pi-                 91   213     0     0     0     0     0      0.092     -0.614      0.349      0.726      0.140
   315        310  K_S0                91   218   218     0     0     0     0     -0.020     -0.127     -0.188      0.547      0.498
   316        311  (K0)               -91   221     0   356   356     0     0     -0.151     -0.075    -23.342     23.348      0.498
   317        211  pi+                 91   221     0     0     0     0     0      0.251      0.180     -8.884      8.891      0.140
   318        130  K_L0                91   222   222     0     0     0     0      0.097     -0.272    -18.565     18.574      0.498
   319       -211  pi-                 91   223     0     0     0     0     0     -0.173     -0.325    -19.265     19.269      0.140
   320        111  (pi0)              -91   223     0   435   436     0     0     -0.138     -0.197    -45.747     45.748      0.135
   321       2212  p+                  91   229     0     0     0     0     0      0.700     -0.097   -603.347    603.348      0.938
   322        111  (pi0)              -91   229     0   437   438     0     0      0.045      0.246    -90.924     90.924      0.135
   323        211  pi+                 91   233     0     0     0     0     0      0.117     -0.201    -39.768     39.769      0.140
   324        111  (pi0)              -91   233     0   439   440     0     0      1.723     -0.951   -138.305    138.319      0.135
   325       2212  p+                  91   240     0     0     0     0     0     -0.057     -0.185      0.028      0.958      0.938
   326        111  (pi0)              -91   240     0   441   442     0     0      0.201     -0.398     -0.202      0.507      0.135
   327      -2112  nbar0               91   241     0     0     0     0     0      0.008     -0.059      0.856      1.272      0.940
   328       -211  pi-                 91   241     0     0     0     0     0     -0.171      0.433      0.095      0.496      0.140
   329       -321  K-                  91   244     0     0     0     0     0     -0.038      0.107     10.685     10.697      0.494
   330        211  pi+                 91   244     0     0     0     0     0      0.132     -0.117     20.362     20.363      0.140
   331        211  pi+                 91   265     0     0     0     0     0      0.294     -0.851     48.397     48.406      0.140
   332        111  (pi0)              -91   265     0   443   444     0     0      0.889     -0.516     50.557     50.567      0.135
   333       -311  (Kbar0)            -91   270     0   357   357     0     0      0.436      0.386      7.091      7.132      0.498
   334       -211  pi-                 91   270     0     0     0     0     0     -0.039     -0.123      0.794      0.816      0.140
   335       -211  pi-                 91   275     0     0     0     0     0      0.337     -0.122     -3.422      3.443      0.140
   336        111  (pi0)              -91   275     0   445   446     0     0     -0.017     -0.156     -0.215      0.299      0.135
   337        130  K_L0                91   279   279     0     0     0     0      0.706      0.207   -226.072    226.074      0.498
   338        211  pi+                 91   285     0     0     0     0     0      0.449     -0.202    -46.696     46.699      0.140
   339        111  (pi0)              -91   285     0   447   448     0     0     -0.240      0.038    -43.080     43.081      0.135
   340       2112  n0                  91   286     0     0     0     0     0     -0.600     -0.324    -73.884     73.894      0.940
   341        111  (pi0)              -91   286     0   449   451     0     0      0.090      0.061     -5.089      5.092      0.135
   342       -321  K-                  91   287     0     0     0     0     0     -0.533      0.249   -132.326    132.328      0.494
   343        211  pi+                 91   287     0     0     0     0     0      0.147     -0.011    -31.388     31.389      0.140
   344       3122  Lambda0             91   289     0     0     0     0     0     -0.110      0.061    -73.192     73.201      1.116
   345        211  pi+                 91   289     0     0     0     0     0     -0.169     -0.188    -15.004     15.006      0.140
   346      -3122  Lambdabar0          91   290     0     0     0     0     0     -0.424     -0.419    -66.358     66.370      1.116
   347       -211  pi-                 91   290     0     0     0     0     0      0.064      0.101    -17.412     17.413      0.140
   348        211  pi+                 91   291     0     0     0     0     0     -0.211     -0.143     -3.188      3.201      0.140
   349       -211  pi-                 91   291     0     0     0     0     0      0.687      0.275    -13.294     13.315      0.140
   350        211  pi+                 91   298     0     0     0     0     0     -0.057     -0.120     -0.231      0.301      0.140
   351       -211  pi-                 91   298     0     0     0     0     0     -0.407      0.432     -0.189      0.638      0.140
   352       -211  pi-                 91   299     0     0     0     0     0     -0.151      0.184     -0.810      0.856      0.140
   353        111  (pi0)              -91   299     0   452   453     0     0     -0.427     -0.141     -0.104      0.481      0.135
   354        211  pi+                 91   300     0     0     0     0     0     -0.014      0.229      3.624      3.634      0.140
   355        111  (pi0)              -91   300     0   454   455     0     0     -0.152      0.366      0.922      1.012      0.135
   356        130  K_L0                91   316   316     0     0     0     0     -0.151     -0.075    -23.342     23.348      0.498
   357        130  K_L0                91   333   333     0     0     0     0      0.436      0.386      7.091      7.132      0.498
   358         22  gamma               91   169     0     0     0     0     0     -0.115      0.703   -462.988    462.988      0.000
   359         22  gamma               91   169     0     0     0     0     0      0.108      0.158    -37.054     37.054      0.000
   360         22  gamma               91   175     0     0     0     0     0      0.022      0.033     49.989     49.989      0.000
   361         22  gamma               91   175     0     0     0     0     0      0.259      0.009    818.701    818.701      0.000
   362        211  pi+                 91   186     0     0     0     0     0      0.202     -0.146      1.297      1.328      0.140
   363       -211  pi-                 91   186     0     0     0     0     0      0.268      0.118      0.655      0.731      0.140
   364        111  (pi0)              -91   186     0   456   457     0     0      0.814     -0.256      1.949      2.132      0.135
   365        111  (pi0)              -91   187     0   458   459     0     0      0.283     -0.126      1.658      1.692      0.135
   366        111  (pi0)              -91   187     0   460   461     0     0      0.155      0.040      0.690      0.721      0.135
   367        111  (pi0)              -91   187     0   462   463     0     0      0.024     -0.111      1.096      1.111      0.135
   368         22  gamma               91   193     0     0     0     0     0     -0.083      0.094      0.963      0.971      0.000
   369         22  gamma               91   193     0     0     0     0     0     -0.072      1.751      5.216      5.503      0.000
   370         22  gamma               91   195     0     0     0     0     0     -0.141      0.634      5.725      5.762      0.000
   371         22  gamma               91   195     0     0     0     0     0     -0.144      0.425      3.155      3.187      0.000
   372         22  gamma               91   196     0     0     0     0     0     -0.067      0.179      0.363      0.410      0.000
   373         22  gamma               91   196     0     0     0     0     0      0.035      0.512      0.905      1.040      0.000
   374         22  gamma               91   198     0     0     0     0     0      0.099      0.293     66.041     66.041      0.000
   375         22  gamma               91   198     0     0     0     0     0     -0.018      0.441     92.162     92.163      0.000
   376        211  pi+                 91   199     0     0     0     0     0      0.160      0.061    246.595    246.595      0.140
   377       -211  pi-                 91   199     0     0     0     0     0     -0.029     -0.165     39.783     39.784      0.140
   378        111  (pi0)              -91   199     0   464   465     0     0      0.106     -0.113    121.365    121.365      0.135
   379         22  gamma               91   200     0     0     0     0     0      0.104     -0.251     52.139     52.140      0.000
   380         22  gamma               91   200     0     0     0     0     0     -0.005     -0.397     81.999     82.000      0.000
   381         22  gamma               91   214     0     0     0     0     0      0.098     -0.074      0.120      0.172      0.000
   382         22  gamma               91   214     0     0     0     0     0      0.106     -0.359      0.410      0.555      0.000
   383        211  pi+                 91   215     0     0     0     0     0     -0.194      0.087      0.150      0.296      0.140
   384       -211  pi-                 91   215     0     0     0     0     0     -0.407     -0.251     -0.245      0.555      0.140
   385        111  (pi0)              -91   215     0   466   467     0     0     -0.035     -0.117      0.075      0.197      0.135
   386        111  (pi0)              -91   219     0   468   469     0     0     -0.685     -1.332     -3.594      3.896      0.135
   387        111  (pi0)              -91   219     0   470   471     0     0     -0.355     -0.579     -1.793      1.922      0.135
   388        111  (pi0)              -91   219     0   472   473     0     0     -0.833     -1.065     -3.607      3.854      0.135
   389        111  (pi0)              -91   224     0   474   475     0     0      0.076      0.250    -25.997     25.999      0.135
   390        111  (pi0)              -91   224     0   476   477     0     0      0.233      0.139    -43.321     43.322      0.135
   391        111  (pi0)              -91   224     0   478   479     0     0      0.014      0.012    -17.229     17.229      0.135
   392         22  gamma               91   227     0     0     0     0     0     -0.033     -0.019    -68.542     68.542      0.000
   393         22  gamma               91   227     0     0     0     0     0      0.079     -0.266   -318.686    318.687      0.000
   394         22  gamma               91   228     0     0     0     0     0     -0.440     -0.075   -194.526    194.527      0.000
   395         22  gamma               91   228     0     0     0     0     0     -0.155      0.045    -56.037     56.037      0.000
   396        111  (pi0)              -91   230     0   480   481     0     0     -0.187      0.463  -1015.599   1015.600      0.135
   397         22  gamma               91   230     0     0     0     0     0     -0.330     -0.167  -1822.676   1822.676      0.000
   398        211  pi+                 91   234     0     0     0     0     0      0.070     -0.061    -25.426     25.427      0.140
   399       -211  pi-                 91   234     0     0     0     0     0     -0.181     -0.047    -14.448     14.450      0.140
   400        111  (pi0)              -91   234     0   482   483     0     0      0.373      0.119    -15.511     15.517      0.135
   401         22  gamma               91   242     0     0     0     0     0     -0.151     -0.378      1.922      1.965      0.000
   402         22  gamma               91   242     0     0     0     0     0      0.017     -0.062      0.522      0.526      0.000
   403         22  gamma               91   245     0     0     0     0     0     -0.759      0.195     35.512     35.521      0.000
   404         22  gamma               91   245     0     0     0     0     0     -0.136      0.023      1.369      1.376      0.000
   405         22  gamma               91   246     0     0     0     0     0      0.064     -0.027      3.242      3.243      0.000
   406         22  gamma               91   246     0     0     0     0     0      0.352      0.070     30.928     30.930      0.000
   407        211  pi+                 91   264     0     0     0     0     0     -0.037     -0.101      1.747      1.755      0.140
   408       -211  pi-                 91   264     0     0     0     0     0      0.170     -0.087     10.027     10.030      0.140
   409        111  (pi0)              -91   264     0   484   485     0     0     -0.176     -0.047     12.860     12.862      0.135
   410        211  pi+                 91   266     0     0     0     0     0     -0.374     -0.134      3.996      4.018      0.140
   411       -211  pi-                 91   266     0     0     0     0     0     -0.311     -0.054      8.012      8.020      0.140
   412        111  (pi0)              -91   266     0   486   487     0     0      0.085     -0.001      2.135      2.141      0.135
   413         22  gamma               91   267     0     0     0     0     0      0.132     -0.273      6.873      6.880      0.000
   414         22  gamma               91   267     0     0     0     0     0     -0.023     -0.038      1.955      1.955      0.000
   415        111  (pi0)              -91   272     0   488   489     0     0     -0.030      0.037     -0.013      0.144      0.135
   416        111  (pi0)              -91   272     0   490   491     0     0     -0.028      0.302     -0.036      0.334      0.135
   417        111  (pi0)              -91   272     0   492   493     0     0     -0.233      0.195      0.078      0.342      0.135
   418         22  gamma               91   277     0     0     0     0     0     -0.097     -0.064     -0.997      1.004      0.000
   419         22  gamma               91   277     0     0     0     0     0     -0.138     -0.237     -1.288      1.317      0.000
   420         22  gamma               91   278     0     0     0     0     0      0.207      0.189    -16.416     16.419      0.000
   421         22  gamma               91   278     0     0     0     0     0      1.948      0.965   -239.538    239.548      0.000
   422         22  gamma               91   283     0     0     0     0     0      0.009      0.017     -6.303      6.303      0.000
   423         22  gamma               91   283     0     0     0     0     0      0.069      0.004     -1.552      1.554      0.000
   424        111  (pi0)              -91   284     0   494   495     0     0      0.176     -0.093    -29.785     29.786      0.135
   425         22  gamma               91   284     0     0     0     0     0     -0.518      0.443    -73.203     73.206      0.000
   426         22  gamma               91   293     0     0     0     0     0      0.488     -0.029     -2.302      2.353      0.000
   427         22  gamma               91   293     0     0     0     0     0      0.003     -0.023     -0.105      0.107      0.000
   428         22  gamma               91   294     0     0     0     0     0     -0.037      0.043     -0.241      0.248      0.000
   429         22  gamma               91   294     0     0     0     0     0     -0.189     -0.009     -2.041      2.050      0.000
   430        111  (pi0)              -91   297     0   496   497     0     0      0.487      0.210     -2.433      2.494      0.135
   431        111  (pi0)              -91   297     0   498   499     0     0      0.470      0.389     -2.114      2.204      0.135
   432        111  (pi0)              -91   297     0   500   501     0     0      0.124      0.165     -0.781      0.820      0.135
   433         22  gamma               91   302     0     0     0     0     0      0.073      0.048      9.731      9.731      0.000
   434         22  gamma               91   302     0     0     0     0     0     -0.047      0.126     16.917     16.918      0.000
   435         22  gamma               91   320     0     0     0     0     0     -0.078     -0.156    -21.018     21.019      0.000
   436         22  gamma               91   320     0     0     0     0     0     -0.060     -0.041    -24.729     24.729      0.000
   437         22  gamma               91   322     0     0     0     0     0      0.022     -0.012     -7.402      7.402      0.000
   438         22  gamma               91   322     0     0     0     0     0      0.023      0.258    -83.522     83.522      0.000
   439         22  gamma               91   324     0     0     0     0     0      0.509     -0.352    -44.017     44.022      0.000
   440         22  gamma               91   324     0     0     0     0     0      1.213     -0.599    -94.287     94.297      0.000
   441         22  gamma               91   326     0     0     0     0     0      0.130     -0.198     -0.039      0.240      0.000
   442         22  gamma               91   326     0     0     0     0     0      0.070     -0.200     -0.163      0.267      0.000
   443         22  gamma               91   332     0     0     0     0     0      0.658     -0.349     39.021     39.028      0.000
   444         22  gamma               91   332     0     0     0     0     0      0.231     -0.167     11.535     11.539      0.000
   445         22  gamma               91   336     0     0     0     0     0     -0.059     -0.085     -0.182      0.210      0.000
   446         22  gamma               91   336     0     0     0     0     0      0.042     -0.071     -0.033      0.089      0.000
   447         22  gamma               91   339     0     0     0     0     0     -0.088     -0.016     -7.526      7.526      0.000
   448         22  gamma               91   339     0     0     0     0     0     -0.152      0.054    -35.554     35.555      0.000
   449         22  gamma               91   341     0     0     0     0     0      0.097      0.020     -1.811      1.813      0.000
   450         11  e-                  91   341     0     0     0     0     0      0.000      0.003     -0.270      0.270      0.001
   451        -11  e+                  91   341     0     0     0     0     0     -0.006      0.038     -3.008      3.008      0.001
   452         22  gamma               91   353     0     0     0     0     0      0.010     -0.003     -0.006      0.012      0.000
   453         22  gamma               91   353     0     0     0     0     0     -0.437     -0.138     -0.097      0.469      0.000
   454         22  gamma               91   355     0     0     0     0     0     -0.122      0.144      0.506      0.540      0.000
   455         22  gamma               91   355     0     0     0     0     0     -0.030      0.222      0.415      0.472      0.000
   456         22  gamma               91   364     0     0     0     0     0      0.104     -0.011      0.350      0.365      0.000
   457         22  gamma               91   364     0     0     0     0     0      0.710     -0.246      1.600      1.767      0.000
   458         22  gamma               91   365     0     0     0     0     0      0.141     -0.001      0.891      0.902      0.000
   459         22  gamma               91   365     0     0     0     0     0      0.143     -0.125      0.767      0.790      0.000
   460         22  gamma               91   366     0     0     0     0     0     -0.014     -0.015      0.025      0.032      0.000
   461         22  gamma               91   366     0     0     0     0     0      0.170      0.055      0.665      0.689      0.000
   462         22  gamma               91   367     0     0     0     0     0      0.039     -0.057      0.186      0.198      0.000
   463         22  gamma               91   367     0     0     0     0     0     -0.015     -0.054      0.911      0.912      0.000
   464         22  gamma               91   378     0     0     0     0     0      0.067     -0.129     66.790     66.790      0.000
   465         22  gamma               91   378     0     0     0     0     0      0.039      0.016     54.575     54.575      0.000
   466         22  gamma               91   385     0     0     0     0     0      0.037     -0.099      0.031      0.110      0.000
   467         22  gamma               91   385     0     0     0     0     0     -0.073     -0.018      0.044      0.087      0.000
   468         22  gamma               91   386     0     0     0     0     0     -0.631     -1.288     -3.430      3.718      0.000
   469         22  gamma               91   386     0     0     0     0     0     -0.054     -0.044     -0.164      0.178      0.000
   470         22  gamma               91   387     0     0     0     0     0     -0.227     -0.478     -1.351      1.451      0.000
   471         22  gamma               91   387     0     0     0     0     0     -0.127     -0.100     -0.442      0.471      0.000
   472         22  gamma               91   388     0     0     0     0     0     -0.699     -0.871     -3.108      3.302      0.000
   473         22  gamma               91   388     0     0     0     0     0     -0.134     -0.194     -0.499      0.552      0.000
   474         22  gamma               91   389     0     0     0     0     0      0.004      0.117     -6.342      6.343      0.000
   475         22  gamma               91   389     0     0     0     0     0      0.071      0.133    -19.656     19.656      0.000
   476         22  gamma               91   390     0     0     0     0     0      0.203      0.063    -25.929     25.930      0.000
   477         22  gamma               91   390     0     0     0     0     0      0.031      0.076    -17.392     17.392      0.000
   478         22  gamma               91   391     0     0     0     0     0      0.027     -0.051    -11.947     11.947      0.000
   479         22  gamma               91   391     0     0     0     0     0     -0.013      0.064     -5.282      5.283      0.000
   480         22  gamma               91   396     0     0     0     0     0      0.007      0.136   -240.340    240.340      0.000
   481         22  gamma               91   396     0     0     0     0     0     -0.194      0.327   -775.259    775.259      0.000
   482         22  gamma               91   400     0     0     0     0     0      0.381      0.125    -14.714     14.719      0.000
   483         22  gamma               91   400     0     0     0     0     0     -0.008     -0.006     -0.798      0.798      0.000
   484         22  gamma               91   409     0     0     0     0     0     -0.088     -0.078      9.422      9.423      0.000
   485         22  gamma               91   409     0     0     0     0     0     -0.088      0.031      3.438      3.439      0.000
   486         22  gamma               91   412     0     0     0     0     0     -0.009      0.042      0.298      0.301      0.000
   487         22  gamma               91   412     0     0     0     0     0      0.094     -0.043      1.837      1.840      0.000
   488         22  gamma               91   415     0     0     0     0     0     -0.077      0.028     -0.037      0.090      0.000
   489         22  gamma               91   415     0     0     0     0     0      0.047      0.009      0.024      0.054      0.000
   490         22  gamma               91   416     0     0     0     0     0     -0.080      0.204     -0.042      0.223      0.000
   491         22  gamma               91   416     0     0     0     0     0      0.051      0.098      0.006      0.111      0.000
   492         22  gamma               91   417     0     0     0     0     0     -0.179      0.103      0.104      0.232      0.000
   493         22  gamma               91   417     0     0     0     0     0     -0.054      0.092     -0.026      0.110      0.000
   494         22  gamma               91   424     0     0     0     0     0      0.133     -0.121    -19.052     19.053      0.000
   495         22  gamma               91   424     0     0     0     0     0      0.043      0.028    -10.733     10.733      0.000
   496         22  gamma               91   430     0     0     0     0     0      0.306      0.146     -1.825      1.857      0.000
   497         22  gamma               91   430     0     0     0     0     0      0.181      0.063     -0.608      0.637      0.000
   498         22  gamma               91   431     0     0     0     0     0      0.063      0.004     -0.177      0.188      0.000
   499         22  gamma               91   431     0     0     0     0     0      0.407      0.385     -1.937      2.016      0.000
   500         22  gamma               91   432     0     0     0     0     0      0.067      0.121     -0.275      0.308      0.000
   501         22  gamma               91   432     0     0     0     0     0      0.057      0.044     -0.507      0.512      0.000
                                   Charge sum:  2.000           Momentum sum:     -0.000     -0.000     -0.000  14000.000  14000.000

 --------  End PYTHIA Event Listing  -----------------------------------------------------------------------------------------------
 PYTHIA Warning in StringFragmentation::fragmentToJunction: bad convergence junction rest frame  
 PYTHIA Error in SimpleSpaceShower::pT2nearThreshold: stuck in loop  

 Pythia::next(): 1000 events have been generated 
 PYTHIA Warning in Pythia::check: not quite matched particle energy/momentum/mass  

 Pythia::next(): 2000 events have been generated 
 PYTHIA Warning in Pythia::check: energy-momentum not quite conserved  

 Pythia::next(): 3000 events have been generated 

 Pythia::next(): 4000 events have been generated 
 PYTHIA Warning in SimpleSpaceShower::pT2nextQCD: weight above unity  
 PYTHIA Error in StringFragmentation::fragment: stuck in joining  
 PYTHIA Error in Pythia::next: hadronLevel failed; try again  

 Pythia::next(): 5000 events have been generated 

 Pythia::next(): 6000 events have been generated 

 Pythia::next(): 7000 events have been generated 

 Pythia::next(): 8000 events have been generated 

 Pythia::next(): 9000 events have been generated 
 PYTHIA Error in StringFragmentation::fragmentToJunction: caught in junction flavour loop  
