
 *------------------------------------------------------------------------------------* 
 |                                                                                    | 
 |  *------------------------------------------------------------------------------*  | 
 |  |                                                                              |  | 
 |  |                                                                              |  | 
 |  |   PPP   Y   Y  TTTTT  H   H  III    A      Welcome to the Lund Monte Carlo!  |  | 
 |  |   P  P   Y Y     T    H   H   I    A A     This is PYTHIA version 8.243      |  | 
 |  |   PPP     Y      T    HHHHH   I   AAAAA    Last date of change:  4 Jul 2019  |  | 
 |  |   P       Y      T    H   H   I   A   A                                      |  | 
 |  |   P       Y      T    H   H  III  A   A    Now is 14 Nov 2019 at 16:07:19    |  | 
 |  |                                                                              |  | 
 |  |   Christian Bierlich;  Department of Astronomy and Theoretical Physics,      |  | 
 |  |      Lund University, Solvegatan 14A, SE-223 62 Lund, Sweden;                |  | 
 |  |      e-mail: christian.bierlich@thep.lu.se                                   |  | 
 |  |   Nishita Desai;  Department of Theoretical Physics, Tata Institute,         |  | 
 |  |      Homi Bhabha Road, Mumbai 400005, India;                                 |  | 
 |  |      e-mail: desai@theory.tifr.res.in                                        |  | 
 |  |   Ilkka Helenius;  Department of Physics, University of Jyvaskyla,           |  | 
 |  |      P.O. Box 35, FI-40014 University of Jyvaskyla, Finland;                 |  | 
 |  |      e-mail: ilkka.m.helenius@jyu.fi                                         |  | 
 |  |   Philip Ilten;  School of Physics and Astronomy,                            |  | 
 |  |      University of Birmingham, Birmingham, B152 2TT, UK;                     |  | 
 |  |      e-mail: philten@cern.ch                                                 |  | 
 |  |   Leif Lonnblad;  Department of Astronomy and Theoretical Physics,           |  | 
 |  |      Lund University, Solvegatan 14A, SE-223 62 Lund, Sweden;                |  | 
 |  |      e-mail: leif.lonnblad@thep.lu.se                                        |  | 
 |  |   Stephen Mrenna;  Computing Division, Simulations Group,                    |  | 
 |  |      Fermi National Accelerator Laboratory, MS 234, Batavia, IL 60510, USA;  |  | 
 |  |      e-mail: mrenna@fnal.gov                                                 |  | 
 |  |   Stefan Prestel;  Department of Astronomy and Theoretical Physics,          |  | 
 |  |      Lund University, Solvegatan 14A, SE-223 62 Lund, Sweden;                |  | 
 |  |      e-mail: stefan.prestel@thep.lu.se                                       |  | 
 |  |   Christine O. Rasmussen;  Department of Astronomy and Theoretical Physics,  |  | 
 |  |      Lund University, Solvegatan 14A, SE-223 62 Lund, Sweden;                |  | 
 |  |      e-mail: christine.rasmussen@thep.lu.se                                  |  | 
 |  |   Torbjorn Sjostrand;  Department of Astronomy and Theoretical Physics,      |  | 
 |  |      Lund University, Solvegatan 14A, SE-223 62 Lund, Sweden;                |  | 
 |  |      e-mail: torbjorn@thep.lu.se                                             |  | 
 |  |   Peter Skands;  School of Physics,                                          |  | 
 |  |      Monash University, PO Box 27, 3800 Melbourne, Australia;                |  | 
 |  |      e-mail: peter.skands@monash.edu                                         |  | 
 |  |                                                                              |  | 
 |  |   The main program reference is 'An Introduction to PYTHIA 8.2',             |  | 
 |  |   T. Sjostrand et al, Comput. Phys. Commun. 191 (2015) 159                   |  | 
 |  |   [arXiv:1410.3012 [hep-ph]]                                                 |  | 
 |  |                                                                              |  | 
 |  |   The main physics reference is the 'PYTHIA 6.4 Physics and Manual',         |  | 
 |  |   T. Sjostrand, S. Mrenna and P. Skands, JHEP05 (2006) 026 [hep-ph/0603175]  |  | 
 |  |                                                                              |  | 
 |  |   An archive of program versions and documentation is found on the web:      |  | 
 |  |   http://www.thep.lu.se/Pythia                                               |  | 
 |  |                                                                              |  | 
 |  |   This program is released under the GNU General Public Licence version 2.   |  | 
 |  |   Please respect the MCnet Guidelines for Event Generator Authors and Users. |  | 
 |  |                                                                              |  | 
 |  |   Disclaimer: this program comes without any guarantees.                     |  | 
 |  |   Beware of errors and use common sense when interpreting results.           |  | 
 |  |                                                                              |  | 
 |  |   Copyright (C) 2019 Torbjorn Sjostrand                                      |  | 
 |  |                                                                              |  | 
 |  |                                                                              |  | 
 |  *------------------------------------------------------------------------------*  | 
 |                                                                                    | 
 *------------------------------------------------------------------------------------* 


 *-------  PYTHIA Process Initialization  --------------------------*
 |                                                                  |
 | We collide p+ with p+ at a CM energy of 1.400e+04 GeV            |
 |                                                                  |
 |------------------------------------------------------------------|
 |                                                    |             |
 | Subprocess                                    Code |   Estimated |
 |                                                    |    max (mb) |
 |                                                    |             |
 |------------------------------------------------------------------|
 |                                                    |             |
 | non-diffractive                                101 |   5.717e+01 |
 |                                                                  |
 *-------  End PYTHIA Process Initialization -----------------------*

 *-------  PYTHIA Multiparton Interactions Initialization  ---------* 
 |                                                                  | 
 |                   sigmaNonDiffractive =    57.17 mb              | 
 |                                                                  | 
 |    pT0 =  2.65 gives sigmaInteraction =   328.90 mb: accepted    | 
 |                                                                  | 
 *-------  End PYTHIA Multiparton Interactions Initialization  -----* 

 *-------  PYTHIA Flag + Mode + Parm + Word + FVec + MVec + PVec + WVec Settings (changes only)  ------------------* 
 |                                                                                                                 | 
 | Name                                          |                      Now |      Default         Min         Max | 
 |                                               |                          |                                      | 
 | ParticleDecays:limitTau0                      |                       on |          off                         | 
 | Random:seed                                   |                        0 |           -1               900000000 | 
 | Random:setSeed                                |                       on |          off                         | 
 | SoftQCD:nonDiffractive                        |                       on |          off                         | 
 |                                                                                                                 | 
 *-------  End PYTHIA Flag + Mode + Parm + Word + FVec + MVec + PVec + WVec Settings  -----------------------------* 

 --------  PYTHIA Particle Data Table (changed only)  ------------------------------------------------------------------------------
 
      id   name            antiName         spn chg col      m0        mWidth      mMin       mMax       tau0    res dec ext vis wid
             no onMode   bRatio   meMode     products 

     333  phi                                 3   0   0    1.01946    0.00426    0.99000    1.09000  0.00000e+00   0   1   0   1   0
              0     1   0.4893042    2      321     -321 
              1     1   0.3422127    2      130      310 
              2     1   0.0420984    0     -213      211 
              3     1   0.0420984    0      113      111 
              4     1   0.0420984    0      213     -211 
              5     1   0.0270000    1      211     -211      111 
              6     1   0.0130981    0      221       22 
              7     1   0.0012708    0      111       22 
              8     1   0.0002956    0       11      -11 
              9     1   0.0002872    0       13      -13 
             10     1   0.0001151   11      221       11      -11 
             11     1   0.0000740    2      211     -211 
             12     1   0.0000470    0      223      111 

 --------  End PYTHIA Particle Data Table  -----------------------------------------------------------------------------------------


 --------  PYTHIA Info Listing  ---------------------------------------- 
 
 Beam A: id =   2212, pz =  7.000e+03, e =  7.000e+03, m =  9.383e-01.
 Beam B: id =   2212, pz = -7.000e+03, e =  7.000e+03, m =  9.383e-01.

 In 1: id =    1, x =  1.516e-01, pdf =  3.555e-01 at Q2 =  3.626e+01.
 In 2: id =   21, x =  2.145e-03, pdf =  1.287e+01 at same Q2.

 Process non-diffractive with code 101 is 2 -> 2.
 Subprocess q g -> q g with code 113 is 2 -> 2.
 It has sHat =  6.374e+04,    tHat = -3.628e+01,    uHat = -6.371e+04,
       pTHat =  6.021e+00,   m3Hat =  0.000e+00,   m4Hat =  0.000e+00,
    thetaHat =  4.772e-02,  phiHat =  4.609e+00.
     alphaEM =  7.592e-03,  alphaS =  2.230e-01    at Q2 =  4.326e+01.

 Impact parameter b =  1.171e+00 gives enhancement factor =  3.174e-01.
 Max pT scale for MPI =  6.021e+00, ISR =  6.021e+00, FSR =  6.021e+00.
 Number of MPI =     4, ISR =     6, FSRproc =    39, FSRreson =     0.

 --------  End PYTHIA Info Listing  ------------------------------------

 --------  PYTHIA Event Listing  (hard process)  -----------------------------------------------------------------------------------
 
    no         id  name            status     mothers   daughters     colours      p_x        p_y        p_z         e          m 
     0         90  (system)           -11     0     0     0     0     0     0      0.000      0.000      0.000  14000.000  14000.000
     1       2212  (p+)               -12     0     0     3     0     0     0      0.000      0.000   7000.000   7000.000      0.938
     2       2212  (p+)               -12     0     0     4     0     0     0      0.000      0.000  -7000.000   7000.000      0.938
     3          1  (d)                -21     1     0     5     6   101     0      0.000      0.000   1061.483   1061.483      0.000
     4         21  (g)                -21     2     0     5     6   102   103      0.000      0.000    -15.013     15.013      0.000
     5          1  d                   23     3     4     0     0   102     0     -5.989     -0.619   1060.871   1060.888      0.330
     6         21  g                   23     3     4     0     0   101   103      5.989      0.619    -14.400     15.608      0.000
                                   Charge sum: -0.333           Momentum sum:      0.000      0.000   1046.470   1076.496    252.475

 --------  End PYTHIA Event Listing  -----------------------------------------------------------------------------------------------

 --------  PYTHIA Event Listing  (complete event)  ---------------------------------------------------------------------------------
 
    no         id  name            status     mothers   daughters     colours      p_x        p_y        p_z         e          m 
     0         90  (system)           -11     0     0     0     0     0     0      0.000      0.000      0.000  14000.000  14000.000
     1       2212  (p+)               -12     0     0   180     0     0     0      0.000      0.000   7000.000   7000.000      0.938
     2       2212  (p+)               -12     0     0   181     0     0     0      0.000      0.000  -7000.000   7000.000      0.938
     3          1  (d)                -21     7     7     5     6   101     0      0.000      0.000   1061.483   1061.483      0.000
     4         21  (g)                -21     8     0     5     6   102   103      0.000      0.000    -15.013     15.013      0.000
     5          1  (d)                -23     3     4     9     9   102     0     -5.989     -0.619   1060.871   1060.888      0.330
     6         21  (g)                -23     3     4    10    10   101   103      5.989      0.619    -14.400     15.608      0.000
     7          1  (d)                -42    37    37     3     3   101     0     -0.000     -0.000   1061.483   1061.483      0.000
     8         21  (g)                -41    38     0    11     4   104   103      0.000      0.000    -53.280     53.280      0.000
     9          1  (d)                -44     5     5    25    26   102     0     -5.988     -0.617   1060.045   1060.062      0.330
    10         21  (g)                -44     6     6    40    40   101   103      7.602      4.570    -13.700     16.321      0.000
    11         21  (g)                -43     8     0    27    27   104   102     -1.614     -3.953    -38.142     38.380      0.000
    12         21  (g)                -31    88    88    14    15   107   106      0.000      0.000      2.799      2.799      0.000
    13         -2  (ubar)             -31   137   137    14    15     0   105      0.000      0.000    -20.807     20.807      0.000
    14         21  (g)                -33    12    13   135   136   107   105     -0.266      4.048      0.992      4.176      0.000
    15         -2  (ubar)             -33    12    13    86    87     0   106      0.266     -4.048    -19.000     19.431      0.330
    16         21  (g)                -31    20    20    18    19   108   109      0.000      0.000     11.996     11.996      0.000
    17         21  (g)                -31    21     0    18    19   110   111      0.000      0.000     -8.056      8.056      0.000
    18         21  (g)                -33    16    17    22    22   108   111     -3.002      2.506     -7.229      8.219      0.000
    19         21  (g)                -33    16    17    23    23   110   109      3.002     -2.506     11.169     11.834      0.000
    20         21  (g)                -42   122   122    16    16   108   109     -0.000      0.000     11.996     11.996      0.000
    21         21  (g)                -41    82    82    24    17   110   112      0.000      0.000   -123.864    123.864      0.000
    22         21  (g)                -44    18    18    50    51   108   111     -1.599     -0.532     -7.896      8.074      0.000
    23         21  (g)                -44    19    19    80    81   110   109      3.063     -2.636     11.537     12.224      0.000
    24         21  (g)                -43    21     0    52    52   111   112     -1.464      3.168   -115.509    115.562      0.000
    25          1  (d)                -51     9     0    39    39   113     0     -6.716      0.334    597.911    597.949      0.330
    26         21  (g)                -51     9     0    42    42   102   113      0.727     -0.952    462.123    462.125      0.000
    27         21  (g)                -52    11    11    41    41   104   102     -1.613     -3.952    -38.131     38.369      0.000
    28         21  (g)                -31    32    32    30    31   114   115      0.000      0.000     35.033     35.033      0.000
    29         21  (g)                -31    33     0    30    31   116   114      0.000      0.000    -15.811     15.811      0.000
    30         21  (g)                -33    28    29    34    34   116   117     -3.227      0.290    -15.569     15.902      0.000
    31         21  (g)                -33    28    29    35    35   117   115      3.227     -0.290     34.791     34.942      0.000
    32         21  (g)                -42    62     0    28    28   114   115      0.000      0.000     35.033     35.033      0.000
    33         21  (g)                -41    63    63    36    29   118   114     -0.000     -0.000    -17.021     17.021      0.000
    34         21  (g)                -44    30    30    46    46   116   117     -3.163      1.958    -15.968     16.395      0.000
    35         21  (g)                -44    31    31    49    49   117   115      3.227     -0.282     33.819     33.974      0.000
    36         21  (g)                -43    33     0    44    45   118   116     -0.065     -1.675      0.161      1.684      0.000
    37          1  (d)                -42    61    61     7     7   101     0     -0.000     -0.000   1061.483   1061.483      0.000
    38          1  (d)                -41   146   146    43     8   104     0      0.000      0.000   -321.741    321.741      0.000
    39          1  (d)                -44    25    25    71    72   113     0     -6.716      0.333    597.912    597.950      0.330
    40         21  (g)                -44    10    10    56    57   101   103      7.523      4.056    -13.794     16.227      0.000
    41         21  (g)                -44    27    27    74    75   104   102     -1.815     -5.262    -38.048     38.453      0.000
    42         21  (g)                -44    26    26    73    73   102   113      0.727     -0.952    462.129    462.131      0.000
    43          1  (d)                -43    38     0    58    58   103     0      0.282      1.824   -268.457    268.463      0.330
    44         21  (g)                -51    36     0    66    66   118   119      0.596     -0.585      0.641      1.052      0.000
    45         21  (g)                -51    36     0    67    67   119   116     -1.501     -0.570     -4.723      4.988      0.000
    46         21  (g)                -52    34    34    47    48   116   117     -2.322      1.438    -11.725     12.039      0.000
    47         21  (g)                -51    46     0    53    54   116   120     -3.087      1.184    -11.491     11.957      0.000
    48         21  (g)                -51    46     0    55    55   120   117      0.899      0.242      1.183      1.505      0.000
    49         21  (g)                -52    35    35    65    65   117   115      3.092     -0.271     32.403     32.551      0.000
    50         21  (g)                -51    22     0    85    85   108   121     -1.324     -1.447    -15.534     15.657      0.000
    51         21  (g)                -51    22     0    83    84   121   111     -0.768      1.984    -31.305     31.377      0.000
    52         21  (g)                -52    24    24   149   149   111   112     -0.970      2.100    -76.567     76.602      0.000
    53         21  (g)                -51    47     0    64    64   116   122     -1.279      1.059    -10.206     10.340      0.000
    54         21  (g)                -51    47     0    69    69   122   120     -1.619      0.175     -1.038      1.931      0.000
    55         21  (g)                -52    48    48    68    68   120   117      0.712      0.191      0.935      1.191      0.000
    56         21  (g)                -51    40     0    59    60   101   123      6.366      5.097    -13.957     16.165      0.000
    57         21  (g)                -51    40     0   103   103   123   103      1.162     -1.005     -5.127      5.352      0.000
    58          1  (d)                -52    43    43   168   169   103     0      0.276      1.788   -263.167    263.173      0.330
    59         -2  (ubar)             -51    56     0   101   102     0   123      2.939      3.786     -6.546      8.120      0.330
    60          2  (u)                -51    56     0   188   188   101     0      3.427      1.311     -7.289      8.167      0.330
    61          1  (d)                -53   180   180    37    37   101     0     -0.000     -0.000   1061.605   1061.605      0.000
    62         21  (g)                -41   104   104    70    32   124   115     -0.000      0.000   2393.911   2393.911      0.000
    63         21  (g)                -42    94    94    33    33   118   114      0.000     -0.000    -17.021     17.021      0.000
    64         21  (g)                -44    53    53    77    78   116   122     -1.277      1.059    -10.172     10.307      0.000
    65         21  (g)                -44    49    49   107   107   117   115      4.338     -0.336     32.356     32.647      0.000
    66         21  (g)                -44    44    44   108   108   118   119      0.628     -0.586      0.629      1.065      0.000
    67         21  (g)                -44    45    45   109   109   119   116     -1.496     -0.571     -4.691      4.956      0.000
    68         21  (g)                -44    55    55   110   110   120   117      0.752      0.189      0.922      1.205      0.000
    69         21  (g)                -44    54    54    79    79   122   120     -1.602      0.174     -1.005      1.900      0.000
    70         21  (g)                -43    62     0    92    93   124   114     -1.344      0.071   2358.850   2358.851      0.000
    71          1  (d)                -51    39     0   123   124   125     0     -6.585      0.370    573.694    573.732      0.330
    72         21  (g)                -51    39     0   125   125   113   125      0.028     -0.245    125.353    125.353      0.000
    73         21  (g)                -52    42    42    76    76   102   113      0.568     -0.744    360.995    360.996      0.000
    74         21  (g)                -51    41     0    95    96   104   126     -0.725     -5.344    -37.727     38.110      0.000
    75         21  (g)                -51    41     0    97    97   126   102     -1.089      0.081      0.565      1.230      0.000
    76         21  (g)                -52    73    73   129   130   102   113      0.567     -0.742    360.108    360.109      0.000
    77         21  (g)                -51    64     0    89    90   116   127     -0.091      0.716     -7.005      7.042      0.000
    78         21  (g)                -51    64     0    91    91   127   122     -1.866      0.417     -3.594      4.071      0.000
    79         21  (g)                -52    69    69   111   111   122   120     -0.922      0.100     -0.578      1.093      0.000
    80         21  (g)                -51    23     0   211   211   128   109      1.253     -0.632      7.018      7.157      0.000
    81         21  (g)                -51    23     0   171   172   110   128      1.810     -2.004      4.413      5.174      0.000
    82         21  (g)                -53   173   173    21    21   110   112      0.000      0.000   -123.970    123.970      0.000
    83         21  (g)                -51    51     0   147   148   129   111     -0.029      1.695    -19.292     19.366      0.000
    84         21  (g)                -51    51     0   215   215   121   129     -1.248     -0.267    -17.979     18.024      0.000
    85         21  (g)                -52    50    50   120   121   108   121     -0.815     -0.891     -9.567      9.643      0.000
    86         -2  (ubar)             -51    15     0   203   203     0   130     -0.841     -1.795    -10.185     10.381      0.330
    87         21  (g)                -51    15     0   159   160   130   106      1.107     -2.252     -8.756      9.108      0.000
    88         21  (g)                -53   161   161    12    12   107   106      0.000     -0.000      2.858      2.858      0.000
    89         21  (g)                -51    77     0   106   106   116   131      0.308      0.728     -4.537      4.605      0.000
    90         21  (g)                -51    77     0   114   114   131   127     -1.337      0.198     -4.275      4.483      0.000
    91         21  (g)                -52    78    78   113   113   127   122     -0.928      0.208     -1.788      2.025      0.000
    92         21  (g)                -51    70     0   112   112   124   132     -1.123      0.179    562.272    562.273      0.000
    93         21  (g)                -51    70     0   115   115   132   114     -0.221     -0.108   1796.578   1796.578      0.000
    94         21  (g)                -53   105     0    63    63   118   114      0.000     -0.000    -17.021     17.021      0.000
    95         21  (g)                -51    74     0   144   145   104   133      0.270     -3.680    -23.470     23.758      0.000
    96         21  (g)                -51    74     0   100   100   133   126     -1.018     -1.663    -14.245     14.378      0.000
    97         21  (g)                -52    75    75    98    99   126   102     -1.067      0.079      0.554      1.204      0.000
    98         21  (g)                -51    97     0   131   131   134   102     -0.322     -0.413      0.635      0.823      0.000
    99         21  (g)                -51    97     0   192   192   126   134     -0.821      0.367     -1.151      1.461      0.000
   100         21  (g)                -52    96    96   191   191   133   126     -0.941     -1.538    -13.176     13.299      0.000
   101         -2  (ubar)             -51    59     0   183   183     0   135      1.125      2.020     -4.538      5.104      0.330
   102         21  (g)                -51    59     0   152   152   135   123      1.957      1.643     -2.634      3.670      0.000
   103         21  (g)                -52    57    57   150   151   123   103      1.020     -0.882     -4.501      4.699      0.000
   104         21  (g)                -42   219   219    62    62   124   115      0.000     -0.000   2393.911   2393.911      0.000
   105          2  (u)                -41   220   220   116    94   118     0     -0.000      0.000  -1530.277   1530.277      0.000
   106         21  (g)                -44    89    89   221   221   116   131      0.101      0.742     -4.540      4.602      0.000
   107         21  (g)                -44    65    65   138   139   117   115      4.331     -0.336     32.258     32.549      0.000
   108         21  (g)                -44    66    66   141   142   118   119      0.618     -0.586      0.614      1.050      0.000
   109         21  (g)                -44    67    67   143   143   119   116     -1.714     -0.556     -4.655      4.992      0.000
   110         21  (g)                -44    68    68   140   140   120   117      0.746      0.189      0.906      1.189      0.000
   111         21  (g)                -44    79    79   177   178   122   120     -0.959      0.103     -0.557      1.114      0.000
   112         21  (g)                -44    92    92   227   227   124   132     -1.123      0.179    562.296    562.297      0.000
   113         21  (g)                -44    91    91   228   228   127   122     -1.015      0.213     -1.766      2.048      0.000
   114         21  (g)                -44    90    90   229   229   131   127     -1.535      0.211     -4.242      4.516      0.000
   115         21  (g)                -44    93    93   117   118   132   114     -0.221     -0.108   1796.576   1796.576      0.000
   116          2  (u)                -43   105     0   119   119   114     0      0.770     -0.051  -1513.256   1513.256      0.330
   117         21  (g)                -51   115     0   230   230   132   136     -0.930      0.065   1528.408   1528.408      0.000
   118         21  (g)                -51   115     0   128   128   136   114      0.709     -0.173    268.168    268.169      0.000
   119          2  (u)                -52   116   116   126   127   114     0      0.770     -0.051  -1513.255   1513.255      0.330
   120         21  (g)                -51    85     0   210   210   137   121      0.325     -0.045     -4.121      4.134      0.000
   121         21  (g)                -51    85     0   216   216   108   137     -1.140     -0.846     -5.386      5.570      0.000
   122         21  (g)                -53   208   208    20    20   108   109     -0.000      0.000     12.057     12.057      0.000
   123          1  (d)                -51    71     0   182   182   138     0     -6.086      0.138    504.968    505.005      0.330
   124         21  (g)                -51    71     0   194   194   125   138     -0.491      0.161    104.758    104.759      0.000
   125         21  (g)                -52    72    72   189   189   113   125      0.020     -0.174     89.320     89.320      0.000
   126          2  (u)                -51   119     0   231   231   139     0      1.317     -0.479  -1472.229   1472.230      0.330
   127         21  (g)                -51   119     0   134   134   114   139     -0.547      0.428    -41.023     41.029      0.000
   128         21  (g)                -52   118   118   132   133   136   114      0.709     -0.173    268.165    268.166      0.000
   129         21  (g)                -51    76     0   185   185   140   113     -0.054      0.159    199.332    199.332      0.000
   130         21  (g)                -51    76     0   195   195   102   140      0.616     -0.907    160.785    160.789      0.000
   131         21  (g)                -52    98    98   190   190   134   102     -0.318     -0.407      0.626      0.812      0.000
   132         21  (g)                -51   128     0   155   155   136   141     -0.113      0.400    134.350    134.350      0.000
   133         21  (g)                -51   128     0   153   154   141   114      0.822     -0.573    133.813    133.817      0.000
   134         21  (g)                -52   127   127   164   164   114   139     -0.547      0.428    -41.021     41.027      0.000
   135         21  (g)                -51    14     0   156   157   107   142     -0.880      3.514      0.727      3.694      0.000
   136         21  (g)                -51    14     0   158   158   142   105      0.614      0.534     -0.070      0.816      0.000
   137         -2  (ubar)             -53   201   201    13    13     0   105      0.000     -0.000    -21.142     21.142      0.000
   138         21  (g)                -51   107     0   222   222   143   115      0.090     -0.199      4.094      4.100      0.000
   139         21  (g)                -51   107     0   235   235   117   143      4.374     -0.103     28.325     28.661      0.000
   140         21  (g)                -52   110   110   179   179   120   117      0.612      0.156      0.744      0.976      0.000
   141          1  (d)                -51   108     0   223   223   118     0     -0.154     -0.549      0.351      0.746      0.330
   142         -1  (dbar)             -51   108     0   236   236     0   119      0.627     -0.084     -0.131      0.726      0.330
   143         21  (g)                -52   109   109   224   224   119   116     -1.569     -0.509     -4.262      4.570      0.000
   144         21  (g)                -51    95     0   184   184   144   133      0.799     -3.178    -20.915     21.170      0.000
   145         21  (g)                -51    95     0   196   196   104   144     -0.529     -0.502     -8.009      8.042      0.000
   146          1  (d)                -53   181   181    38    38   104     0      0.000      0.000   -327.196    327.196      0.000
   147         21  (g)                -51    83     0   213   213   129   145      0.210      1.964    -31.439     31.501      0.000
   148         21  (g)                -51    83     0   217   217   145   111     -0.483      0.258     -7.087      7.108      0.000
   149         21  (g)                -52    52    52   212   212   111   112     -0.727      1.572    -57.333     57.359      0.000
   150         21  (g)                -51   103     0   170   170   146   103      0.895     -0.920     -2.591      2.891      0.000
   151         21  (g)                -51   103     0   197   197   123   146      0.426      0.290     -2.315      2.372      0.000
   152         21  (g)                -52   102   102   193   193   135   123      1.656      1.390     -2.228      3.105      0.000
   153         21  (g)                -51   133     0   162   163   147   114     -0.178     -0.026    116.614    116.614      0.000
   154         21  (g)                -51   133     0   237   237   141   147      0.920     -0.264    112.347    112.351      0.000
   155         21  (g)                -52   132   132   232   232   136   141     -0.033      0.117     39.202     39.202      0.000
   156         21  (g)                -51   135     0   202   202   107   148     -0.875      1.734      0.362      1.976      0.000
   157         21  (g)                -51   135     0   206   206   148   142      0.216      1.972      0.339      2.013      0.000
   158         21  (g)                -52   136   136   205   205   142   105      0.393      0.342     -0.045      0.523      0.000
   159          1  (d)                -51    87     0   204   204   130     0      0.058     -0.991     -2.232      2.465      0.330
   160         -1  (dbar)             -51    87     0   207   207     0   106      1.049     -1.262     -6.477      6.690      0.330
   161         21  (g)                -53   200   200    88    88   107   106      0.000     -0.000      2.905      2.905      0.000
   162         21  (g)                -51   153     0   167   167   147   149     -0.025      0.475    113.741    113.742      0.000
   163         21  (g)                -51   153     0   165   166   149   114     -0.153     -0.501      2.848      2.896      0.000
   164         21  (g)                -52   134   134   233   233   114   139     -0.546      0.427    -40.997     41.003      0.000
   165         21  (g)                -51   163     0   238   238   150   114     -0.297     -0.548      4.102      4.149      0.000
   166         21  (g)                -51   163     0   239   239   149   150      0.139      0.132     19.323     19.324      0.000
   167         21  (g)                -52   162   162   234   234   147   149     -0.020      0.389     93.164     93.165      0.000
   168          1  (d)                -51    58     0   186   186   151     0      0.524      1.309   -248.385    248.389      0.330
   169         21  (g)                -51    58     0   176   176   103   151     -0.228      0.459    -14.839     14.848      0.000
   170         21  (g)                -52   150   150   174   175   146   103      0.875     -0.900     -2.534      2.828      0.000
   171         21  (g)                -51    81     0   214   214   152   128      2.144     -1.844      3.873      4.795      0.000
   172         21  (g)                -51    81     0   218   218   110   152     -0.334     -0.161      0.385      0.535      0.000
   173         21  (g)                -53   209   209    82    82   110   112      0.000      0.000   -124.126    124.126      0.000
   174         21  (g)                -51   170     0   187   187   146   153      0.498     -0.916     -3.720      3.863      0.000
   175         21  (g)                -51   170     0   199   199   153   103      0.354      0.064     -0.351      0.502      0.000
   176         21  (g)                -52   169   169   198   198   103   151     -0.204      0.411    -13.302     13.310      0.000
   177         21  (g)                -51   111     0   226   226   122   154     -0.881      0.392     -0.054      0.966      0.000
   178         21  (g)                -51   111     0   240   240   154   120      0.082     -0.248     -0.308      0.404      0.000
   179         21  (g)                -52   140   140   225   225   120   117      0.452      0.115      0.549      0.720      0.000
   180          1  (d)                -61     1     0    61    61   106     0     -2.342      2.167   1061.601   1061.606      0.000
   181          1  (d)                -61     2     0   146   146   114     0      2.707      2.215   -327.186    327.205      0.000
   182          1  (d)                -62   123   123   363   363   138     0     -7.200      1.169    504.935    504.988      0.330
   183         -2  (ubar)             -62   101   101   264   264     0   135      1.164      2.054     -4.527      5.116      0.330
   184         21  (g)                -62   144   144   347   347   144   133      0.973     -3.035    -20.918     21.159      0.000
   185         21  (g)                -62   129   129   247     0   140   113     -0.494      0.566    199.331    199.333      0.000
   186          1  (d)                -62   168   168   270   270   151     0      2.579      2.991   -248.372    248.404      0.330
   187         21  (g)                -62   174   174   255     0   146   154      0.529     -0.890     -3.719      3.861      0.000
   188          2  (u)                -62    60    60   256   256   101     0      3.490      1.364     -7.268      8.184      0.330
   189         21  (g)                -62   125   125   247     0   113   125     -0.177      0.008     89.319     89.320      0.000
   190         21  (g)                -62   131   131   244     0   134   150     -0.318     -0.405      0.624      0.809      0.000
   191         21  (g)                -62   100   100   348   348   133   108     -0.832     -1.448    -13.184     13.289      0.000
   192         21  (g)                -62    99    99   246     0   126   122     -0.811      0.376     -1.154      1.460      0.000
   193         21  (g)                -62   152   152   263   263   135   123      1.677      1.409     -2.216      3.116      0.000
   194         21  (g)                -62   124   124   362   362   125   138     -0.722      0.375    104.755    104.758      0.000
   195         21  (g)                -62   130   130   358   358   102   132      0.261     -0.578    160.785    160.787      0.000
   196         21  (g)                -62   145   145   245     0   104   137     -0.463     -0.448     -8.013      8.039      0.000
   197         21  (g)                -62   151   151   262   262   123   130      0.446      0.306     -2.313      2.375      0.000
   198         21  (g)                -62   176   176   253     0   103   129     -0.094      0.501    -13.302     13.311      0.000
   199         21  (g)                -62   175   175   254     0   153   116      0.357      0.067     -0.349      0.504      0.000
   200         21  (g)                -61     1     0   161   161   105   106     -1.591     -2.021      2.347      3.482      0.000
   201         -2  (ubar)             -61     2     0   137   137     0   105     -1.515      1.354    -20.956     21.054      0.000
   202         21  (g)                -62   156   156   249     0   107   148     -1.567      0.938      0.601      1.922      0.000
   203         -2  (ubar)             -62    86    86   290   290     0   106     -1.672     -1.160    -10.992     11.184      0.330
   204          1  (d)                -62   159   159   261   261   130     0     -0.186     -0.899     -2.597      2.775      0.330
   205         21  (g)                -62   158   158   251     0   142   118      0.254      0.184      0.134      0.341      0.000
   206         21  (g)                -62   157   157   354   354   148   110     -0.457      1.162      0.922      1.552      0.000
   207         -1  (dbar)             -62   160   160   255     0     0   146      0.522     -0.892     -6.675      6.763      0.330
   208         21  (g)                -61     1     0   122   122   112   112      0.306     -0.892     12.026     12.063      0.000
   209         21  (g)                -61     2     0   173   173   109   109     -0.561     -4.535   -124.371    124.455      0.000
   210         21  (g)                -62   120   120   346   346   137   144      0.306     -0.197     -4.135      4.151      0.000
   211         21  (g)                -62    80    80   287   287   128   152      1.433     -1.160      6.969      7.209      0.000
   212         21  (g)                -62   149   149   343   343   111   145     -0.985     -0.522    -57.406     57.417      0.000
   213         21  (g)                -62   147   147   253     0   129   151      0.068      0.815    -31.467     31.478      0.000
   214         21  (g)                -62   171   171   286   286   152   120      2.252     -2.184      3.794      4.923      0.000
   215         21  (g)                -62    84    84   245     0   121   104     -1.329     -0.926    -18.001     18.074      0.000
   216         21  (g)                -62   121   121   349   349   108   119     -1.163     -1.054     -5.396      5.620      0.000
   217         21  (g)                -62   148   148   344   344   145   121     -0.514     -0.002     -7.088      7.107      0.000
   218         21  (g)                -62   172   172   244     0   110   134     -0.323     -0.197      0.386      0.540      0.000
   219         21  (g)                -61     1     0   104   104   139   105      2.798      0.668   2393.910   2393.912      0.000
   220          2  (u)                -61     2     0   105   105   105     0     -1.127     -0.007  -1530.276   1530.276      0.000
   221         21  (g)                -62   106   106   272   272   116   103      0.098      0.742     -4.541      4.602      0.000
   222         21  (g)                -62   138   138   248     0   143   141      0.095     -0.198      4.094      4.100      0.000
   223          1  (d)                -62   141   141   284   284   118     0     -0.154     -0.549      0.352      0.746      0.330
   224         21  (g)                -62   143   143   350   350   119   131     -1.572     -0.509     -4.260      4.570      0.000
   225         21  (g)                -62   179   179   251     0   120   142      0.453      0.115      0.549      0.721      0.000
   226         21  (g)                -62   177   177   249     0   122   107     -0.881      0.392     -0.053      0.965      0.000
   227         21  (g)                -62   112   112   360   360   124   140     -0.466      0.336    562.296    562.297      0.000
   228         21  (g)                -62   113   113   246     0   127   126     -1.016      0.213     -1.765      2.047      0.000
   229         21  (g)                -62   114   114   351   351   131   127     -1.538      0.211     -4.240      4.516      0.000
   230         21  (g)                -62   117   117   359   359   132   124      0.857      0.491   1528.408   1528.408      0.000
   231          2  (u)                -62   126   126   315   315   139     0      0.232     -0.486  -1472.229   1472.229      0.330
   232         21  (g)                -62   155   155   250     0   106   147      0.013      0.128     39.202     39.202      0.000
   233         21  (g)                -62   164   164   342   342   114   111     -0.577      0.427    -40.996     41.003      0.000
   234         21  (g)                -62   167   167   250     0   147   149      0.089      0.415     93.164     93.165      0.000
   235         21  (g)                -62   139   139   288   288   117   128      4.408     -0.095     28.321     28.662      0.000
   236         -1  (dbar)             -62   142   142   257   257     0   101      0.628     -0.084     -0.131      0.726      0.330
   237         21  (g)                -62   154   154   357   357   141   102      1.051     -0.232    112.346    112.351      0.000
   238         21  (g)                -62   165   165   248     0   150   143     -0.292     -0.546      4.103      4.149      0.000
   239         21  (g)                -62   166   166   252     0   149   117      0.162      0.138     19.323     19.324      0.000
   240         21  (g)                -62   178   178   254     0   154   153      0.082     -0.248     -0.308      0.404      0.000
   241       2203  (uu_1)             -63     1     0   316   316     0   139      0.830      0.078   3529.425   3529.426      0.771
   242          2  (u)                -63     2     0   365   365   156     0     -0.035      0.935  -4527.100   4527.101      0.330
   243          2  (u)                -63     2     0   364   364   157     0      0.531      0.039   -469.420    469.421      0.330
   244         21  (g)                -73   190   218   355   355   110   150     -0.641     -0.603      1.009      1.349      0.166
   245         21  (g)                -73   196   215   345   345   121   137     -1.791     -1.374    -26.014     26.112      0.200
   246         21  (g)                -73   192   228   352   352   127   122     -1.826      0.590     -2.919      3.507      0.310
   247         21  (g)                -73   185   189   361   361   140   125     -0.671      0.574    288.651    288.652      0.373
   248         21  (g)                -73   222   238   356   356   150   141     -0.197     -0.744      8.197      8.249      0.519
   249         21  (g)                -73   202   226   353   353   122   148     -2.447      1.330      0.548      2.888      0.530
   250         21  (g)                -73   232   234   252     0   106   149      0.102      0.543    132.366    132.368      0.082
   251         21  (g)                -73   205   225   285   285   120   118      0.707      0.299      0.682      1.061      0.269
   252         21  (g)                -73   239   250   289   289   106   117      0.264      0.681    151.689    151.691      0.424
   253         21  (g)                -73   198   213   271   271   103   151     -0.026      1.316    -44.769     44.789      0.307
   254         21  (g)                -73   199   240   273   273   154   116      0.439     -0.181     -0.657      0.908      0.408
   255         -1  (dbar)             -73   207   187   274   274     0   154      1.051     -1.781    -10.395     10.623      0.730
   256          2  (u)                -71   188   188   258   260   101     0      3.490      1.364     -7.268      8.184      0.330
   257         -1  (dbar)             -71   236   236   258   260     0   101      0.628     -0.084     -0.131      0.726      0.330
   258        111  (pi0)              -83   256   257   476   477     0     0      0.565      0.201     -1.505      1.626      0.135
   259        211  pi+                 83   256   257     0     0     0     0      2.905      1.173     -5.528      6.356      0.140
   260        221  (eta)              -84   256   257   478   480     0     0      0.646     -0.094     -0.366      0.928      0.548
   261          1  (d)                -71   204   204   265   269   130     0     -0.186     -0.899     -2.597      2.775      0.330
   262         21  (g)                -71   197   197   265   269   123   130      0.446      0.306     -2.313      2.375      0.000
   263         21  (g)                -71   193   193   265   269   135   123      1.677      1.409     -2.216      3.116      0.000
   264         -2  (ubar)             -71   183   183   265   269     0   135      1.164      2.054     -4.527      5.116      0.330
   265        113  (rho0)             -83   261   264   413   414     0     0     -0.104     -0.371     -2.897      3.066      0.928
   266       -211  pi-                 83   261   264     0     0     0     0     -0.069     -0.017     -0.250      0.295      0.140
   267        223  (omega)            -83   261   264   481   483     0     0      0.729      0.181     -2.927      3.126      0.799
   268        111  (pi0)              -84   261   264   484   485     0     0      0.917      1.187     -1.606      2.202      0.135
   269        111  (pi0)              -84   261   264   486   487     0     0      1.627      1.890     -3.973      4.693      0.135
   270          1  (d)                -71   186   186   275   283   151     0      2.579      2.991   -248.372    248.404      0.330
   271         21  (g)                -71   253   253   275   283   103   151     -0.026      1.316    -44.769     44.789      0.307
   272         21  (g)                -71   221   221   275   283   116   103      0.098      0.742     -4.541      4.602      0.000
   273         21  (g)                -71   254   254   275   283   154   116      0.439     -0.181     -0.657      0.908      0.408
   274         -1  (dbar)             -71   255   255   275   283     0   154      1.051     -1.781    -10.395     10.623      0.730
   275       -211  pi-                 83   270   274     0     0     0     0      0.036      0.201     -4.294      4.301      0.140
   276        213  (rho+)             -83   270   274   415   416     0     0      1.652      2.250   -156.188    156.215      0.767
   277        113  (rho0)             -83   270   274   417   418     0     0      0.653      0.401    -77.385     77.393      0.839
   278       -211  pi-                 83   270   274     0     0     0     0      0.544      1.340    -48.229     48.251      0.140
   279        211  pi+                 84   270   274     0     0     0     0     -0.084      0.086     -0.876      0.895      0.140
   280       2112  n0                  84   270   274     0     0     0     0     -0.004      0.175     -4.378      4.481      0.940
   281      -2112  nbar0               84   270   274     0     0     0     0      0.722      0.098    -11.044     11.107      0.940
   282        223  (omega)            -84   270   274   488   490     0     0      0.008     -0.729     -2.412      2.637      0.777
   283        111  (pi0)              -84   270   274   491   492     0     0      0.614     -0.737     -3.928      4.046      0.135
   284          1  (d)                -71   223   223   291   314   118     0     -0.154     -0.549      0.352      0.746      0.330
   285         21  (g)                -71   251   251   291   314   120   118      0.707      0.299      0.682      1.061      0.269
   286         21  (g)                -71   214   214   291   314   152   120      2.252     -2.184      3.794      4.923      0.000
   287         21  (g)                -71   211   211   291   314   128   152      1.433     -1.160      6.969      7.209      0.000
   288         21  (g)                -71   235   235   291   314   117   128      4.408     -0.095     28.321     28.662      0.000
   289         21  (g)                -71   252   252   291   314   106   117      0.264      0.681    151.689    151.691      0.424
   290         -2  (ubar)             -71   203   203   291   314     0   106     -1.672     -1.160    -10.992     11.184      0.330
   291       -211  pi-                 83   284   290     0     0     0     0      0.981     -0.343      1.078      1.504      0.140
   292        223  (omega)            -83   284   290   493   495     0     0      0.018     -0.842      0.933      1.482      0.785
   293        113  (rho0)             -83   284   290   419   420     0     0      1.308     -0.631      3.514      4.032      1.340
   294        223  (omega)            -83   284   290   496   498     0     0      0.475     -0.997      2.175      2.559      0.773
   295        111  (pi0)              -83   284   290   499   500     0     0      0.667     -0.069      1.952      2.069      0.135
   296        223  (omega)            -83   284   290   501   503     0     0      2.195      0.144     13.695     13.893      0.786
   297        211  pi+                 83   284   290     0     0     0     0      0.662     -0.120      5.260      5.304      0.140
   298        221  (eta)              -83   284   290   504   505     0     0      0.624     -1.003      6.545      6.673      0.548
   299       -213  (rho-)             -83   284   290   421   422     0     0      1.087      0.260     10.893     10.977      0.760
   300        321  K+                  83   284   290     0     0     0     0      0.063     -0.090      5.229      5.253      0.494
   301        221  (eta)              -83   284   290   506   507     0     0      0.486     -0.064     16.149     16.166      0.548
   302       -311  (Kbar0)            -83   284   290   423   423     0     0     -0.222      0.488     63.869     63.873      0.498
   303       -211  pi-                 84   284   290     0     0     0     0      1.150      0.168     23.685     23.714      0.140
   304       2212  p+                  84   284   290     0     0     0     0     -0.974      0.211     17.569     17.622      0.938
   305       -323  (K*-)              -84   284   290   424   425     0     0      0.298      0.104      6.465      6.536      0.907
   306      -3214  (Sigma*bar0)       -84   284   290   426   427     0     0     -0.017     -1.129      9.400      9.569      1.387
   307        111  (pi0)              -84   284   290   508   509     0     0      0.106      1.126      1.567      1.937      0.135
   308        213  (rho+)             -84   284   290   428   429     0     0     -0.153     -0.093      0.492      0.861      0.683
   309       -211  pi-                 84   284   290     0     0     0     0     -0.167      0.030     -0.022      0.221      0.140
   310        211  pi+                 84   284   290     0     0     0     0      0.195     -0.277      0.329      0.492      0.140
   311       -211  pi-                 84   284   290     0     0     0     0     -0.018     -0.126      0.097      0.213      0.140
   312        321  K+                  84   284   290     0     0     0     0     -0.020     -0.125     -0.920      1.051      0.494
   313       -313  (K*bar0)           -84   284   290   430   431     0     0     -0.463     -0.190     -3.339      3.494      0.896
   314       -213  (rho-)             -84   284   290   432   433     0     0     -1.045     -0.599     -5.801      5.982      0.825
   315          2  (u)                -71   231   231   317   341   139     0      0.232     -0.486  -1472.229   1472.229      0.330
   316       2203  (uu_1)             -71   241   241   317   341     0   139      0.830      0.078   3529.425   3529.426      0.771
   317        211  pi+                 83   315   316     0     0     0     0     -0.009     -0.129   -173.143    173.143      0.140
   318       -211  pi-                 83   315   316     0     0     0     0     -0.048      0.114   -188.247    188.247      0.140
   319        211  pi+                 83   315   316     0     0     0     0      0.575     -0.083   -146.646    146.647      0.140
   320       2114  (Delta0)           -83   315   316   434   435     0     0     -0.270     -0.318   -743.257    743.258      1.329
   321      -2112  nbar0               83   315   316     0     0     0     0      0.063     -0.037   -196.213    196.215      0.940
   322        223  (omega)            -83   315   316   510   512     0     0     -0.052     -0.209     -8.048      8.089      0.779
   323       -211  pi-                 83   315   316     0     0     0     0      0.154      0.097     -1.303      1.323      0.140
   324        213  (rho+)             -83   315   316   436   437     0     0     -0.357     -0.169     -8.685      8.730      0.795
   325       -213  (rho-)             -83   315   316   438   439     0     0      0.253      0.324     -5.015      5.079      0.692
   326        211  pi+                 83   315   316     0     0     0     0      0.096     -0.214     -0.202      0.340      0.140
   327       -211  pi-                 83   315   316     0     0     0     0     -0.508     -0.121      0.030      0.541      0.140
   328        221  (eta)              -83   315   316   513   514     0     0      0.184      0.044     -0.688      0.900      0.548
   329        213  (rho+)             -84   315   316   440   441     0     0     -0.047      0.172      0.602      1.006      0.786
   330        111  (pi0)              -84   315   316   515   516     0     0     -0.483     -0.244      2.797      2.852      0.135
   331       -211  pi-                 84   315   316     0     0     0     0      0.187     -0.094      2.645      2.657      0.140
   332       3122  Lambda0             84   315   316     0     0     0     0      0.346      0.398     22.512     22.545      1.116
   333        321  K+                  84   315   316     0     0     0     0      0.352      0.127     22.227     22.236      0.494
   334      -2112  nbar0               84   315   316     0     0     0     0     -0.423     -0.354     80.245     80.253      0.940
   335        111  (pi0)              -84   315   316   517   519     0     0      0.225      0.241     51.496     51.497      0.135
   336       -211  pi-                 84   315   316     0     0     0     0      0.212     -0.185     63.135     63.136      0.140
   337        323  (K*+)              -84   315   316   442   443     0     0     -0.208      0.541    119.578    119.583      0.817
   338        221  (eta)              -84   315   316   520   522     0     0      0.242     -0.349    641.188    641.189      0.548
   339       -311  (Kbar0)            -84   315   316   444   444     0     0      0.496     -0.248   1153.536   1153.536      0.498
   340        111  (pi0)              -84   315   316   523   524     0     0     -0.196     -0.098    481.852    481.852      0.135
   341       2212  p+                  84   315   316     0     0     0     0      0.277      0.389    886.799    886.800      0.938
   342         21  (g)                -71   233   233   366   412   114   111     -0.577      0.427    -40.996     41.003      0.000
   343         21  (g)                -71   212   212   366   412   111   145     -0.985     -0.522    -57.406     57.417      0.000
   344         21  (g)                -71   217   217   366   412   145   121     -0.514     -0.002     -7.088      7.107      0.000
   345         21  (g)                -71   245   245   366   412   121   137     -1.791     -1.374    -26.014     26.112      0.200
   346         21  (g)                -71   210   210   366   412   137   144      0.306     -0.197     -4.135      4.151      0.000
   347         21  (g)                -71   184   184   366   412   144   133      0.973     -3.035    -20.918     21.159      0.000
   348         21  (g)                -71   191   191   366   412   133   108     -0.832     -1.448    -13.184     13.289      0.000
   349         21  (g)                -71   216   216   366   412   108   119     -1.163     -1.054     -5.396      5.620      0.000
   350         21  (g)                -71   224   224   366   412   119   131     -1.572     -0.509     -4.260      4.570      0.000
   351         21  (g)                -71   229   229   366   412   131   127     -1.538      0.211     -4.240      4.516      0.000
   352         21  (g)                -71   246   246   366   412   127   122     -1.826      0.590     -2.919      3.507      0.310
   353         21  (g)                -71   249   249   366   412   122   148     -2.447      1.330      0.548      2.888      0.530
   354         21  (g)                -71   206   206   366   412   148   110     -0.457      1.162      0.922      1.552      0.000
   355         21  (g)                -71   244   244   366   412   110   150     -0.641     -0.603      1.009      1.349      0.166
   356         21  (g)                -71   248   248   366   412   150   141     -0.197     -0.744      8.197      8.249      0.519
   357         21  (g)                -71   237   237   366   412   141   102      1.051     -0.232    112.346    112.351      0.000
   358         21  (g)                -71   195   195   366   412   102   132      0.261     -0.578    160.785    160.787      0.000
   359         21  (g)                -71   230   230   366   412   132   124      0.857      0.491   1528.408   1528.408      0.000
   360         21  (g)                -71   227   227   366   412   124   140     -0.466      0.336    562.296    562.297      0.000
   361         21  (g)                -71   247   247   366   412   140   125     -0.671      0.574    288.651    288.652      0.373
   362         21  (g)                -71   194   194   366   412   125   138     -0.722      0.375    104.755    104.758      0.000
   363          1  (d)                -71   182   182   366   412   138     0     -7.200      1.169    504.935    504.988      0.330
   364          2  (u)                -71   243   243   366   412   157     0      0.531      0.039   -469.420    469.421      0.330
   365          2  (u)                -71   242   242   366   412   156     0     -0.035      0.935  -4527.100   4527.101      0.330
   366        223  (omega)            -86   342   365   525   527     0     0      0.257      0.730  -3344.210   3344.210      0.781
   367        213  (rho+)             -86   342   365   445   446     0     0      0.142     -0.283   -676.359    676.359      0.677
   368       -213  (rho-)             -83   342   365   447   448     0     0     -5.770      1.077    440.078    440.118      0.797
   369       2212  p+                  83   342   365     0     0     0     0     -0.651     -0.207    115.813    115.819      0.938
   370        111  (pi0)              -83   342   365   528   529     0     0     -1.318      0.974    226.499    226.505      0.135
   371      -2214  (Deltabar-)        -83   342   365   449   450     0     0     -0.013      0.097    223.555    223.558      1.198
   372        113  (rho0)             -83   342   365   451   452     0     0     -0.218     -0.063    278.511    278.513      0.772
   373        211  pi+                 83   342   365     0     0     0     0     -0.249      0.773    373.079    373.080      0.140
   374        113  (rho0)             -83   342   365   453   454     0     0      0.019     -0.201    272.747    272.748      0.767
   375       -211  pi-                 83   342   365     0     0     0     0     -0.101     -0.313    351.813    351.813      0.140
   376        111  (pi0)              -83   342   365   530   531     0     0      0.174      0.325    199.964    199.965      0.135
   377        211  pi+                 83   342   365     0     0     0     0     -0.254     -0.071    220.869    220.870      0.140
   378       -211  pi-                 83   342   365     0     0     0     0      0.422      0.197    188.558    188.558      0.140
   379        111  (pi0)              -83   342   365   532   533     0     0      0.097      0.092     60.590     60.590      0.135
   380        213  (rho+)             -83   342   365   455   456     0     0     -0.052     -0.396    252.375    252.380      1.483
   381        111  (pi0)              -83   342   365   534   535     0     0      0.647     -0.724     44.603     44.614      0.135
   382        313  (K*0)              -83   342   365   457   458     0     0      0.303      0.385      8.801      8.861      0.908
   383       -321  K-                  83   342   365     0     0     0     0      0.190     -0.618      2.844      2.958      0.494
   384        211  pi+                 83   342   365     0     0     0     0     -0.474     -0.195      1.301      1.405      0.140
   385       -211  pi-                 83   342   365     0     0     0     0     -0.116      0.595      6.307      6.337      0.140
   386        111  (pi0)              -83   342   365   536   537     0     0     -0.440     -0.119      2.264      2.313      0.135
   387        211  pi+                 84   342   365     0     0     0     0      0.041     -0.164     -0.173      0.279      0.140
   388        223  (omega)            -84   342   365   538   540     0     0     -0.563      0.507      0.969      1.452      0.771
   389        111  (pi0)              -84   342   365   541   542     0     0     -0.133     -0.051      0.315      0.371      0.135
   390        113  (rho0)             -84   342   365   459   460     0     0     -0.830      0.444     -0.652      1.403      0.812
   391        221  (eta)              -84   342   365   543   544     0     0     -0.458      0.126     -0.080      0.729      0.548
   392        111  (pi0)              -84   342   365   545   546     0     0     -0.536      0.260      0.403      0.732      0.135
   393       -211  pi-                 84   342   365     0     0     0     0      0.238      0.384      0.141      0.493      0.140
   394        211  pi+                 84   342   365     0     0     0     0     -1.170      0.524     -0.075      1.292      0.140
   395        311  (K0)               -84   342   365   461   461     0     0     -0.227     -0.050     -0.963      1.109      0.498
   396       -313  (K*bar0)           -84   342   365   462   463     0     0     -2.882     -0.065     -5.665      6.418      0.890
   397       -211  pi-                 84   342   365     0     0     0     0     -0.529     -0.321     -4.916      4.956      0.140
   398        321  K+                  84   342   365     0     0     0     0     -0.849     -0.495     -5.579      5.687      0.494
   399       -323  (K*-)              -84   342   365   464   465     0     0     -0.814     -0.447     -4.551      4.757      1.024
   400        211  pi+                 84   342   365     0     0     0     0      0.327     -1.446     -6.967      7.125      0.140
   401       -211  pi-                 84   342   365     0     0     0     0     -0.486      0.012     -2.355      2.408      0.140
   402        223  (omega)            -84   342   365   547   549     0     0     -0.152     -1.659    -11.448     11.595      0.787
   403        111  (pi0)              -84   342   365   550   551     0     0      0.192     -0.448     -1.882      1.949      0.135
   404        111  (pi0)              -84   342   365   552   553     0     0     -0.758     -1.033    -16.557     16.607      0.135
   405        213  (rho+)             -84   342   365   466   467     0     0     -0.422     -0.803    -22.861     22.888      0.639
   406        223  (omega)            -84   342   365   554   556     0     0     -0.242      0.103     -9.792      9.827      0.780
   407       3112  Sigma-              84   342   365     0     0     0     0     -0.682     -0.139    -36.228     36.254      1.197
   408      -3112  Sigmabar+           84   342   365     0     0     0     0     -0.454     -0.856    -62.020     62.039      1.197
   409       -211  pi-                 84   342   365     0     0     0     0      0.006      0.287    -15.317     15.320      0.140
   410        113  (rho0)             -84   342   365   468   469     0     0     -1.238      0.206   -134.090    134.099      0.820
   411       2114  (Delta0)           -88   342   365   470   471     0     0      0.405      0.163   -763.915    763.916      1.127
   412        211  pi+                 84   342   365     0     0     0     0     -0.036      0.245    -55.970     55.970      0.140
   413        211  pi+                 91   265     0     0     0     0     0     -0.456     -0.335     -2.155      2.233      0.140
   414       -211  pi-                 91   265     0     0     0     0     0      0.352     -0.036     -0.741      0.833      0.140
   415        211  pi+                 91   276     0     0     0     0     0      0.993      1.119   -100.788    100.800      0.140
   416        111  (pi0)              -91   276     0   557   558     0     0      0.658      1.131    -55.400     55.415      0.135
   417        211  pi+                 91   277     0     0     0     0     0      0.094      0.339    -12.443     12.449      0.140
   418       -211  pi-                 91   277     0     0     0     0     0      0.558      0.062    -64.942     64.945      0.140
   419        211  pi+                 91   293     0     0     0     0     0      0.990     -0.884      3.283      3.544      0.140
   420       -211  pi-                 91   293     0     0     0     0     0      0.318      0.253      0.231      0.488      0.140
   421       -211  pi-                 91   299     0     0     0     0     0      0.759      0.284      4.555      4.628      0.140
   422        111  (pi0)              -91   299     0   559   560     0     0      0.329     -0.024      6.338      6.348      0.135
   423        310  K_S0                91   302   302     0     0     0     0     -0.222      0.488     63.869     63.873      0.498
   424       -311  (Kbar0)            -91   305     0   472   472     0     0      0.003      0.119      5.342      5.366      0.498
   425       -211  pi-                 91   305     0     0     0     0     0      0.295     -0.014      1.124      1.170      0.140
   426      -3122  Lambdabar0          91   306     0     0     0     0     0      0.016     -1.191      8.385      8.543      1.116
   427        111  (pi0)              -91   306     0   561   562     0     0     -0.033      0.062      1.015      1.026      0.135
   428        211  pi+                 91   308     0     0     0     0     0     -0.212     -0.300      0.460      0.605      0.140
   429        111  (pi0)              -91   308     0   563   564     0     0      0.059      0.207      0.032      0.256      0.135
   430       -321  K-                  91   313     0     0     0     0     0     -0.593     -0.275     -2.671      2.793      0.494
   431        211  pi+                 91   313     0     0     0     0     0      0.129      0.084     -0.669      0.700      0.140
   432       -211  pi-                 91   314     0     0     0     0     0     -1.115     -0.387     -5.009      5.148      0.140
   433        111  (pi0)              -91   314     0   565   566     0     0      0.070     -0.212     -0.792      0.834      0.135
   434       2112  n0                  91   320     0     0     0     0     0     -0.443     -0.293   -690.069    690.070      0.940
   435        111  (pi0)              -91   320     0   567   568     0     0      0.174     -0.025    -53.188     53.188      0.135
   436        211  pi+                 91   324     0     0     0     0     0     -0.262      0.127     -7.199      7.206      0.140
   437        111  (pi0)              -91   324     0   569   570     0     0     -0.095     -0.295     -1.486      1.524      0.135
   438       -211  pi-                 91   325     0     0     0     0     0     -0.018     -0.151     -2.099      2.109      0.140
   439        111  (pi0)              -91   325     0   571   572     0     0      0.271      0.476     -2.917      2.971      0.135
   440        211  pi+                 91   329     0     0     0     0     0      0.209      0.340      0.502      0.657      0.140
   441        111  (pi0)              -91   329     0   573   574     0     0     -0.256     -0.168      0.100      0.350      0.135
   442        311  (K0)               -91   337     0   473   473     0     0     -0.200      0.127     56.605     56.608      0.498
   443        211  pi+                 91   337     0     0     0     0     0     -0.009      0.414     62.974     62.975      0.140
   444        310  K_S0                91   339   339     0     0     0     0      0.496     -0.248   1153.536   1153.536      0.498
   445        211  pi+                 91   367     0     0     0     0     0     -0.097     -0.177    -88.978     88.978      0.140
   446        111  (pi0)              -91   367     0   575   576     0     0      0.240     -0.106   -587.381    587.381      0.135
   447       -211  pi-                 91   368     0     0     0     0     0     -5.613      1.020    426.253    426.292      0.140
   448        111  (pi0)              -91   368     0   577   578     0     0     -0.158      0.056     13.824     13.826      0.135
   449      -2212  pbar-               91   371     0     0     0     0     0      0.170      0.033    165.047    165.050      0.938
   450        111  (pi0)              -91   371     0   579   580     0     0     -0.183      0.064     58.507     58.508      0.135
   451        211  pi+                 91   372     0     0     0     0     0     -0.273      0.085     47.391     47.392      0.140
   452       -211  pi-                 91   372     0     0     0     0     0      0.055     -0.148    231.120    231.120      0.140
   453        211  pi+                 91   374     0     0     0     0     0      0.050     -0.272    259.600    259.600      0.140
   454       -211  pi-                 91   374     0     0     0     0     0     -0.031      0.071     13.147     13.148      0.140
   455        211  pi+                 91   380     0     0     0     0     0     -0.730     -0.309    108.270    108.273      0.140
   456        111  (pi0)              -91   380     0   581   582     0     0      0.678     -0.087    144.105    144.107      0.135
   457        321  K+                  91   382     0     0     0     0     0      0.260      0.569      6.691      6.738      0.494
   458       -211  pi-                 91   382     0     0     0     0     0      0.043     -0.184      2.110      2.123      0.140
   459        211  pi+                 91   390     0     0     0     0     0     -0.220      0.193      0.149      0.357      0.140
   460       -211  pi-                 91   390     0     0     0     0     0     -0.610      0.251     -0.800      1.046      0.140
   461        310  K_S0                91   395   395     0     0     0     0     -0.227     -0.050     -0.963      1.109      0.498
   462       -311  (Kbar0)            -91   396     0   474   474     0     0     -1.244      0.146     -2.831      3.136      0.498
   463        111  (pi0)              -91   396     0   583   584     0     0     -1.638     -0.211     -2.834      3.283      0.135
   464       -311  (Kbar0)            -91   399     0   475   475     0     0     -0.314      0.130     -2.157      2.239      0.498
   465       -211  pi-                 91   399     0     0     0     0     0     -0.500     -0.577     -2.395      2.518      0.140
   466        211  pi+                 91   405     0     0     0     0     0      0.134     -0.201     -5.495      5.502      0.140
   467        111  (pi0)              -91   405     0   585   586     0     0     -0.556     -0.602    -17.366     17.386      0.135
   468        211  pi+                 91   410     0     0     0     0     0     -0.206     -0.081     -9.241      9.244      0.140
   469       -211  pi-                 91   410     0     0     0     0     0     -1.032      0.287   -124.850    124.855      0.140
   470       2112  n0                  91   411     0     0     0     0     0      0.413      0.043   -650.394    650.394      0.940
   471        111  (pi0)              -91   411     0   587   588     0     0     -0.008      0.120   -113.521    113.521      0.135
   472        130  K_L0                91   424   424     0     0     0     0      0.003      0.119      5.342      5.366      0.498
   473        310  K_S0                91   442   442     0     0     0     0     -0.200      0.127     56.605     56.608      0.498
   474        130  K_L0                91   462   462     0     0     0     0     -1.244      0.146     -2.831      3.136      0.498
   475        130  K_L0                91   464   464     0     0     0     0     -0.314      0.130     -2.157      2.239      0.498
   476         22  gamma               91   258     0     0     0     0     0      0.536      0.220     -1.428      1.541      0.000
   477         22  gamma               91   258     0     0     0     0     0      0.030     -0.020     -0.077      0.085      0.000
   478        211  pi+                 91   260     0     0     0     0     0      0.146      0.011      0.027      0.204      0.140
   479       -211  pi-                 91   260     0     0     0     0     0      0.358     -0.085     -0.339      0.519      0.140
   480        111  (pi0)              -91   260     0   589   590     0     0      0.143     -0.021     -0.054      0.205      0.135
   481        211  pi+                 91   267     0     0     0     0     0      0.495      0.149     -2.127      2.193      0.140
   482       -211  pi-                 91   267     0     0     0     0     0      0.268      0.058     -0.379      0.488      0.140
   483        111  (pi0)              -91   267     0   591   592     0     0     -0.034     -0.026     -0.421      0.444      0.135
   484         22  gamma               91   268     0     0     0     0     0      0.756      0.999     -1.409      1.885      0.000
   485         22  gamma               91   268     0     0     0     0     0      0.161      0.187     -0.198      0.317      0.000
   486         22  gamma               91   269     0     0     0     0     0      0.831      1.068     -2.161      2.549      0.000
   487         22  gamma               91   269     0     0     0     0     0      0.796      0.822     -1.812      2.143      0.000
   488        211  pi+                 91   282     0     0     0     0     0      0.024     -0.264     -0.290      0.416      0.140
   489       -211  pi-                 91   282     0     0     0     0     0      0.031      0.009     -0.694      0.709      0.140
   490        111  (pi0)              -91   282     0   593   594     0     0     -0.047     -0.474     -1.428      1.511      0.135
   491         22  gamma               91   283     0     0     0     0     0      0.460     -0.631     -3.101      3.198      0.000
   492         22  gamma               91   283     0     0     0     0     0      0.154     -0.106     -0.826      0.847      0.000
   493        211  pi+                 91   292     0     0     0     0     0      0.155     -0.376      0.214      0.481      0.140
   494       -211  pi-                 91   292     0     0     0     0     0     -0.240     -0.319      0.277      0.506      0.140
   495        111  (pi0)              -91   292     0   595   596     0     0      0.103     -0.147      0.442      0.496      0.135
   496        211  pi+                 91   294     0     0     0     0     0      0.151     -0.375      1.003      1.091      0.140
   497       -211  pi-                 91   294     0     0     0     0     0      0.093     -0.052      0.574      0.601      0.140
   498        111  (pi0)              -91   294     0   597   598     0     0      0.231     -0.570      0.597      0.868      0.135
   499         22  gamma               91   295     0     0     0     0     0      0.012     -0.024      0.066      0.071      0.000
   500         22  gamma               91   295     0     0     0     0     0      0.655     -0.045      1.887      1.998      0.000
   501        211  pi+                 91   296     0     0     0     0     0      1.002      0.148      5.470      5.565      0.140
   502       -211  pi-                 91   296     0     0     0     0     0      1.031     -0.139      6.324      6.411      0.140
   503        111  (pi0)              -91   296     0   599   600     0     0      0.161      0.135      1.901      1.918      0.135
   504         22  gamma               91   298     0     0     0     0     0      0.024     -0.427      1.485      1.545      0.000
   505         22  gamma               91   298     0     0     0     0     0      0.600     -0.576      5.060      5.127      0.000
   506         22  gamma               91   301     0     0     0     0     0      0.372      0.068      4.629      4.645      0.000
   507         22  gamma               91   301     0     0     0     0     0      0.114     -0.132     11.520     11.521      0.000
   508         22  gamma               91   307     0     0     0     0     0      0.101      0.385      0.547      0.676      0.000
   509         22  gamma               91   307     0     0     0     0     0      0.005      0.741      1.020      1.261      0.000
   510        211  pi+                 91   322     0     0     0     0     0      0.079      0.043     -3.920      3.923      0.140
   511       -211  pi-                 91   322     0     0     0     0     0     -0.206     -0.002     -2.321      2.334      0.140
   512        111  (pi0)              -91   322     0   601   602     0     0      0.076     -0.249     -1.807      1.831      0.135
   513         22  gamma               91   328     0     0     0     0     0      0.169     -0.076      0.015      0.186      0.000
   514         22  gamma               91   328     0     0     0     0     0      0.015      0.120     -0.703      0.714      0.000
   515         22  gamma               91   330     0     0     0     0     0     -0.222     -0.069      0.921      0.950      0.000
   516         22  gamma               91   330     0     0     0     0     0     -0.261     -0.175      1.876      1.902      0.000
   517         22  gamma               91   335     0     0     0     0     0     -0.008     -0.005      0.457      0.457      0.000
   518         11  e-                  91   335     0     0     0     0     0      0.152      0.147     32.707     32.707      0.001
   519        -11  e+                  91   335     0     0     0     0     0      0.081      0.099     18.333     18.333      0.001
   520        211  pi+                 91   338     0     0     0     0     0      0.180     -0.215    231.016    231.016      0.140
   521       -211  pi-                 91   338     0     0     0     0     0      0.124     -0.075    196.653    196.653      0.140
   522        111  (pi0)              -91   338     0   603   604     0     0     -0.061     -0.059    213.519    213.519      0.135
   523         22  gamma               91   340     0     0     0     0     0     -0.171     -0.022    369.744    369.744      0.000
   524         22  gamma               91   340     0     0     0     0     0     -0.025     -0.076    112.108    112.108      0.000
   525        211  pi+                 91   366     0     0     0     0     0      0.139      0.608  -1917.363   1917.364      0.140
   526       -211  pi-                 91   366     0     0     0     0     0      0.147     -0.029  -1038.947   1038.947      0.140
   527        111  (pi0)              -91   366     0   605   606     0     0     -0.028      0.151   -387.900    387.900      0.135
   528         22  gamma               91   370     0     0     0     0     0     -0.948      0.669    167.651    167.655      0.000
   529         22  gamma               91   370     0     0     0     0     0     -0.371      0.305     58.848     58.850      0.000
   530         22  gamma               91   376     0     0     0     0     0      0.037      0.133     46.678     46.678      0.000
   531         22  gamma               91   376     0     0     0     0     0      0.136      0.192    153.287    153.287      0.000
   532         22  gamma               91   379     0     0     0     0     0      0.083     -0.003     38.615     38.615      0.000
   533         22  gamma               91   379     0     0     0     0     0      0.014      0.095     21.975     21.975      0.000
   534         22  gamma               91   381     0     0     0     0     0      0.041     -0.054      5.057      5.057      0.000
   535         22  gamma               91   381     0     0     0     0     0      0.606     -0.670     39.546     39.557      0.000
   536         22  gamma               91   386     0     0     0     0     0     -0.013     -0.039      0.197      0.201      0.000
   537         22  gamma               91   386     0     0     0     0     0     -0.427     -0.080      2.067      2.112      0.000
   538        211  pi+                 91   388     0     0     0     0     0     -0.218     -0.055      0.245      0.361      0.140
   539       -211  pi-                 91   388     0     0     0     0     0     -0.323      0.414      0.703      0.888      0.140
   540        111  (pi0)              -91   388     0   607   608     0     0     -0.022      0.148      0.021      0.203      0.135
   541         22  gamma               91   389     0     0     0     0     0     -0.040      0.036      0.036      0.065      0.000
   542         22  gamma               91   389     0     0     0     0     0     -0.093     -0.087      0.279      0.307      0.000
   543         22  gamma               91   391     0     0     0     0     0     -0.056      0.045      0.214      0.225      0.000
   544         22  gamma               91   391     0     0     0     0     0     -0.402      0.081     -0.293      0.504      0.000
   545         22  gamma               91   392     0     0     0     0     0     -0.044     -0.016      0.036      0.059      0.000
   546         22  gamma               91   392     0     0     0     0     0     -0.492      0.276      0.367      0.673      0.000
   547        211  pi+                 91   402     0     0     0     0     0      0.022     -0.524     -2.517      2.575      0.140
   548       -211  pi-                 91   402     0     0     0     0     0     -0.125     -1.104     -7.817      7.897      0.140
   549        111  (pi0)              -91   402     0   609   610     0     0     -0.048     -0.031     -1.113      1.123      0.135
   550         22  gamma               91   403     0     0     0     0     0      0.196     -0.302     -1.360      1.407      0.000
   551         22  gamma               91   403     0     0     0     0     0     -0.003     -0.146     -0.523      0.543      0.000
   552         22  gamma               91   404     0     0     0     0     0     -0.530     -0.697    -12.066     12.098      0.000
   553         22  gamma               91   404     0     0     0     0     0     -0.227     -0.336     -4.491      4.509      0.000
   554        211  pi+                 91   406     0     0     0     0     0      0.067     -0.048     -3.206      3.210      0.140
   555       -211  pi-                 91   406     0     0     0     0     0     -0.010      0.245     -2.404      2.420      0.140
   556        111  (pi0)              -91   406     0   611   612     0     0     -0.299     -0.095     -4.183      4.197      0.135
   557         22  gamma               91   416     0     0     0     0     0      0.571      0.948    -44.722     44.736      0.000
   558         22  gamma               91   416     0     0     0     0     0      0.087      0.183    -10.678     10.680      0.000
   559         22  gamma               91   422     0     0     0     0     0      0.051      0.028      1.971      1.972      0.000
   560         22  gamma               91   422     0     0     0     0     0      0.278     -0.052      4.367      4.376      0.000
   561         22  gamma               91   427     0     0     0     0     0     -0.041     -0.026      0.165      0.172      0.000
   562         22  gamma               91   427     0     0     0     0     0      0.008      0.087      0.850      0.854      0.000
   563         22  gamma               91   429     0     0     0     0     0      0.076      0.039      0.011      0.086      0.000
   564         22  gamma               91   429     0     0     0     0     0     -0.016      0.168      0.021      0.170      0.000
   565         22  gamma               91   433     0     0     0     0     0      0.027     -0.003     -0.250      0.251      0.000
   566         22  gamma               91   433     0     0     0     0     0      0.043     -0.209     -0.542      0.582      0.000
   567         22  gamma               91   435     0     0     0     0     0      0.138     -0.013    -21.972     21.973      0.000
   568         22  gamma               91   435     0     0     0     0     0      0.035     -0.012    -31.216     31.216      0.000
   569         22  gamma               91   437     0     0     0     0     0      0.008     -0.187     -0.901      0.920      0.000
   570         22  gamma               91   437     0     0     0     0     0     -0.103     -0.109     -0.585      0.604      0.000
   571         22  gamma               91   439     0     0     0     0     0      0.285      0.430     -2.698      2.747      0.000
   572         22  gamma               91   439     0     0     0     0     0     -0.014      0.046     -0.218      0.223      0.000
   573         22  gamma               91   441     0     0     0     0     0     -0.131     -0.009      0.050      0.141      0.000
   574         22  gamma               91   441     0     0     0     0     0     -0.125     -0.160      0.050      0.209      0.000
   575         22  gamma               91   446     0     0     0     0     0      0.077      0.008   -276.286    276.286      0.000
   576         22  gamma               91   446     0     0     0     0     0      0.162     -0.113   -311.096    311.096      0.000
   577         22  gamma               91   448     0     0     0     0     0     -0.060     -0.042      3.662      3.662      0.000
   578         22  gamma               91   448     0     0     0     0     0     -0.098      0.098     10.163     10.164      0.000
   579         22  gamma               91   450     0     0     0     0     0     -0.065     -0.004      7.054      7.055      0.000
   580         22  gamma               91   450     0     0     0     0     0     -0.118      0.068     51.453     51.453      0.000
   581         22  gamma               91   456     0     0     0     0     0      0.128      0.021     35.672     35.672      0.000
   582         22  gamma               91   456     0     0     0     0     0      0.550     -0.108    108.433    108.435      0.000
   583         22  gamma               91   463     0     0     0     0     0     -0.457     -0.013     -0.705      0.840      0.000
   584         22  gamma               91   463     0     0     0     0     0     -1.182     -0.198     -2.129      2.443      0.000
   585         22  gamma               91   467     0     0     0     0     0     -0.538     -0.607    -17.074     17.093      0.000
   586         22  gamma               91   467     0     0     0     0     0     -0.018      0.005     -0.292      0.293      0.000
   587         22  gamma               91   471     0     0     0     0     0      0.055      0.016    -43.643     43.644      0.000
   588         22  gamma               91   471     0     0     0     0     0     -0.063      0.104    -69.878     69.878      0.000
   589         22  gamma               91   480     0     0     0     0     0      0.143     -0.011     -0.088      0.168      0.000
   590         22  gamma               91   480     0     0     0     0     0     -0.000     -0.010      0.035      0.036      0.000
   591         22  gamma               91   483     0     0     0     0     0     -0.039      0.013     -0.395      0.397      0.000
   592         22  gamma               91   483     0     0     0     0     0      0.005     -0.039     -0.026      0.047      0.000
   593         22  gamma               91   490     0     0     0     0     0     -0.032     -0.116     -0.551      0.564      0.000
   594         22  gamma               91   490     0     0     0     0     0     -0.015     -0.358     -0.877      0.948      0.000
   595         22  gamma               91   495     0     0     0     0     0      0.103     -0.148      0.276      0.329      0.000
   596         22  gamma               91   495     0     0     0     0     0      0.000      0.001      0.166      0.166      0.000
   597         22  gamma               91   498     0     0     0     0     0     -0.001     -0.008      0.047      0.048      0.000
   598         22  gamma               91   498     0     0     0     0     0      0.232     -0.562      0.550      0.820      0.000
   599         22  gamma               91   503     0     0     0     0     0      0.094      0.127      0.874      0.888      0.000
   600         22  gamma               91   503     0     0     0     0     0      0.066      0.009      1.028      1.030      0.000
   601         22  gamma               91   512     0     0     0     0     0     -0.031     -0.129     -0.780      0.791      0.000
   602         22  gamma               91   512     0     0     0     0     0      0.106     -0.121     -1.027      1.040      0.000
   603         22  gamma               91   522     0     0     0     0     0     -0.091     -0.023     86.872     86.872      0.000
   604         22  gamma               91   522     0     0     0     0     0      0.030     -0.036    126.647    126.647      0.000
   605         22  gamma               91   527     0     0     0     0     0      0.054      0.051   -133.078    133.078      0.000
   606         22  gamma               91   527     0     0     0     0     0     -0.083      0.101   -254.822    254.822      0.000
   607         22  gamma               91   540     0     0     0     0     0     -0.044      0.135     -0.030      0.145      0.000
   608         22  gamma               91   540     0     0     0     0     0      0.023      0.013      0.051      0.057      0.000
   609         22  gamma               91   549     0     0     0     0     0     -0.083     -0.058     -0.789      0.796      0.000
   610         22  gamma               91   549     0     0     0     0     0      0.035      0.028     -0.324      0.327      0.000
   611         22  gamma               91   556     0     0     0     0     0     -0.081      0.032     -1.302      1.305      0.000
   612         22  gamma               91   556     0     0     0     0     0     -0.218     -0.127     -2.880      2.891      0.000
                                   Charge sum:  2.000           Momentum sum:     -0.000      0.000      0.000  14000.000  14000.000

 --------  End PYTHIA Event Listing  -----------------------------------------------------------------------------------------------
 PYTHIA Error in StringFragmentation::fragment: stuck in joining  
 PYTHIA Error in Pythia::next: hadronLevel failed; try again  
 PYTHIA Warning in Pythia::check: not quite matched particle energy/momentum/mass  

 Pythia::next(): 1000 events have been generated 
 PYTHIA Warning in StringFragmentation::fragmentToJunction: bad convergence junction rest frame  

 Pythia::next(): 2000 events have been generated 
 PYTHIA Warning in Pythia::check: energy-momentum not quite conserved  
 PYTHIA Warning in SimpleSpaceShower::pT2nextQCD: weight above unity  

 Pythia::next(): 3000 events have been generated 

 Pythia::next(): 4000 events have been generated 

 Pythia::next(): 5000 events have been generated 
